#
# There is insufficient memory for the Java Runtime Environment to continue.
# Native memory allocation (malloc) failed to allocate 925296 bytes for Chunk::new
# Possible reasons:
#   The system is out of physical RAM or swap space
#   The process is running with CompressedOops enabled, and the Java Heap may be blocking the growth of the native heap
# Possible solutions:
#   Reduce memory load on the system
#   Increase physical memory or swap space
#   Check if swap backing store is full
#   Decrease Java heap size (-Xmx/-Xms)
#   Decrease number of Java threads
#   Decrease Java thread stack sizes (-Xss)
#   Set larger code cache with -XX:ReservedCodeCacheSize=
#   JVM is running with Unscaled Compressed Oops mode in which the Java heap is
#     placed in the first 4GB address space. The Java Heap base address is the
#     maximum limit for the native heap growth. Please use -XX:HeapBaseMinAddress
#     to set the Java Heap base and to place the Java Heap above 4GB virtual address.
# This output file may be truncated or incomplete.
#
#  Out of Memory Error (allocation.cpp:389), pid=8328, tid=0x0000000000000270
#
# JRE version: OpenJDK Runtime Environment (8.0_242-b01) (build 1.8.0_242-release-1644-b01)
# Java VM: OpenJDK 64-Bit Server VM (25.242-b01 mixed mode windows-amd64 compressed oops)
# Failed to write core dump. Minidumps are not enabled by default on client versions of Windows
#

---------------  T H R E A D  ---------------

Current thread (0x0000000017b28000):  JavaThread "C2 CompilerThread0" daemon [_thread_in_native, id=624, stack(0x0000000019180000,0x0000000019280000)]

Stack: [0x0000000019180000,0x0000000019280000]
[error occurred during error reporting (printing stack bounds), id 0xc0000005]

Native frames: (J=compiled Java code, j=interpreted, Vv=VM code, C=native code)


Current CompileTask:
C2:  49348 14682   !   4       java.io.ObjectInputStream::readObject0 (671 bytes)


---------------  P R O C E S S  ---------------

Java Threads: ( => current thread )
  0x000000001f50e800 JavaThread "RMI TCP Connection(1)-127.0.0.1" daemon [_thread_in_native, id=28172, stack(0x0000000031ba0000,0x0000000031ca0000)]
  0x000000001f50b800 JavaThread "RMI Reaper" [_thread_blocked, id=7060, stack(0x0000000031aa0000,0x0000000031ba0000)]
  0x000000001f50a800 JavaThread "RMI TCP Accept-0" daemon [_thread_in_native, id=29268, stack(0x00000000319a0000,0x0000000031aa0000)]
  0x000000001f50d000 JavaThread "GC Daemon" daemon [_thread_blocked, id=7488, stack(0x00000000318a0000,0x00000000319a0000)]
  0x000000001f50a000 JavaThread "RMI RenewClean-[127.0.0.1:17363,org.jetbrains.kotlin.daemon.common.LoopbackNetworkInterface$ClientLoopbackSocketFactory@1bb6ae31]" daemon [_thread_blocked, id=14940, stack(0x00000000317a0000,0x00000000318a0000)]
  0x000000001f505800 JavaThread "RMI Scheduler(0)" daemon [_thread_blocked, id=10292, stack(0x00000000316a0000,0x00000000317a0000)]
  0x000000001f509000 JavaThread "WorkerExecutor Queue Thread 6" [_thread_blocked, id=31968, stack(0x00000000312a0000,0x00000000313a0000)]
  0x000000001f508800 JavaThread "WorkerExecutor Queue Thread 5" [_thread_blocked, id=31928, stack(0x00000000311a0000,0x00000000312a0000)]
  0x000000001f501000 JavaThread "stdout" [_thread_in_native, id=7852, stack(0x0000000030ea0000,0x0000000030fa0000)]
  0x000000001f507000 JavaThread "stderr" [_thread_in_native, id=4996, stack(0x0000000030da0000,0x0000000030ea0000)]
  0x000000001f501800 JavaThread "stdout" [_thread_in_native, id=28240, stack(0x0000000030ca0000,0x0000000030da0000)]
  0x000000001f504000 JavaThread "stderr" [_thread_in_native, id=28384, stack(0x0000000030ba0000,0x0000000030ca0000)]
  0x000000001f504800 JavaThread "stdout" [_thread_in_native, id=21284, stack(0x0000000030aa0000,0x0000000030ba0000)]
  0x000000001f503000 JavaThread "stderr" [_thread_in_native, id=25244, stack(0x00000000309a0000,0x0000000030aa0000)]
  0x0000000022e71800 JavaThread "stdout" [_thread_in_native, id=31552, stack(0x00000000308a0000,0x00000000309a0000)]
  0x0000000022e71000 JavaThread "stderr" [_thread_in_native, id=10788, stack(0x00000000307a0000,0x00000000308a0000)]
  0x0000000022e70000 JavaThread "pool-2-thread-1" [_thread_blocked, id=23136, stack(0x00000000306a0000,0x00000000307a0000)]
  0x0000000022e67000 JavaThread "WorkerExecutor Queue" [_thread_blocked, id=6640, stack(0x000000002e940000,0x000000002ea40000)]
  0x0000000022e6a000 JavaThread "Cache worker for execution history cache (C:\Users\kishorek\Desktop\AndroidStudioProjects\ShieldSecuritySystem\.gradle\6.5\executionHistory)" [_thread_blocked, id=27376, stack(0x000000002d490000,0x000000002d590000)]
  0x0000000022e62800 JavaThread "Execution worker for ':' Thread 3" [_thread_in_native, id=28612, stack(0x000000002d390000,0x000000002d490000)]
  0x0000000022e65800 JavaThread "Execution worker for ':' Thread 2" [_thread_blocked, id=29832, stack(0x000000002d290000,0x000000002d390000)]
  0x0000000022e66800 JavaThread "Execution worker for ':'" [_thread_blocked, id=19488, stack(0x000000002d190000,0x000000002d290000)]
  0x0000000022e69800 JavaThread "Cache worker for file content cache (C:\Users\kishorek\Desktop\AndroidStudioProjects\ShieldSecuritySystem\.gradle\6.5\fileContent)" [_thread_blocked, id=17440, stack(0x000000002c7c0000,0x000000002c8c0000)]
  0x0000000022e68000 JavaThread "Memory manager" [_thread_blocked, id=12720, stack(0x000000002c6c0000,0x000000002c7c0000)]
  0x000000001adef800 JavaThread "Cache worker for Build Output Cleanup Cache (C:\Users\kishorek\Desktop\AndroidStudioProjects\ShieldSecuritySystem\.gradle\buildOutputCleanup)" [_thread_blocked, id=23880, stack(0x000000002afd0000,0x000000002b0d0000)]
  0x000000001adee800 JavaThread "jar transforms Thread 116" [_thread_blocked, id=15056, stack(0x000000002acd0000,0x000000002add0000)]
  0x000000001adee000 JavaThread "jar transforms Thread 115" [_thread_blocked, id=32252, stack(0x000000002abd0000,0x000000002acd0000)]
  0x000000001adf1000 JavaThread "jar transforms Thread 114" [_thread_blocked, id=8516, stack(0x000000002aad0000,0x000000002abd0000)]
  0x000000001aded000 JavaThread "jar transforms Thread 113" [_thread_blocked, id=31516, stack(0x000000002a9d0000,0x000000002aad0000)]
  0x000000001ade5800 JavaThread "jar transforms Thread 112" [_thread_blocked, id=20456, stack(0x000000002a8d0000,0x000000002a9d0000)]
  0x000000001adec800 JavaThread "jar transforms Thread 111" [_thread_blocked, id=8688, stack(0x000000002a7d0000,0x000000002a8d0000)]
  0x000000001adeb000 JavaThread "jar transforms Thread 110" [_thread_blocked, id=20764, stack(0x000000002a6d0000,0x000000002a7d0000)]
  0x000000001ade6800 JavaThread "jar transforms Thread 109" [_thread_blocked, id=21412, stack(0x000000002a5d0000,0x000000002a6d0000)]
  0x000000001adeb800 JavaThread "jar transforms Thread 108" [_thread_blocked, id=14472, stack(0x000000002a4d0000,0x000000002a5d0000)]
  0x000000001ade8000 JavaThread "jar transforms Thread 107" [_thread_blocked, id=6000, stack(0x000000002a3d0000,0x000000002a4d0000)]
  0x000000001ade9800 JavaThread "jar transforms Thread 106" [_thread_blocked, id=18980, stack(0x000000002a2d0000,0x000000002a3d0000)]
  0x000000001adea000 JavaThread "jar transforms Thread 105" [_thread_blocked, id=27336, stack(0x000000002a1d0000,0x000000002a2d0000)]
  0x000000001ade3800 JavaThread "jar transforms Thread 104" [_thread_blocked, id=19776, stack(0x000000002a0d0000,0x000000002a1d0000)]
  0x000000001ade5000 JavaThread "jar transforms Thread 103" [_thread_blocked, id=32552, stack(0x0000000029fd0000,0x000000002a0d0000)]
  0x000000001ade4000 JavaThread "jar transforms Thread 102" [_thread_blocked, id=26148, stack(0x0000000029ed0000,0x0000000029fd0000)]
  0x000000001ade8800 JavaThread "jar transforms Thread 101" [_thread_blocked, id=14168, stack(0x0000000029dd0000,0x0000000029ed0000)]
  0x000000001ade2000 JavaThread "jar transforms Thread 100" [_thread_blocked, id=13376, stack(0x0000000029cd0000,0x0000000029dd0000)]
  0x000000001ade2800 JavaThread "jar transforms Thread 99" [_thread_blocked, id=14064, stack(0x0000000029bd0000,0x0000000029cd0000)]
  0x000000001ade7000 JavaThread "jar transforms Thread 98" [_thread_blocked, id=13580, stack(0x0000000029ad0000,0x0000000029bd0000)]
  0x000000001a6c4000 JavaThread "jar transforms Thread 97" [_thread_blocked, id=24792, stack(0x00000000298d0000,0x00000000299d0000)]
  0x000000001a6c1800 JavaThread "jar transforms Thread 96" [_thread_blocked, id=6600, stack(0x00000000297d0000,0x00000000298d0000)]
  0x000000001a6c3000 JavaThread "jar transforms Thread 95" [_thread_blocked, id=13984, stack(0x00000000296d0000,0x00000000297d0000)]
  0x000000001a6c1000 JavaThread "jar transforms Thread 94" [_thread_blocked, id=10580, stack(0x00000000295d0000,0x00000000296d0000)]
  0x000000001a6c0000 JavaThread "jar transforms Thread 93" [_thread_blocked, id=13656, stack(0x00000000294d0000,0x00000000295d0000)]
  0x000000001a6c4800 JavaThread "jar transforms Thread 92" [_thread_blocked, id=29988, stack(0x00000000293d0000,0x00000000294d0000)]
  0x000000001a6c2800 JavaThread "jar transforms Thread 91" [_thread_blocked, id=11268, stack(0x00000000292d0000,0x00000000293d0000)]
  0x000000001a6bf800 JavaThread "jar transforms Thread 90" [_thread_blocked, id=7624, stack(0x00000000291d0000,0x00000000292d0000)]
  0x000000001a6b7800 JavaThread "jar transforms Thread 89" [_thread_blocked, id=25608, stack(0x00000000290d0000,0x00000000291d0000)]
  0x000000001a6be800 JavaThread "jar transforms Thread 88" [_thread_blocked, id=10532, stack(0x0000000028fd0000,0x00000000290d0000)]
  0x000000001a6b8800 JavaThread "jar transforms Thread 87" [_thread_blocked, id=13460, stack(0x0000000028ed0000,0x0000000028fd0000)]
  0x000000001a6be000 JavaThread "jar transforms Thread 86" [_thread_blocked, id=24860, stack(0x0000000028dd0000,0x0000000028ed0000)]
  0x000000001a6b6000 JavaThread "jar transforms Thread 85" [_thread_blocked, id=13316, stack(0x0000000028cd0000,0x0000000028dd0000)]
  0x000000001a6b9800 JavaThread "jar transforms Thread 84" [_thread_blocked, id=3320, stack(0x0000000028bd0000,0x0000000028cd0000)]
  0x000000001a6bb000 JavaThread "jar transforms Thread 83" [_thread_blocked, id=13816, stack(0x0000000028ad0000,0x0000000028bd0000)]
  0x000000001a6bd000 JavaThread "jar transforms Thread 82" [_thread_blocked, id=14252, stack(0x00000000289d0000,0x0000000028ad0000)]
  0x000000001a6ba000 JavaThread "jar transforms Thread 81" [_thread_blocked, id=15444, stack(0x00000000288d0000,0x00000000289d0000)]
  0x000000001a6bc800 JavaThread "jar transforms Thread 80" [_thread_blocked, id=26176, stack(0x00000000287d0000,0x00000000288d0000)]
  0x000000001a6bb800 JavaThread "jar transforms Thread 79" [_thread_blocked, id=9392, stack(0x00000000286d0000,0x00000000287d0000)]
  0x000000001a6b7000 JavaThread "jar transforms Thread 78" [_thread_blocked, id=29652, stack(0x00000000285d0000,0x00000000286d0000)]
  0x000000001a6b5800 JavaThread "jar transforms Thread 77" [_thread_blocked, id=18352, stack(0x00000000284d0000,0x00000000285d0000)]
  0x000000001bcbe800 JavaThread "jar transforms Thread 76" [_thread_blocked, id=18860, stack(0x00000000283d0000,0x00000000284d0000)]
  0x000000001bcbd000 JavaThread "jar transforms Thread 75" [_thread_blocked, id=32348, stack(0x00000000282d0000,0x00000000283d0000)]
  0x000000001bcbd800 JavaThread "jar transforms Thread 74" [_thread_blocked, id=27012, stack(0x00000000281d0000,0x00000000282d0000)]
  0x000000001bcba000 JavaThread "jar transforms Thread 73" [_thread_blocked, id=16704, stack(0x00000000280d0000,0x00000000281d0000)]
  0x000000001bcb9000 JavaThread "jar transforms Thread 72" [_thread_blocked, id=31104, stack(0x0000000027fd0000,0x00000000280d0000)]
  0x000000001bcbc000 JavaThread "jar transforms Thread 71" [_thread_blocked, id=26240, stack(0x0000000027ed0000,0x0000000027fd0000)]
  0x000000001bcbf000 JavaThread "jar transforms Thread 70" [_thread_blocked, id=30908, stack(0x0000000027dd0000,0x0000000027ed0000)]
  0x000000001bcbb800 JavaThread "jar transforms Thread 69" [_thread_blocked, id=22564, stack(0x0000000027cd0000,0x0000000027dd0000)]
  0x000000001bcba800 JavaThread "jar transforms Thread 68" [_thread_blocked, id=26676, stack(0x0000000027bd0000,0x0000000027cd0000)]
  0x000000001bcb1800 JavaThread "jar transforms Thread 67" [_thread_blocked, id=22904, stack(0x0000000027ad0000,0x0000000027bd0000)]
  0x000000001bcb8800 JavaThread "jar transforms Thread 66" [_thread_blocked, id=8456, stack(0x00000000279d0000,0x0000000027ad0000)]
  0x000000001bcb7800 JavaThread "jar transforms Thread 65" [_thread_blocked, id=7272, stack(0x00000000278d0000,0x00000000279d0000)]
  0x000000001bcb0000 JavaThread "jar transforms Thread 64" [_thread_blocked, id=14000, stack(0x00000000277d0000,0x00000000278d0000)]
  0x000000001bcb6000 JavaThread "jar transforms Thread 63" [_thread_blocked, id=4608, stack(0x00000000276d0000,0x00000000277d0000)]
  0x000000001bcb4800 JavaThread "jar transforms Thread 62" [_thread_blocked, id=23916, stack(0x00000000275d0000,0x00000000276d0000)]
  0x000000001bcb5800 JavaThread "jar transforms Thread 61" [_thread_blocked, id=8948, stack(0x00000000274d0000,0x00000000275d0000)]
  0x000000001bcb4000 JavaThread "jar transforms Thread 60" [_thread_blocked, id=32580, stack(0x00000000273d0000,0x00000000274d0000)]
  0x000000001bcb2800 JavaThread "jar transforms Thread 59" [_thread_blocked, id=23284, stack(0x00000000272d0000,0x00000000273d0000)]
  0x000000001bcb3000 JavaThread "jar transforms Thread 58" [_thread_blocked, id=28692, stack(0x00000000271d0000,0x00000000272d0000)]
  0x000000001bcb7000 JavaThread "jar transforms Thread 57" [_thread_blocked, id=12036, stack(0x00000000270d0000,0x00000000271d0000)]
  0x000000001bcb1000 JavaThread "jar transforms Thread 56" [_thread_blocked, id=20612, stack(0x0000000026fd0000,0x00000000270d0000)]
  0x000000001bcd7000 JavaThread "jar transforms Thread 55" [_thread_blocked, id=15436, stack(0x0000000026ed0000,0x0000000026fd0000)]
  0x000000001bcd5800 JavaThread "jar transforms Thread 54" [_thread_blocked, id=24828, stack(0x0000000026dd0000,0x0000000026ed0000)]
  0x000000001bcd5000 JavaThread "jar transforms Thread 53" [_thread_blocked, id=32224, stack(0x0000000026cd0000,0x0000000026dd0000)]
  0x000000001bcd4000 JavaThread "jar transforms Thread 52" [_thread_blocked, id=30732, stack(0x0000000026bd0000,0x0000000026cd0000)]
  0x000000001bcd6800 JavaThread "jar transforms Thread 51" [_thread_blocked, id=7312, stack(0x0000000026ad0000,0x0000000026bd0000)]
  0x000000001bccc800 JavaThread "jar transforms Thread 50" [_thread_blocked, id=4640, stack(0x00000000269d0000,0x0000000026ad0000)]
  0x000000001bcd3800 JavaThread "jar transforms Thread 49" [_thread_blocked, id=24160, stack(0x00000000268d0000,0x00000000269d0000)]
  0x000000001bcd2800 JavaThread "jar transforms Thread 48" [_thread_blocked, id=16240, stack(0x00000000267d0000,0x00000000268d0000)]
  0x000000001bccb000 JavaThread "jar transforms Thread 47" [_thread_blocked, id=29772, stack(0x00000000266d0000,0x00000000267d0000)]
  0x000000001bcd2000 JavaThread "jar transforms Thread 46" [_thread_blocked, id=28684, stack(0x00000000265d0000,0x00000000266d0000)]
  0x000000001bcca800 JavaThread "jar transforms Thread 45" [_thread_blocked, id=19716, stack(0x00000000264d0000,0x00000000265d0000)]
  0x000000001bcd1000 JavaThread "jar transforms Thread 44" [_thread_blocked, id=20740, stack(0x00000000263d0000,0x00000000264d0000)]
  0x000000001bcd0800 JavaThread "jar transforms Thread 43" [_thread_blocked, id=7768, stack(0x00000000262d0000,0x00000000263d0000)]
  0x000000001bcc9000 JavaThread "jar transforms Thread 42" [_thread_blocked, id=11276, stack(0x00000000261d0000,0x00000000262d0000)]
  0x000000001bcc9800 JavaThread "jar transforms Thread 41" [_thread_blocked, id=22844, stack(0x00000000260d0000,0x00000000261d0000)]
  0x000000001bccd800 JavaThread "jar transforms Thread 40" [_thread_blocked, id=26320, stack(0x0000000025fd0000,0x00000000260d0000)]
  0x000000001bccc000 JavaThread "jar transforms Thread 39" [_thread_blocked, id=32544, stack(0x0000000025ed0000,0x0000000025fd0000)]
  0x000000001bccf000 JavaThread "jar transforms Thread 38" [_thread_blocked, id=21032, stack(0x0000000025dd0000,0x0000000025ed0000)]
  0x000000001bccf800 JavaThread "jar transforms Thread 37" [_thread_blocked, id=18592, stack(0x0000000025cd0000,0x0000000025dd0000)]
  0x000000001bcc8000 JavaThread "jar transforms Thread 36" [_thread_blocked, id=25880, stack(0x0000000025bd0000,0x0000000025cd0000)]
  0x000000001bcce000 JavaThread "jar transforms Thread 35" [_thread_blocked, id=21356, stack(0x0000000025ad0000,0x0000000025bd0000)]
  0x000000001a22c000 JavaThread "jar transforms Thread 34" [_thread_blocked, id=21468, stack(0x00000000259d0000,0x0000000025ad0000)]
  0x000000001a224000 JavaThread "jar transforms Thread 33" [_thread_blocked, id=25916, stack(0x00000000258d0000,0x00000000259d0000)]
  0x000000001a229000 JavaThread "jar transforms Thread 32" [_thread_blocked, id=9652, stack(0x00000000257d0000,0x00000000258d0000)]
  0x000000001a228000 JavaThread "jar transforms Thread 31" [_thread_blocked, id=4500, stack(0x00000000256d0000,0x00000000257d0000)]
  0x000000001a22b000 JavaThread "jar transforms Thread 30" [_thread_blocked, id=18148, stack(0x00000000255d0000,0x00000000256d0000)]
  0x000000001a225000 JavaThread "jar transforms Thread 29" [_thread_blocked, id=19904, stack(0x00000000254d0000,0x00000000255d0000)]
  0x000000001a227000 JavaThread "jar transforms Thread 28" [_thread_blocked, id=4268, stack(0x00000000253d0000,0x00000000254d0000)]
  0x000000001a229800 JavaThread "jar transforms Thread 27" [_thread_blocked, id=6804, stack(0x00000000252d0000,0x00000000253d0000)]
  0x000000001a22a800 JavaThread "jar transforms Thread 26" [_thread_blocked, id=32616, stack(0x00000000251d0000,0x00000000252d0000)]
  0x000000001a226800 JavaThread "jar transforms Thread 25" [_thread_blocked, id=23740, stack(0x00000000250d0000,0x00000000251d0000)]
  0x000000001a225800 JavaThread "jar transforms Thread 24" [_thread_blocked, id=8040, stack(0x0000000024fd0000,0x00000000250d0000)]
  0x000000001a21c800 JavaThread "jar transforms Thread 23" [_thread_blocked, id=20344, stack(0x0000000024ed0000,0x0000000024fd0000)]
  0x000000001a222800 JavaThread "jar transforms Thread 22" [_thread_blocked, id=976, stack(0x0000000024dd0000,0x0000000024ed0000)]
  0x000000001a221000 JavaThread "jar transforms Thread 21" [_thread_blocked, id=8172, stack(0x0000000024cd0000,0x0000000024dd0000)]
  0x000000001a21d800 JavaThread "jar transforms Thread 20" [_thread_blocked, id=21996, stack(0x0000000024bd0000,0x0000000024cd0000)]
  0x000000001a220800 JavaThread "jar transforms Thread 19" [_thread_blocked, id=27176, stack(0x0000000024ad0000,0x0000000024bd0000)]
  0x000000001a222000 JavaThread "jar transforms Thread 18" [_thread_blocked, id=5832, stack(0x00000000249d0000,0x0000000024ad0000)]
  0x000000001a21f800 JavaThread "jar transforms Thread 17" [_thread_blocked, id=18084, stack(0x00000000248d0000,0x00000000249d0000)]
  0x000000001a223800 JavaThread "jar transforms Thread 16" [_thread_blocked, id=13448, stack(0x00000000247d0000,0x00000000248d0000)]
  0x000000001a21e000 JavaThread "jar transforms Thread 15" [_thread_blocked, id=19308, stack(0x00000000246d0000,0x00000000247d0000)]
  0x000000001a21f000 JavaThread "jar transforms Thread 14" [_thread_blocked, id=3016, stack(0x00000000245d0000,0x00000000246d0000)]
  0x000000001bcaa800 JavaThread "jar transforms Thread 13" [_thread_blocked, id=30952, stack(0x00000000244d0000,0x00000000245d0000)]
  0x000000001bcaa000 JavaThread "jar transforms Thread 12" [_thread_blocked, id=22984, stack(0x00000000243d0000,0x00000000244d0000)]
  0x000000001bca9000 JavaThread "jar transforms Thread 11" [_thread_blocked, id=28988, stack(0x00000000242d0000,0x00000000243d0000)]
  0x000000001bcaf000 JavaThread "jar transforms Thread 10" [_thread_blocked, id=7144, stack(0x00000000241d0000,0x00000000242d0000)]
  0x000000001bcae800 JavaThread "jar transforms Thread 9" [_thread_blocked, id=10304, stack(0x00000000240d0000,0x00000000241d0000)]
  0x000000001bcad800 JavaThread "jar transforms Thread 8" [_thread_blocked, id=14076, stack(0x0000000023fd0000,0x00000000240d0000)]
  0x000000001bcad000 JavaThread "jar transforms Thread 7" [_thread_blocked, id=1640, stack(0x0000000023ed0000,0x0000000023fd0000)]
  0x000000001bcac000 JavaThread "jar transforms Thread 6" [_thread_blocked, id=30572, stack(0x0000000023dd0000,0x0000000023ed0000)]
  0x000000001bcab800 JavaThread "jar transforms Thread 5" [_thread_blocked, id=18284, stack(0x0000000023cd0000,0x0000000023dd0000)]
  0x000000001bca1800 JavaThread "jar transforms Thread 4" [_thread_blocked, id=13144, stack(0x0000000023bd0000,0x0000000023cd0000)]
  0x000000001bca8800 JavaThread "jar transforms Thread 3" [_thread_blocked, id=8388, stack(0x0000000023ad0000,0x0000000023bd0000)]
  0x000000001bca4800 JavaThread "jar transforms Thread 2" [_thread_blocked, id=16112, stack(0x00000000239d0000,0x0000000023ad0000)]
  0x000000001bca4000 JavaThread "Build operations Thread 4" [_thread_blocked, id=9976, stack(0x00000000238d0000,0x00000000239d0000)]
  0x000000001bca7800 JavaThread "Build operations Thread 3" [_thread_blocked, id=7420, stack(0x00000000237d0000,0x00000000238d0000)]
  0x000000001bca0000 JavaThread "Build operations Thread 2" [_thread_blocked, id=27020, stack(0x00000000236d0000,0x00000000237d0000)]
  0x000000001bca6000 JavaThread "Build operations" [_thread_blocked, id=31016, stack(0x00000000235d0000,0x00000000236d0000)]
  0x000000001b651800 JavaThread "Cache worker for file content cache (C:\Users\kishorek\.gradle\caches\6.5\fileContent)" [_thread_blocked, id=25188, stack(0x0000000021630000,0x0000000021730000)]
  0x000000001b654000 JavaThread "jar transforms" [_thread_blocked, id=26796, stack(0x0000000020540000,0x0000000020640000)]
  0x000000001b653000 JavaThread "Cache worker for execution history cache (C:\Users\kishorek\.gradle\caches\6.5\executionHistory)" [_thread_blocked, id=25952, stack(0x0000000020440000,0x0000000020540000)]
  0x000000001b650000 JavaThread "Cache worker for cache directory md-rule (C:\Users\kishorek\.gradle\caches\6.5\md-rule)" [_thread_blocked, id=8072, stack(0x0000000020340000,0x0000000020440000)]
  0x000000001b64e000 JavaThread "Cache worker for cache directory md-supplier (C:\Users\kishorek\.gradle\caches\6.5\md-supplier)" [_thread_blocked, id=5868, stack(0x0000000020240000,0x0000000020340000)]
  0x000000001b64f800 JavaThread "Cache worker for checksums cache (C:\Users\kishorek\Desktop\AndroidStudioProjects\ShieldSecuritySystem\.gradle\checksums)" [_thread_blocked, id=27400, stack(0x0000000020140000,0x0000000020240000)]
  0x000000001b652800 JavaThread "Cache worker for file hash cache (C:\Users\kishorek\Desktop\AndroidStudioProjects\ShieldSecuritySystem\.gradle\6.5\fileHashes)" [_thread_blocked, id=10964, stack(0x000000001fe40000,0x000000001ff40000)]
  0x000000001b64d000 JavaThread "Cache worker for file hash cache (C:\Users\kishorek\.gradle\caches\6.5\fileHashes)" [_thread_blocked, id=18164, stack(0x000000001eb70000,0x000000001ec70000)]
  0x000000001b651000 JavaThread "File lock request listener" [_thread_in_native, id=18372, stack(0x000000001daa0000,0x000000001dba0000)]
  0x000000001b5f1000 JavaThread "Cache worker for journal cache (C:\Users\kishorek\.gradle\caches\journal-1)" [_thread_blocked, id=14196, stack(0x000000001d8a0000,0x000000001d9a0000)]
  0x000000001b5a2800 JavaThread "Thread-9" [_thread_blocked, id=4544, stack(0x000000001d5a0000,0x000000001d6a0000)]
  0x000000001b5a2000 JavaThread "Stdin handler" [_thread_blocked, id=31708, stack(0x000000001d4a0000,0x000000001d5a0000)]
  0x000000001b5ad000 JavaThread "Asynchronous log dispatcher for DefaultDaemonConnection: socket connection from /127.0.0.1:56275 to /127.0.0.1:56276" [_thread_blocked, id=18892, stack(0x000000001d3a0000,0x000000001d4a0000)]
  0x000000001b583000 JavaThread "Daemon worker" [_thread_blocked, id=4040, stack(0x000000001d2a0000,0x000000001d3a0000)]
  0x000000001b582800 JavaThread "Cancel handler" [_thread_blocked, id=10404, stack(0x000000001d1a0000,0x000000001d2a0000)]
  0x000000001b561800 JavaThread "Handler for socket connection from /127.0.0.1:56275 to /127.0.0.1:56276" [_thread_in_native, id=4272, stack(0x000000001d0a0000,0x000000001d1a0000)]
  0x000000001b55e800 JavaThread "Daemon" [_thread_blocked, id=21020, stack(0x000000001cfa0000,0x000000001d0a0000)]
  0x000000001b539800 JavaThread "Daemon periodic checks" [_thread_blocked, id=21780, stack(0x000000001cca0000,0x000000001cda0000)]
  0x000000001b4f3000 JavaThread "Incoming local TCP Connector on port 56275" [_thread_in_native, id=19324, stack(0x000000001ca60000,0x000000001cb60000)]
  0x0000000019540000 JavaThread "Daemon health stats" [_thread_blocked, id=2600, stack(0x000000001c420000,0x000000001c520000)]
  0x0000000017b7e800 JavaThread "Service Thread" daemon [_thread_blocked, id=10832, stack(0x0000000019880000,0x0000000019980000)]
  0x0000000017b3c000 JavaThread "C1 CompilerThread2" daemon [_thread_blocked, id=8380, stack(0x0000000019380000,0x0000000019480000)]
  0x0000000017b2d000 JavaThread "C2 CompilerThread1" daemon [_thread_blocked, id=32352, stack(0x0000000019280000,0x0000000019380000)]
=>0x0000000017b28000 JavaThread "C2 CompilerThread0" daemon [_thread_in_native, id=624, stack(0x0000000019180000,0x0000000019280000)]
  0x0000000017b25800 JavaThread "Attach Listener" daemon [_thread_blocked, id=10636, stack(0x0000000019080000,0x0000000019180000)]
  0x0000000017b22800 JavaThread "Signal Dispatcher" daemon [_thread_blocked, id=10624, stack(0x0000000018f80000,0x0000000019080000)]
  0x0000000002efb800 JavaThread "Finalizer" daemon [_thread_blocked, id=12732, stack(0x0000000018d80000,0x0000000018e80000)]
  0x0000000017b09000 JavaThread "Reference Handler" daemon [_thread_blocked, id=27352, stack(0x0000000018c80000,0x0000000018d80000)]
  0x0000000002dfe800 JavaThread "main" [_thread_blocked, id=23624, stack(0x0000000002c70000,0x0000000002d70000)]

Other Threads:
  0x0000000017ae6800 VMThread [stack: 0x0000000018b80000,0x0000000018c80000] [id=27540]
  0x00000000194b0800 WatcherThread [stack: 0x0000000019980000,0x0000000019a80000] [id=12904]

VM state:not at safepoint (normal execution)

VM Mutex/Monitor currently owned by a thread: None

heap address: 0x0000000080000000, size: 2048 MB, Compressed Oops mode: 32-bit
Narrow klass base: 0x0000000000000000, Narrow klass shift: 3
Compressed class space size: 1073741824 Address: 0x0000000100000000

Heap:
 PSYoungGen      total 398848K, used 388166K [0x00000000d5580000, 0x00000000f0000000, 0x0000000100000000)
  eden space 370176K, 99% used [0x00000000d5580000,0x00000000ebd333e0,0x00000000ebf00000)
  from space 28672K, 69% used [0x00000000ee400000,0x00000000ef75e4a0,0x00000000f0000000)
  to   space 33280K, 0% used [0x00000000ebf00000,0x00000000ebf00000,0x00000000edf80000)
 ParOldGen       total 131072K, used 88087K [0x0000000080000000, 0x0000000088000000, 0x00000000d5580000)
  object space 131072K, 67% used [0x0000000080000000,0x0000000085605d68,0x0000000088000000)
 Metaspace       used 88389K, capacity 92134K, committed 92312K, reserved 1128448K
  class space    used 11627K, capacity 12351K, committed 12464K, reserved 1048576K

Card table byte_map: [0x00000000122c0000,0x00000000126d0000] byte_map_base: 0x0000000011ec0000

Marking Bits: (ParMarkBitMap*) 0x000000007602f030
 Begin Bits: [0x0000000012d80000, 0x0000000014d80000)
 End Bits:   [0x0000000014d80000, 0x0000000016d80000)

Polling page: 0x00000000010d0000

CodeCache: size=245760Kb used=39783Kb max_used=40683Kb free=205976Kb
 bounds [0x0000000002f00000, 0x00000000056f0000, 0x0000000011f00000]
 total_blobs=12962 nmethods=12069 adapters=805
 compilation: enabled

Compilation events (10 events):
Event: 49.208 Thread 0x0000000017b3c000 nmethod 14681 0x0000000004786010 code [0x0000000004786160, 0x0000000004786270]
Event: 49.209 Thread 0x0000000017b28000 14682   !   4       java.io.ObjectInputStream::readObject0 (671 bytes)
Event: 49.210 Thread 0x0000000017b3c000 14683       3       sun.rmi.runtime.Log$LoggerLog::isLoggable (9 bytes)
Event: 49.210 Thread 0x0000000017b3c000 nmethod 14683 0x0000000005275d10 code [0x0000000005275e80, 0x00000000052761f0]
Event: 49.211 Thread 0x0000000017b3c000 14684       3       sun.reflect.AccessorGenerator::typeSizeInStackSlots (27 bytes)
Event: 49.211 Thread 0x0000000017b3c000 nmethod 14684 0x00000000031bf650 code [0x00000000031bf7c0, 0x00000000031bfa10]
Event: 49.212 Thread 0x0000000017b3c000 14685       3       java.io.ObjectInputStream::readInt (8 bytes)
Event: 49.213 Thread 0x0000000017b3c000 nmethod 14685 0x00000000052ab210 code [0x00000000052ab380, 0x00000000052ab508]
Event: 49.223 Thread 0x0000000017b2d000 14686       4       java.io.DataOutputStream::<init> (19 bytes)
Event: 49.224 Thread 0x0000000017b2d000 nmethod 14686 0x0000000003ca7210 code [0x0000000003ca7360, 0x0000000003ca7458]

GC Heap History (10 events):
Event: 8.982 GC heap before
{Heap before GC invocations=13 (full 3):
 PSYoungGen      total 285696K, used 16893K [0x00000000d5580000, 0x00000000e8d00000, 0x0000000100000000)
  eden space 268800K, 0% used [0x00000000d5580000,0x00000000d5580000,0x00000000e5c00000)
  from space 16896K, 99% used [0x00000000e7280000,0x00000000e82ff400,0x00000000e8300000)
  to   space 23040K, 0% used [0x00000000e5c00000,0x00000000e5c00000,0x00000000e7280000)
 ParOldGen       total 81920K, used 27141K [0x0000000080000000, 0x0000000085000000, 0x00000000d5580000)
  object space 81920K, 33% used [0x0000000080000000,0x0000000081a81628,0x0000000085000000)
 Metaspace       used 57008K, capacity 59066K, committed 59160K, reserved 1099776K
  class space    used 7458K, capacity 7937K, committed 7984K, reserved 1048576K
Event: 9.211 GC heap after
Heap after GC invocations=13 (full 3):
 PSYoungGen      total 285696K, used 0K [0x00000000d5580000, 0x00000000e8d00000, 0x0000000100000000)
  eden space 268800K, 0% used [0x00000000d5580000,0x00000000d5580000,0x00000000e5c00000)
  from space 16896K, 0% used [0x00000000e7280000,0x00000000e7280000,0x00000000e8300000)
  to   space 23040K, 0% used [0x00000000e5c00000,0x00000000e5c00000,0x00000000e7280000)
 ParOldGen       total 131072K, used 39569K [0x0000000080000000, 0x0000000088000000, 0x00000000d5580000)
  object space 131072K, 30% used [0x0000000080000000,0x00000000826a4728,0x0000000088000000)
 Metaspace       used 56943K, capacity 58862K, committed 59160K, reserved 1099776K
  class space    used 7439K, capacity 7881K, committed 7984K, reserved 1048576K
}
Event: 20.114 GC heap before
{Heap before GC invocations=14 (full 3):
 PSYoungGen      total 285696K, used 268800K [0x00000000d5580000, 0x00000000e8d00000, 0x0000000100000000)
  eden space 268800K, 100% used [0x00000000d5580000,0x00000000e5c00000,0x00000000e5c00000)
  from space 16896K, 0% used [0x00000000e7280000,0x00000000e7280000,0x00000000e8300000)
  to   space 23040K, 0% used [0x00000000e5c00000,0x00000000e5c00000,0x00000000e7280000)
 ParOldGen       total 131072K, used 39569K [0x0000000080000000, 0x0000000088000000, 0x00000000d5580000)
  object space 131072K, 30% used [0x0000000080000000,0x00000000826a4728,0x0000000088000000)
 Metaspace       used 71608K, capacity 74678K, committed 74776K, reserved 1114112K
  class space    used 9655K, capacity 10272K, committed 10288K, reserved 1048576K
Event: 20.144 GC heap after
Heap after GC invocations=14 (full 3):
 PSYoungGen      total 291840K, used 23017K [0x00000000d5580000, 0x00000000eca00000, 0x0000000100000000)
  eden space 268800K, 0% used [0x00000000d5580000,0x00000000d5580000,0x00000000e5c00000)
  from space 23040K, 99% used [0x00000000e5c00000,0x00000000e727a428,0x00000000e7280000)
  to   space 28672K, 0% used [0x00000000eae00000,0x00000000eae00000,0x00000000eca00000)
 ParOldGen       total 131072K, used 45695K [0x0000000080000000, 0x0000000088000000, 0x00000000d5580000)
  object space 131072K, 34% used [0x0000000080000000,0x0000000082c9ffe8,0x0000000088000000)
 Metaspace       used 71608K, capacity 74678K, committed 74776K, reserved 1114112K
  class space    used 9655K, capacity 10272K, committed 10288K, reserved 1048576K
}
Event: 23.489 GC heap before
{Heap before GC invocations=15 (full 3):
 PSYoungGen      total 291840K, used 291817K [0x00000000d5580000, 0x00000000eca00000, 0x0000000100000000)
  eden space 268800K, 100% used [0x00000000d5580000,0x00000000e5c00000,0x00000000e5c00000)
  from space 23040K, 99% used [0x00000000e5c00000,0x00000000e727a428,0x00000000e7280000)
  to   space 28672K, 0% used [0x00000000eae00000,0x00000000eae00000,0x00000000eca00000)
 ParOldGen       total 131072K, used 45695K [0x0000000080000000, 0x0000000088000000, 0x00000000d5580000)
  object space 131072K, 34% used [0x0000000080000000,0x0000000082c9ffe8,0x0000000088000000)
 Metaspace       used 72290K, capacity 75446K, committed 75672K, reserved 1114112K
  class space    used 9675K, capacity 10314K, committed 10416K, reserved 1048576K
Event: 23.512 GC heap after
Heap after GC invocations=15 (full 3):
 PSYoungGen      total 341504K, used 6761K [0x00000000d5580000, 0x00000000ec400000, 0x0000000100000000)
  eden space 318976K, 0% used [0x00000000d5580000,0x00000000d5580000,0x00000000e8d00000)
  from space 22528K, 30% used [0x00000000eae00000,0x00000000eb49a730,0x00000000ec400000)
  to   space 28160K, 0% used [0x00000000e8d00000,0x00000000e8d00000,0x00000000ea880000)
 ParOldGen       total 131072K, used 62286K [0x0000000080000000, 0x0000000088000000, 0x00000000d5580000)
  object space 131072K, 47% used [0x0000000080000000,0x0000000083cd3898,0x0000000088000000)
 Metaspace       used 72290K, capacity 75446K, committed 75672K, reserved 1114112K
  class space    used 9675K, capacity 10314K, committed 10416K, reserved 1048576K
}
Event: 26.694 GC heap before
{Heap before GC invocations=16 (full 3):
 PSYoungGen      total 341504K, used 325737K [0x00000000d5580000, 0x00000000ec400000, 0x0000000100000000)
  eden space 318976K, 100% used [0x00000000d5580000,0x00000000e8d00000,0x00000000e8d00000)
  from space 22528K, 30% used [0x00000000eae00000,0x00000000eb49a730,0x00000000ec400000)
  to   space 28160K, 0% used [0x00000000e8d00000,0x00000000e8d00000,0x00000000ea880000)
 ParOldGen       total 131072K, used 62286K [0x0000000080000000, 0x0000000088000000, 0x00000000d5580000)
  object space 131072K, 47% used [0x0000000080000000,0x0000000083cd3898,0x0000000088000000)
 Metaspace       used 74385K, capacity 77674K, committed 77976K, reserved 1116160K
  class space    used 9898K, capacity 10560K, committed 10672K, reserved 1048576K
Event: 26.721 GC heap after
Heap after GC invocations=16 (full 3):
 PSYoungGen      total 347136K, used 28158K [0x00000000d5580000, 0x00000000f0480000, 0x0000000100000000)
  eden space 318976K, 0% used [0x00000000d5580000,0x00000000d5580000,0x00000000e8d00000)
  from space 28160K, 99% used [0x00000000e8d00000,0x00000000ea87f928,0x00000000ea880000)
  to   space 33280K, 0% used [0x00000000ee400000,0x00000000ee400000,0x00000000f0480000)
 ParOldGen       total 131072K, used 63602K [0x0000000080000000, 0x0000000088000000, 0x00000000d5580000)
  object space 131072K, 48% used [0x0000000080000000,0x0000000083e1c950,0x0000000088000000)
 Metaspace       used 74385K, capacity 77674K, committed 77976K, reserved 1116160K
  class space    used 9898K, capacity 10560K, committed 10672K, reserved 1048576K
}
Event: 33.359 GC heap before
{Heap before GC invocations=17 (full 3):
 PSYoungGen      total 347136K, used 347134K [0x00000000d5580000, 0x00000000f0480000, 0x0000000100000000)
  eden space 318976K, 100% used [0x00000000d5580000,0x00000000e8d00000,0x00000000e8d00000)
  from space 28160K, 99% used [0x00000000e8d00000,0x00000000ea87f928,0x00000000ea880000)
  to   space 33280K, 0% used [0x00000000ee400000,0x00000000ee400000,0x00000000f0480000)
 ParOldGen       total 131072K, used 63602K [0x0000000080000000, 0x0000000088000000, 0x00000000d5580000)
  object space 131072K, 48% used [0x0000000080000000,0x0000000083e1c950,0x0000000088000000)
 Metaspace       used 82385K, capacity 85734K, committed 86040K, reserved 1124352K
  class space    used 10851K, capacity 11510K, committed 11568K, reserved 1048576K
Event: 33.404 GC heap after
Heap after GC invocations=17 (full 3):
 PSYoungGen      total 398848K, used 19833K [0x00000000d5580000, 0x00000000f0000000, 0x0000000100000000)
  eden space 370176K, 0% used [0x00000000d5580000,0x00000000d5580000,0x00000000ebf00000)
  from space 28672K, 69% used [0x00000000ee400000,0x00000000ef75e4a0,0x00000000f0000000)
  to   space 33280K, 0% used [0x00000000ebf00000,0x00000000ebf00000,0x00000000edf80000)
 ParOldGen       total 131072K, used 88087K [0x0000000080000000, 0x0000000088000000, 0x00000000d5580000)
  object space 131072K, 67% used [0x0000000080000000,0x0000000085605d68,0x0000000088000000)
 Metaspace       used 82385K, capacity 85734K, committed 86040K, reserved 1124352K
  class space    used 10851K, capacity 11510K, committed 11568K, reserved 1048576K
}

Deoptimization events (10 events):
Event: 41.677 Thread 0x0000000022e62800 Uncommon trap: reason=bimorphic action=maybe_recompile pc=0x0000000004fae844 method=java.io.ObjectOutputStream$BlockDataOutputStream.write([BIIZ)V @ 23
Event: 41.685 Thread 0x0000000022e62800 Uncommon trap: reason=unstable_if action=reinterpret pc=0x0000000004e2ee5c method=java.io.ObjectInputStream.filterCheck(Ljava/lang/Class;I)V @ 4
Event: 41.695 Thread 0x0000000022e62800 Uncommon trap: reason=bimorphic action=maybe_recompile pc=0x000000000364f5f8 method=java.io.DataOutputStream.writeShort(I)V @ 12
Event: 41.705 Thread 0x0000000022e62800 Uncommon trap: reason=predicate action=maybe_recompile pc=0x00000000054edb64 method=java.util.TimSort.reverseRange([Ljava/lang/Object;II)V @ 8
Event: 41.706 Thread 0x0000000022e62800 Uncommon trap: reason=array_check action=maybe_recompile pc=0x00000000054a2fd4 method=java.util.TimSort.binarySort([Ljava/lang/Object;IIILjava/util/Comparator;)V @ 215
Event: 41.707 Thread 0x0000000022e62800 Uncommon trap: reason=array_check action=maybe_recompile pc=0x00000000054a2fd4 method=java.util.TimSort.binarySort([Ljava/lang/Object;IIILjava/util/Comparator;)V @ 215
Event: 41.774 Thread 0x000000001f50e800 Uncommon trap: reason=class_check action=maybe_recompile pc=0x0000000003376cec method=java.lang.ThreadLocal.set(Ljava/lang/Object;)V @ 26
Event: 41.774 Thread 0x000000001f50e800 Uncommon trap: reason=unstable_if action=reinterpret pc=0x0000000004191634 method=java.io.BufferedInputStream.fill()V @ 9
Event: 41.777 Thread 0x000000001f50e800 Uncommon trap: reason=unstable_if action=reinterpret pc=0x0000000004f976c8 method=java.io.ObjectInputStream.filterCheck(Ljava/lang/Class;I)V @ 4
Event: 49.194 Thread 0x000000001f50e800 Uncommon trap: reason=unstable_if action=reinterpret pc=0x0000000004f64a30 method=java.io.ObjectInputStream$BlockDataInputStream.readUTFSpan(Ljava/lang/StringBuilder;J)J @ 35

Classes redefined (0 events):
No events

Internal exceptions (10 events):
Event: 41.670 Thread 0x0000000022e62800 Exception <a 'java/lang/NoSuchMethodError': <clinit>> (0x00000000eb6304c8) thrown at [C:\src\AOSP-openjdk-git\hotspot\src\share\vm\prims\jni.cpp, line 1615]
Event: 41.676 Thread 0x0000000022e62800 Exception <a 'java/lang/NoSuchMethodError': <clinit>> (0x00000000eb63ede0) thrown at [C:\src\AOSP-openjdk-git\hotspot\src\share\vm\prims\jni.cpp, line 1615]
Event: 41.678 Thread 0x0000000022e62800 Exception <a 'java/lang/NoSuchMethodError': <clinit>> (0x00000000eb6a72b0) thrown at [C:\src\AOSP-openjdk-git\hotspot\src\share\vm\prims\jni.cpp, line 1615]
Event: 41.695 Thread 0x000000001f50a000 Exception <a 'java/lang/InterruptedException'> (0x00000000eb6dbba8) thrown at [C:\src\AOSP-openjdk-git\hotspot\src\share\vm\runtime\objectMonitor.cpp, line 1680]
Event: 41.705 Thread 0x0000000022e62800 Exception <a 'java/lang/NoSuchMethodError': <clinit>> (0x00000000eb721520) thrown at [C:\src\AOSP-openjdk-git\hotspot\src\share\vm\prims\jni.cpp, line 1615]
Event: 41.706 Thread 0x0000000022e62800 Exception <a 'java/lang/NoSuchMethodError': <clinit>> (0x00000000eb72f430) thrown at [C:\src\AOSP-openjdk-git\hotspot\src\share\vm\prims\jni.cpp, line 1615]
Event: 41.707 Thread 0x0000000022e62800 Exception <a 'java/lang/NoSuchMethodError': <clinit>> (0x00000000eb73efe8) thrown at [C:\src\AOSP-openjdk-git\hotspot\src\share\vm\prims\jni.cpp, line 1615]
Event: 41.712 Thread 0x0000000022e62800 Exception <a 'java/lang/NoSuchMethodError': <clinit>> (0x00000000eb765ad8) thrown at [C:\src\AOSP-openjdk-git\hotspot\src\share\vm\prims\jni.cpp, line 1615]
Event: 41.732 Thread 0x0000000022e62800 Exception <a 'java/lang/NoSuchMethodError': <clinit>> (0x00000000eb8b5de0) thrown at [C:\src\AOSP-openjdk-git\hotspot\src\share\vm\prims\jni.cpp, line 1615]
Event: 41.742 Thread 0x0000000022e62800 Exception <a 'java/lang/NoSuchMethodError': <clinit>> (0x00000000eb96cab0) thrown at [C:\src\AOSP-openjdk-git\hotspot\src\share\vm\prims\jni.cpp, line 1615]

Events (10 events):
Event: 49.194 Executing VM operation: RevokeBias
Event: 49.195 Executing VM operation: RevokeBias done
Event: 49.195 Executing VM operation: RevokeBias
Event: 49.195 Executing VM operation: RevokeBias done
Event: 49.195 loading class org/jetbrains/kotlin/daemon/client/BasicCompilerServicesWithResultsFacadeServerKt
Event: 49.195 loading class org/jetbrains/kotlin/daemon/client/BasicCompilerServicesWithResultsFacadeServerKt done
Event: 49.196 loading class org/jetbrains/kotlin/daemon/client/BasicCompilerServicesWithResultsFacadeServerKt$WhenMappings
Event: 49.196 loading class org/jetbrains/kotlin/daemon/client/BasicCompilerServicesWithResultsFacadeServerKt$WhenMappings done
Event: 49.197 loading class org/jetbrains/kotlin/gradle/logging/GradleBufferingMessageCollector$MessageData
Event: 49.197 loading class org/jetbrains/kotlin/gradle/logging/GradleBufferingMessageCollector$MessageData done


Dynamic libraries:
0x00007ff6f3180000 - 0x00007ff6f31b1000 	C:\Program Files\Android\Android Studio\jre\bin\java.exe
0x00007ff9440d0000 - 0x00007ff9442bd000 	C:\WINDOWS\SYSTEM32\ntdll.dll
0x00007ff941790000 - 0x00007ff941843000 	C:\WINDOWS\System32\KERNEL32.DLL
0x00007ff9402b0000 - 0x00007ff940543000 	C:\WINDOWS\System32\KERNELBASE.dll
0x00007ff941fc0000 - 0x00007ff942063000 	C:\WINDOWS\System32\ADVAPI32.dll
0x00007ff941ef0000 - 0x00007ff941f8e000 	C:\WINDOWS\System32\msvcrt.dll
0x00007ff941690000 - 0x00007ff94172e000 	C:\WINDOWS\System32\sechost.dll
0x00007ff941cf0000 - 0x00007ff941e12000 	C:\WINDOWS\System32\RPCRT4.dll
0x00007ff943e60000 - 0x00007ff943ff7000 	C:\WINDOWS\System32\USER32.dll
0x00007ff940210000 - 0x00007ff940230000 	C:\WINDOWS\System32\win32u.dll
0x00007ff944010000 - 0x00007ff944039000 	C:\WINDOWS\System32\GDI32.dll
0x00007ff940550000 - 0x00007ff9406e9000 	C:\WINDOWS\System32\gdi32full.dll
0x00007ff9406f0000 - 0x00007ff940790000 	C:\WINDOWS\System32\msvcp_win.dll
0x00007ff9407e0000 - 0x00007ff9408da000 	C:\WINDOWS\System32\ucrtbase.dll
0x00007ff92f520000 - 0x00007ff92f799000 	C:\WINDOWS\WinSxS\amd64_microsoft.windows.common-controls_6595b64144ccf1df_6.0.17763.802_none_05b1445c0722d2cc\COMCTL32.dll
0x00007ff9412f0000 - 0x00007ff94161c000 	C:\WINDOWS\System32\combase.dll
0x00007ff940230000 - 0x00007ff9402ae000 	C:\WINDOWS\System32\bcryptPrimitives.dll
0x00007ff941f90000 - 0x00007ff941fbe000 	C:\WINDOWS\System32\IMM32.DLL
0x00000000756a0000 - 0x0000000075772000 	C:\Program Files\Android\Android Studio\jre\jre\bin\msvcr100.dll
0x0000000075860000 - 0x00000000760ab000 	C:\Program Files\Android\Android Studio\jre\jre\bin\server\jvm.dll
0x00007ff941980000 - 0x00007ff941988000 	C:\WINDOWS\System32\PSAPI.DLL
0x00007ff92b740000 - 0x00007ff92b749000 	C:\WINDOWS\SYSTEM32\WSOCK32.dll
0x00007ff93c950000 - 0x00007ff93c974000 	C:\WINDOWS\SYSTEM32\WINMM.dll
0x00007ff93b5d0000 - 0x00007ff93b5da000 	C:\WINDOWS\SYSTEM32\VERSION.dll
0x00007ff9425a0000 - 0x00007ff94260d000 	C:\WINDOWS\System32\WS2_32.dll
0x00007ff93c4a0000 - 0x00007ff93c4cd000 	C:\WINDOWS\SYSTEM32\winmmbase.dll
0x00007ff940790000 - 0x00007ff9407da000 	C:\WINDOWS\System32\cfgmgr32.dll
0x00007ff93c610000 - 0x00007ff93c61f000 	C:\Program Files\Android\Android Studio\jre\jre\bin\verify.dll
0x00007ff9316e0000 - 0x00007ff931709000 	C:\Program Files\Android\Android Studio\jre\jre\bin\java.dll
0x00007ff92e530000 - 0x00007ff92e546000 	C:\Program Files\Android\Android Studio\jre\jre\bin\zip.dll
0x00007ff942780000 - 0x00007ff943c74000 	C:\WINDOWS\System32\SHELL32.dll
0x00007ff9418d0000 - 0x00007ff941978000 	C:\WINDOWS\System32\shcore.dll
0x00007ff940ba0000 - 0x00007ff9412ed000 	C:\WINDOWS\System32\windows.storage.dll
0x00007ff940160000 - 0x00007ff940184000 	C:\WINDOWS\System32\profapi.dll
0x00007ff9400c0000 - 0x00007ff94011d000 	C:\WINDOWS\System32\powrprof.dll
0x00007ff941730000 - 0x00007ff941782000 	C:\WINDOWS\System32\shlwapi.dll
0x00007ff940120000 - 0x00007ff940131000 	C:\WINDOWS\System32\kernel.appcore.dll
0x00007ff940190000 - 0x00007ff9401a7000 	C:\WINDOWS\System32\cryptsp.dll
0x00007ff92e510000 - 0x00007ff92e52a000 	C:\Program Files\Android\Android Studio\jre\jre\bin\net.dll
0x00007ff93f8d0000 - 0x00007ff93f937000 	C:\WINDOWS\system32\mswsock.dll
0x00007ff92ded0000 - 0x00007ff92dee3000 	C:\Program Files\Android\Android Studio\jre\jre\bin\nio.dll
0x00007ff92a3c0000 - 0x00007ff92a3e7000 	C:\Users\kishorek\.gradle\native\f6784746aeab05261644944871eae4fe03e0ef1612fff0a4a95f87b438bc6780\windows-amd64\native-platform.dll
0x00007ff93c370000 - 0x00007ff93c37d000 	C:\Program Files\Android\Android Studio\jre\jre\bin\management.dll
0x00007ff93f450000 - 0x00007ff93f483000 	C:\WINDOWS\system32\rsaenh.dll
0x00007ff940ac0000 - 0x00007ff940ae6000 	C:\WINDOWS\System32\bcrypt.dll
0x00007ff93ffc0000 - 0x00007ff93ffe8000 	C:\WINDOWS\SYSTEM32\USERENV.dll
0x00007ff93faa0000 - 0x00007ff93faac000 	C:\WINDOWS\SYSTEM32\CRYPTBASE.dll
0x00007ff93f5f0000 - 0x00007ff93f62d000 	C:\WINDOWS\SYSTEM32\IPHLPAPI.DLL
0x00007ff944000000 - 0x00007ff944008000 	C:\WINDOWS\System32\NSI.dll
0x00007ff93c280000 - 0x00007ff93c296000 	C:\WINDOWS\SYSTEM32\dhcpcsvc6.DLL
0x00007ff93bef0000 - 0x00007ff93bf0c000 	C:\WINDOWS\SYSTEM32\dhcpcsvc.DLL
0x00007ff93f630000 - 0x00007ff93f6f6000 	C:\WINDOWS\SYSTEM32\DNSAPI.dll
0x00007ff93c4d0000 - 0x00007ff93c4db000 	C:\WINDOWS\SYSTEM32\WINNSI.DLL
0x00007ff93f0d0000 - 0x00007ff93f101000 	C:\WINDOWS\SYSTEM32\ntmarta.dll
0x00007ff92ca70000 - 0x00007ff92ca8e000 	C:\Users\kishorek\AppData\Local\Temp\native-platform2680229237778035608dir\native-platform.dll

VM Arguments:
jvm_args: -Xmx2048m -Dfile.encoding=UTF-8 -Duser.country=US -Duser.language=en -Duser.variant 
java_command: org.gradle.launcher.daemon.bootstrap.GradleDaemon 6.5
java_class_path (initial): C:\Users\kishorek\.gradle\wrapper\dists\gradle-6.5-all\2oz4ud9k3tuxjg84bbf55q0tn\gradle-6.5\lib\gradle-launcher-6.5.jar
Launcher Type: SUN_STANDARD

Environment Variables:
PATH=C:\Program Files (x86)\Common Files\Intel\Shared Libraries\redist\intel64\compiler;C:\Program Files (x86)\Common Files\Oracle\Java\javapath;C:\Program Files (x86)\Common Files\Intel\Shared Files\cpp\bin\Intel64;C:\WINDOWS\system32;C:\WINDOWS;C:\WINDOWS\System32\Wbem;C:\WINDOWS\System32\WindowsPowerShell\v1.0\;C:\WINDOWS\System32\OpenSSH\;C:\Program Files\Git\cmd;C:\ProgramData\chocolatey\bin;C:\Program Files\nodejs\;C:\Program Files\Java\jre1.8.0_271\bin;C:\flutter\bin;C:\Program Files\Graphviz\bin\dot.exe;C:\Windows\SysWOW64\msvcp140.dll;C:\Program Files\LLVM\bin;C:\poppler\bin;C:\Users\kishorek\AppData\Local\Programs\Python\Python39\Scripts\;C:\Users\kishorek\AppData\Local\Programs\Python\Python39\;C:\Users\kishorek\AppData\Local\Microsoft\WindowsApps;C:\Users\kishorek\AppData\Local\Programs\Microsoft VS Code\bin;C:\Program Files\heroku\bin;
USERNAME=kishorek
OS=Windows_NT
PROCESSOR_IDENTIFIER=Intel64 Family 6 Model 158 Stepping 9, GenuineIntel



---------------  S Y S T E M  ---------------

OS: Windows 10.0 , 64 bit Build 17763 (10.0.17763.475)

CPU:total 4 (initial active 4) (2 cores per cpu, 2 threads per core) family 6 model 158 stepping 9, cmov, cx8, fxsr, mmx, sse, sse2, sse3, ssse3, sse4.1, sse4.2, popcnt, avx, avx2, aes, clmul, erms, 3dnowpref, lzcnt, ht, tsc, tscinvbit, bmi1, bmi2, adx

Memory: 4k page, physical 8072532k(1600224k free), swap 12168532k(6060k free)

vm_info: OpenJDK 64-Bit Server VM (25.242-b01) for windows-amd64 JRE (1.8.0_242-release-1644-b01), built by "builder" with MS VC++ 10.0 (VS2010)

time: Thu Mar 11 12:50:39 2021
timezone: India Standard Time
elapsed time: 49 seconds (0d 0h 0m 49s)

