#
# There is insufficient memory for the Java Runtime Environment to continue.
# Native memory allocation (malloc) failed to allocate 32744 bytes for ChunkPool::allocate
# Possible reasons:
#   The system is out of physical RAM or swap space
#   The process is running with CompressedOops enabled, and the Java Heap may be blocking the growth of the native heap
# Possible solutions:
#   Reduce memory load on the system
#   Increase physical memory or swap space
#   Check if swap backing store is full
#   Decrease Java heap size (-Xmx/-Xms)
#   Decrease number of Java threads
#   Decrease Java thread stack sizes (-Xss)
#   Set larger code cache with -XX:ReservedCodeCacheSize=
#   JVM is running with Unscaled Compressed Oops mode in which the Java heap is
#     placed in the first 4GB address space. The Java Heap base address is the
#     maximum limit for the native heap growth. Please use -XX:HeapBaseMinAddress
#     to set the Java Heap base and to place the Java Heap above 4GB virtual address.
# This output file may be truncated or incomplete.
#
#  Out of Memory Error (allocation.cpp:272), pid=31080, tid=0x0000000000004190
#
# JRE version: OpenJDK Runtime Environment (8.0_242-b01) (build 1.8.0_242-release-1644-b01)
# Java VM: OpenJDK 64-Bit Server VM (25.242-b01 mixed mode windows-amd64 compressed oops)
# Failed to write core dump. Minidumps are not enabled by default on client versions of Windows
#

---------------  T H R E A D  ---------------

Current thread (0x00000000171c7000):  JavaThread "C2 CompilerThread0" daemon [_thread_in_native, id=16784, stack(0x0000000018810000,0x0000000018910000)]

Stack: [0x0000000018810000,0x0000000018910000]
[error occurred during error reporting (printing stack bounds), id 0xc0000005]

Native frames: (J=compiled Java code, j=interpreted, Vv=VM code, C=native code)


Current CompileTask:
C2:  37932 13599       4       org.gradle.api.internal.artifacts.transform.TransformingAsyncArtifactListener::artifactAvailable (98 bytes)


---------------  P R O C E S S  ---------------

Java Threads: ( => current thread )
  0x000000001de61800 JavaThread "RMI TCP Connection(1)-127.0.0.1" daemon [_thread_in_native, id=14940, stack(0x000000002ed10000,0x000000002ee10000)]
  0x000000001de68000 JavaThread "RMI Reaper" [_thread_blocked, id=29928, stack(0x000000002ea10000,0x000000002eb10000)]
  0x000000001de65000 JavaThread "RMI TCP Accept-0" daemon [_thread_in_native, id=27364, stack(0x000000002e910000,0x000000002ea10000)]
  0x000000001de60800 JavaThread "GC Daemon" daemon [_thread_blocked, id=27552, stack(0x000000002e810000,0x000000002e910000)]
  0x000000001de67800 JavaThread "RMI RenewClean-[127.0.0.1:17816,org.jetbrains.kotlin.daemon.common.LoopbackNetworkInterface$ClientLoopbackSocketFactory@1919ebe6]" daemon [_thread_blocked, id=7448, stack(0x000000002e710000,0x000000002e810000)]
  0x000000001de63800 JavaThread "RMI Scheduler(0)" daemon [_thread_blocked, id=7260, stack(0x000000002e610000,0x000000002e710000)]
  0x000000001de63000 JavaThread "stdout" [_thread_in_native, id=31364, stack(0x000000002dd30000,0x000000002de30000)]
  0x000000001de62000 JavaThread "stderr" [_thread_in_native, id=28888, stack(0x000000002dc30000,0x000000002dd30000)]
  0x000000001de60000 JavaThread "stdout" [_thread_in_native, id=27392, stack(0x000000002db30000,0x000000002dc30000)]
  0x000000001de66000 JavaThread "stderr" [_thread_in_native, id=10292, stack(0x000000002da30000,0x000000002db30000)]
  0x000000001de66800 JavaThread "stdout" [_thread_in_native, id=13628, stack(0x000000002d930000,0x000000002da30000)]
  0x000000001e3be000 JavaThread "stderr" [_thread_in_native, id=32252, stack(0x000000002d830000,0x000000002d930000)]
  0x000000001e3bb000 JavaThread "stdout" [_thread_in_native, id=12720, stack(0x000000002d730000,0x000000002d830000)]
  0x000000001e3bc800 JavaThread "stderr" [_thread_in_native, id=6664, stack(0x000000002d630000,0x000000002d730000)]
  0x000000001e3bd000 JavaThread "pool-2-thread-1" [_thread_blocked, id=20456, stack(0x000000002d530000,0x000000002d630000)]
  0x000000001e3be800 JavaThread "WorkerExecutor Queue Thread 4" [_thread_blocked, id=21216, stack(0x000000002d1a0000,0x000000002d2a0000)]
  0x000000001e3bb800 JavaThread "WorkerExecutor Queue Thread 3" [_thread_blocked, id=8516, stack(0x000000002d0a0000,0x000000002d1a0000)]
  0x000000001e3b8800 JavaThread "WorkerExecutor Queue Thread 2" [_thread_blocked, id=31516, stack(0x000000002cfa0000,0x000000002d0a0000)]
  0x000000001e3b0800 JavaThread "Cache worker for execution history cache (C:\Users\kishorek\Desktop\AndroidStudioProjects\ShieldSecuritySystem\.gradle\6.5\executionHistory)" [_thread_blocked, id=21412, stack(0x000000002c5a0000,0x000000002c6a0000)]
  0x000000001e3b1000 JavaThread "Execution worker for ':' Thread 3" [_thread_blocked, id=14472, stack(0x000000002c4a0000,0x000000002c5a0000)]
  0x000000001e3b5000 JavaThread "Execution worker for ':' Thread 2" [_thread_blocked, id=6000, stack(0x000000002c3a0000,0x000000002c4a0000)]
  0x000000001e3b6800 JavaThread "Execution worker for ':'" [_thread_blocked, id=4896, stack(0x000000002c2a0000,0x000000002c3a0000)]
  0x000000001e3b5800 JavaThread "Cache worker for file content cache (C:\Users\kishorek\Desktop\AndroidStudioProjects\ShieldSecuritySystem\.gradle\6.5\fileContent)" [_thread_blocked, id=8996, stack(0x000000002bfa0000,0x000000002c0a0000)]
  0x000000001e3b7000 JavaThread "Memory manager" [_thread_blocked, id=32536, stack(0x000000002a720000,0x000000002a820000)]
  0x000000001e3af800 JavaThread "Cache worker for Build Output Cleanup Cache (C:\Users\kishorek\Desktop\AndroidStudioProjects\ShieldSecuritySystem\.gradle\buildOutputCleanup)" [_thread_blocked, id=18980, stack(0x0000000029820000,0x0000000029920000)]
  0x000000001e3b3800 JavaThread "jar transforms Thread 116" [_thread_blocked, id=30872, stack(0x0000000029320000,0x0000000029420000)]
  0x000000001e3b4000 JavaThread "jar transforms Thread 115" [_thread_blocked, id=18488, stack(0x0000000029220000,0x0000000029320000)]
  0x000000001eb71800 JavaThread "jar transforms Thread 114" [_thread_blocked, id=13968, stack(0x0000000029120000,0x0000000029220000)]
  0x000000001eb78800 JavaThread "jar transforms Thread 113" [_thread_blocked, id=27752, stack(0x0000000029020000,0x0000000029120000)]
  0x000000001eb74800 JavaThread "jar transforms Thread 112" [_thread_blocked, id=3240, stack(0x0000000028f20000,0x0000000029020000)]
  0x000000001eb72800 JavaThread "jar transforms Thread 111" [_thread_blocked, id=13732, stack(0x0000000028e20000,0x0000000028f20000)]
  0x000000001eb77000 JavaThread "jar transforms Thread 110" [_thread_blocked, id=26836, stack(0x0000000028d20000,0x0000000028e20000)]
  0x000000001eb76000 JavaThread "jar transforms Thread 109" [_thread_blocked, id=6440, stack(0x0000000028c20000,0x0000000028d20000)]
  0x000000001eb75800 JavaThread "jar transforms Thread 108" [_thread_blocked, id=27924, stack(0x0000000028b20000,0x0000000028c20000)]
  0x000000001eb71000 JavaThread "jar transforms Thread 107" [_thread_blocked, id=18168, stack(0x0000000028920000,0x0000000028a20000)]
  0x000000001eb73000 JavaThread "jar transforms Thread 106" [_thread_blocked, id=27336, stack(0x0000000028820000,0x0000000028920000)]
  0x000000001eb74000 JavaThread "jar transforms Thread 105" [_thread_blocked, id=28844, stack(0x0000000028720000,0x0000000028820000)]
  0x000000001eb77800 JavaThread "jar transforms Thread 104" [_thread_blocked, id=26824, stack(0x0000000028620000,0x0000000028720000)]
  0x000000001eb6c800 JavaThread "jar transforms Thread 103" [_thread_blocked, id=31008, stack(0x0000000028520000,0x0000000028620000)]
  0x000000001eb6a000 JavaThread "jar transforms Thread 102" [_thread_blocked, id=25268, stack(0x0000000028420000,0x0000000028520000)]
  0x000000001eb6b000 JavaThread "jar transforms Thread 101" [_thread_blocked, id=28240, stack(0x0000000028320000,0x0000000028420000)]
  0x000000001eb69800 JavaThread "jar transforms Thread 100" [_thread_blocked, id=24792, stack(0x0000000028220000,0x0000000028320000)]
  0x000000001eb70000 JavaThread "jar transforms Thread 99" [_thread_blocked, id=30188, stack(0x0000000028120000,0x0000000028220000)]
  0x000000001eb6f800 JavaThread "jar transforms Thread 98" [_thread_blocked, id=9612, stack(0x0000000028020000,0x0000000028120000)]
  0x000000001eb6e800 JavaThread "jar transforms Thread 97" [_thread_blocked, id=15752, stack(0x0000000027f20000,0x0000000028020000)]
  0x000000001eb6b800 JavaThread "jar transforms Thread 96" [_thread_blocked, id=22564, stack(0x0000000027e20000,0x0000000027f20000)]
  0x000000001eb6e000 JavaThread "jar transforms Thread 95" [_thread_blocked, id=26676, stack(0x0000000027d20000,0x0000000027e20000)]
  0x000000001eb6d000 JavaThread "jar transforms Thread 94" [_thread_blocked, id=31800, stack(0x0000000027c20000,0x0000000027d20000)]
  0x000000001db3f800 JavaThread "jar transforms Thread 93" [_thread_blocked, id=8456, stack(0x0000000027b20000,0x0000000027c20000)]
  0x000000001db3b000 JavaThread "jar transforms Thread 92" [_thread_blocked, id=22984, stack(0x0000000027a20000,0x0000000027b20000)]
  0x000000001db38000 JavaThread "jar transforms Thread 91" [_thread_blocked, id=7108, stack(0x0000000027920000,0x0000000027a20000)]
  0x000000001db39800 JavaThread "jar transforms Thread 90" [_thread_blocked, id=10224, stack(0x0000000027820000,0x0000000027920000)]
  0x000000001db3c800 JavaThread "jar transforms Thread 89" [_thread_blocked, id=5496, stack(0x0000000027720000,0x0000000027820000)]
  0x000000001db3e000 JavaThread "jar transforms Thread 88" [_thread_blocked, id=20260, stack(0x0000000027620000,0x0000000027720000)]
  0x000000001db38800 JavaThread "jar transforms Thread 87" [_thread_blocked, id=19904, stack(0x0000000027520000,0x0000000027620000)]
  0x000000001db3a000 JavaThread "jar transforms Thread 86" [_thread_blocked, id=7284, stack(0x0000000027420000,0x0000000027520000)]
  0x000000001db3e800 JavaThread "jar transforms Thread 85" [_thread_blocked, id=32188, stack(0x0000000027320000,0x0000000027420000)]
  0x000000001db3b800 JavaThread "jar transforms Thread 84" [_thread_blocked, id=17432, stack(0x0000000027220000,0x0000000027320000)]
  0x000000001db3d000 JavaThread "jar transforms Thread 83" [_thread_blocked, id=24144, stack(0x0000000027120000,0x0000000027220000)]
  0x000000001db30800 JavaThread "jar transforms Thread 82" [_thread_blocked, id=19784, stack(0x0000000027020000,0x0000000027120000)]
  0x000000001db32800 JavaThread "jar transforms Thread 81" [_thread_blocked, id=26492, stack(0x0000000026f20000,0x0000000027020000)]
  0x000000001db32000 JavaThread "jar transforms Thread 80" [_thread_blocked, id=24468, stack(0x0000000026e20000,0x0000000026f20000)]
  0x000000001db37000 JavaThread "jar transforms Thread 79" [_thread_blocked, id=21900, stack(0x0000000026d20000,0x0000000026e20000)]
  0x000000001db36800 JavaThread "jar transforms Thread 78" [_thread_blocked, id=28704, stack(0x0000000026c20000,0x0000000026d20000)]
  0x000000001db35800 JavaThread "jar transforms Thread 77" [_thread_blocked, id=18376, stack(0x0000000026b20000,0x0000000026c20000)]
  0x000000001db35000 JavaThread "jar transforms Thread 76" [_thread_blocked, id=7852, stack(0x0000000026a20000,0x0000000026b20000)]
  0x000000001db34000 JavaThread "jar transforms Thread 75" [_thread_blocked, id=30340, stack(0x0000000026920000,0x0000000026a20000)]
  0x000000001db31000 JavaThread "jar transforms Thread 74" [_thread_blocked, id=4996, stack(0x0000000026820000,0x0000000026920000)]
  0x000000001db33800 JavaThread "jar transforms Thread 73" [_thread_blocked, id=11672, stack(0x0000000026720000,0x0000000026820000)]
  0x0000000019f27000 JavaThread "jar transforms Thread 72" [_thread_blocked, id=20740, stack(0x0000000026620000,0x0000000026720000)]
  0x0000000019f24000 JavaThread "jar transforms Thread 71" [_thread_blocked, id=20628, stack(0x0000000026520000,0x0000000026620000)]
  0x0000000019f26800 JavaThread "jar transforms Thread 70" [_thread_blocked, id=12312, stack(0x0000000026420000,0x0000000026520000)]
  0x0000000019f23800 JavaThread "jar transforms Thread 69" [_thread_blocked, id=27376, stack(0x0000000026320000,0x0000000026420000)]
  0x0000000019f22800 JavaThread "jar transforms Thread 68" [_thread_blocked, id=14264, stack(0x0000000026220000,0x0000000026320000)]
  0x0000000019f25000 JavaThread "jar transforms Thread 67" [_thread_blocked, id=28612, stack(0x0000000026120000,0x0000000026220000)]
  0x0000000019f22000 JavaThread "jar transforms Thread 66" [_thread_blocked, id=32488, stack(0x0000000026020000,0x0000000026120000)]
  0x0000000019f28000 JavaThread "jar transforms Thread 65" [_thread_blocked, id=12544, stack(0x0000000025f20000,0x0000000026020000)]
  0x0000000019f25800 JavaThread "jar transforms Thread 64" [_thread_blocked, id=15176, stack(0x0000000025e20000,0x0000000025f20000)]
  0x0000000019f28800 JavaThread "jar transforms Thread 63" [_thread_blocked, id=6224, stack(0x0000000025d20000,0x0000000025e20000)]
  0x0000000019f1a800 JavaThread "jar transforms Thread 62" [_thread_blocked, id=31360, stack(0x0000000025c20000,0x0000000025d20000)]
  0x0000000019f21000 JavaThread "jar transforms Thread 61" [_thread_blocked, id=10232, stack(0x0000000025b20000,0x0000000025c20000)]
  0x0000000019f1f000 JavaThread "jar transforms Thread 60" [_thread_blocked, id=2180, stack(0x0000000025a20000,0x0000000025b20000)]
  0x0000000019f1e000 JavaThread "jar transforms Thread 59" [_thread_blocked, id=3016, stack(0x0000000025920000,0x0000000025a20000)]
  0x0000000019f1d800 JavaThread "jar transforms Thread 58" [_thread_blocked, id=5644, stack(0x0000000025820000,0x0000000025920000)]
  0x0000000019f20800 JavaThread "jar transforms Thread 57" [_thread_blocked, id=22696, stack(0x0000000025720000,0x0000000025820000)]
  0x0000000019f1c000 JavaThread "jar transforms Thread 56" [_thread_blocked, id=10788, stack(0x0000000025620000,0x0000000025720000)]
  0x0000000019f1f800 JavaThread "jar transforms Thread 55" [_thread_blocked, id=11176, stack(0x0000000025520000,0x0000000025620000)]
  0x0000000019f1b000 JavaThread "jar transforms Thread 54" [_thread_blocked, id=21284, stack(0x0000000025420000,0x0000000025520000)]
  0x0000000019f19800 JavaThread "jar transforms Thread 53" [_thread_blocked, id=31704, stack(0x0000000025320000,0x0000000025420000)]
  0x0000000019f1c800 JavaThread "jar transforms Thread 52" [_thread_blocked, id=19652, stack(0x0000000025220000,0x0000000025320000)]
  0x000000001a03f800 JavaThread "jar transforms Thread 51" [_thread_blocked, id=25244, stack(0x0000000025120000,0x0000000025220000)]
  0x000000001a041000 JavaThread "jar transforms Thread 50" [_thread_blocked, id=25168, stack(0x0000000025020000,0x0000000025120000)]
  0x000000001a03e800 JavaThread "jar transforms Thread 49" [_thread_blocked, id=13952, stack(0x0000000024f20000,0x0000000025020000)]
  0x000000001a043000 JavaThread "jar transforms Thread 48" [_thread_blocked, id=29388, stack(0x0000000024e20000,0x0000000024f20000)]
  0x000000001a042800 JavaThread "jar transforms Thread 47" [_thread_blocked, id=27768, stack(0x0000000024d20000,0x0000000024e20000)]
  0x000000001a045800 JavaThread "jar transforms Thread 46" [_thread_blocked, id=22704, stack(0x0000000024c20000,0x0000000024d20000)]
  0x000000001a040000 JavaThread "jar transforms Thread 45" [_thread_blocked, id=10248, stack(0x0000000024b20000,0x0000000024c20000)]
  0x000000001a044800 JavaThread "jar transforms Thread 44" [_thread_blocked, id=31552, stack(0x0000000024a20000,0x0000000024b20000)]
  0x000000001a044000 JavaThread "jar transforms Thread 43" [_thread_blocked, id=9924, stack(0x0000000024920000,0x0000000024a20000)]
  0x000000001a041800 JavaThread "jar transforms Thread 42" [_thread_blocked, id=13432, stack(0x0000000024820000,0x0000000024920000)]
  0x000000001a037000 JavaThread "jar transforms Thread 41" [_thread_blocked, id=5840, stack(0x0000000024720000,0x0000000024820000)]
  0x000000001a038800 JavaThread "jar transforms Thread 40" [_thread_blocked, id=19976, stack(0x0000000024620000,0x0000000024720000)]
  0x000000001a038000 JavaThread "jar transforms Thread 39" [_thread_blocked, id=26064, stack(0x0000000024520000,0x0000000024620000)]
  0x000000001a03e000 JavaThread "jar transforms Thread 38" [_thread_blocked, id=9228, stack(0x0000000024420000,0x0000000024520000)]
  0x000000001a036800 JavaThread "jar transforms Thread 37" [_thread_blocked, id=23644, stack(0x0000000024320000,0x0000000024420000)]
  0x000000001a03b800 JavaThread "jar transforms Thread 36" [_thread_blocked, id=30716, stack(0x0000000024220000,0x0000000024320000)]
  0x000000001a03c800 JavaThread "jar transforms Thread 35" [_thread_blocked, id=17228, stack(0x0000000024120000,0x0000000024220000)]
  0x000000001a03a000 JavaThread "jar transforms Thread 34" [_thread_blocked, id=24116, stack(0x0000000024020000,0x0000000024120000)]
  0x000000001a03b000 JavaThread "jar transforms Thread 33" [_thread_blocked, id=6164, stack(0x0000000023f20000,0x0000000024020000)]
  0x000000001a03d000 JavaThread "jar transforms Thread 32" [_thread_blocked, id=6416, stack(0x0000000023e20000,0x0000000023f20000)]
  0x000000001a039800 JavaThread "jar transforms Thread 31" [_thread_blocked, id=5188, stack(0x0000000023d20000,0x0000000023e20000)]
  0x000000001b3b9000 JavaThread "jar transforms Thread 30" [_thread_blocked, id=17636, stack(0x0000000023c20000,0x0000000023d20000)]
  0x000000001b3b8800 JavaThread "jar transforms Thread 29" [_thread_blocked, id=21780, stack(0x0000000023b20000,0x0000000023c20000)]
  0x000000001b3b7800 JavaThread "jar transforms Thread 28" [_thread_blocked, id=4272, stack(0x0000000023a20000,0x0000000023b20000)]
  0x000000001b3b7000 JavaThread "jar transforms Thread 27" [_thread_blocked, id=19324, stack(0x0000000023920000,0x0000000023a20000)]
  0x000000001b3b1000 JavaThread "jar transforms Thread 26" [_thread_blocked, id=13616, stack(0x0000000023820000,0x0000000023920000)]
  0x000000001b3b6000 JavaThread "jar transforms Thread 25" [_thread_blocked, id=32100, stack(0x0000000023720000,0x0000000023820000)]
  0x000000001b3b5800 JavaThread "jar transforms Thread 24" [_thread_blocked, id=31524, stack(0x0000000023620000,0x0000000023720000)]
  0x000000001b3b4800 JavaThread "jar transforms Thread 23" [_thread_blocked, id=25608, stack(0x0000000023520000,0x0000000023620000)]
  0x000000001b3b4000 JavaThread "jar transforms Thread 22" [_thread_blocked, id=6640, stack(0x0000000023420000,0x0000000023520000)]
  0x000000001b3b3000 JavaThread "jar transforms Thread 21" [_thread_blocked, id=27988, stack(0x0000000023320000,0x0000000023420000)]
  0x000000001b3b2800 JavaThread "jar transforms Thread 20" [_thread_blocked, id=10704, stack(0x0000000023220000,0x0000000023320000)]
  0x000000001b3ab000 JavaThread "jar transforms Thread 19" [_thread_blocked, id=14284, stack(0x0000000023120000,0x0000000023220000)]
  0x000000001b3ac800 JavaThread "jar transforms Thread 18" [_thread_blocked, id=4040, stack(0x0000000023020000,0x0000000023120000)]
  0x000000001b3b1800 JavaThread "jar transforms Thread 17" [_thread_blocked, id=21392, stack(0x0000000022f20000,0x0000000023020000)]
  0x000000001b3af800 JavaThread "jar transforms Thread 16" [_thread_blocked, id=22996, stack(0x0000000022e20000,0x0000000022f20000)]
  0x000000001b3ae800 JavaThread "jar transforms Thread 15" [_thread_blocked, id=17332, stack(0x0000000022d20000,0x0000000022e20000)]
  0x000000001b3b0000 JavaThread "jar transforms Thread 14" [_thread_blocked, id=28244, stack(0x0000000022c20000,0x0000000022d20000)]
  0x000000001b3ae000 JavaThread "jar transforms Thread 13" [_thread_blocked, id=31052, stack(0x0000000022b20000,0x0000000022c20000)]
  0x000000001b3ad000 JavaThread "jar transforms Thread 12" [_thread_blocked, id=15132, stack(0x0000000022a20000,0x0000000022b20000)]
  0x000000001b3aa000 JavaThread "jar transforms Thread 11" [_thread_blocked, id=28172, stack(0x0000000022920000,0x0000000022a20000)]
  0x000000001b3ab800 JavaThread "jar transforms Thread 10" [_thread_blocked, id=7464, stack(0x0000000022820000,0x0000000022920000)]
  0x000000001e0cb000 JavaThread "jar transforms Thread 9" [_thread_blocked, id=19336, stack(0x0000000022720000,0x0000000022820000)]
  0x000000001e0c9000 JavaThread "jar transforms Thread 8" [_thread_blocked, id=11000, stack(0x0000000022620000,0x0000000022720000)]
  0x000000001e0c8000 JavaThread "jar transforms Thread 7" [_thread_blocked, id=28748, stack(0x0000000022520000,0x0000000022620000)]
  0x000000001e0c9800 JavaThread "jar transforms Thread 6" [_thread_blocked, id=18352, stack(0x0000000022420000,0x0000000022520000)]
  0x000000001e0cc800 JavaThread "jar transforms Thread 5" [_thread_blocked, id=29172, stack(0x0000000022320000,0x0000000022420000)]
  0x000000001e0cf000 JavaThread "jar transforms Thread 4" [_thread_blocked, id=12732, stack(0x0000000022220000,0x0000000022320000)]
  0x000000001e0ca800 JavaThread "jar transforms Thread 3" [_thread_blocked, id=18284, stack(0x0000000022120000,0x0000000022220000)]
  0x000000001e0cd800 JavaThread "jar transforms Thread 2" [_thread_blocked, id=28856, stack(0x0000000022020000,0x0000000022120000)]
  0x000000001e0c7800 JavaThread "Build operations Thread 4" [_thread_blocked, id=23916, stack(0x0000000021f20000,0x0000000022020000)]
  0x000000001e0cc000 JavaThread "Build operations Thread 3" [_thread_blocked, id=9928, stack(0x0000000021e20000,0x0000000021f20000)]
  0x000000001e0ce000 JavaThread "Build operations Thread 2" [_thread_in_Java, id=30572, stack(0x0000000021d20000,0x0000000021e20000)]
  0x000000001e0c0000 JavaThread "Build operations" [_thread_blocked, id=30908, stack(0x0000000021c20000,0x0000000021d20000)]
  0x000000001e0c2000 JavaThread "Cache worker for file content cache (C:\Users\kishorek\.gradle\caches\6.5\fileContent)" [_thread_blocked, id=21248, stack(0x0000000020550000,0x0000000020650000)]
  0x000000001e0c4800 JavaThread "jar transforms" [_thread_blocked, id=12072, stack(0x0000000020450000,0x0000000020550000)]
  0x000000001e0c0800 JavaThread "Cache worker for execution history cache (C:\Users\kishorek\.gradle\caches\6.5\executionHistory)" [_thread_blocked, id=15968, stack(0x000000001ff50000,0x0000000020050000)]
  0x000000001e0c1800 JavaThread "Cache worker for cache directory md-rule (C:\Users\kishorek\.gradle\caches\6.5\md-rule)" [_thread_blocked, id=10404, stack(0x000000001fe50000,0x000000001ff50000)]
  0x000000001acde000 JavaThread "Cache worker for cache directory md-supplier (C:\Users\kishorek\.gradle\caches\6.5\md-supplier)" [_thread_blocked, id=14320, stack(0x000000001fd50000,0x000000001fe50000)]
  0x000000001acdc800 JavaThread "Cache worker for checksums cache (C:\Users\kishorek\Desktop\AndroidStudioProjects\ShieldSecuritySystem\.gradle\checksums)" [_thread_blocked, id=3320, stack(0x000000001fc50000,0x000000001fd50000)]
  0x000000001acdf000 JavaThread "Cache worker for file hash cache (C:\Users\kishorek\Desktop\AndroidStudioProjects\ShieldSecuritySystem\.gradle\6.5\fileHashes)" [_thread_blocked, id=2024, stack(0x000000001fb50000,0x000000001fc50000)]
  0x000000001acdc000 JavaThread "Cache worker for file hash cache (C:\Users\kishorek\.gradle\caches\6.5\fileHashes)" [_thread_in_native, id=1416, stack(0x000000001d230000,0x000000001d330000)]
  0x000000001acdd800 JavaThread "File lock request listener" [_thread_in_native, id=29164, stack(0x000000001d130000,0x000000001d230000)]
  0x000000001ad83800 JavaThread "Cache worker for journal cache (C:\Users\kishorek\.gradle\caches\journal-1)" [_thread_in_vm, id=456, stack(0x000000001cf30000,0x000000001d030000)]
  0x00000000193a7000 JavaThread "Thread-9" [_thread_blocked, id=27408, stack(0x000000001cc30000,0x000000001cd30000)]
  0x00000000193a5800 JavaThread "Stdin handler" [_thread_blocked, id=29720, stack(0x000000001cb30000,0x000000001cc30000)]
  0x00000000193a3000 JavaThread "Asynchronous log dispatcher for DefaultDaemonConnection: socket connection from /127.0.0.1:56217 to /127.0.0.1:56218" [_thread_blocked, id=23996, stack(0x000000001ca30000,0x000000001cb30000)]
  0x000000001930e000 JavaThread "Daemon worker" [_thread_blocked, id=29356, stack(0x000000001c930000,0x000000001ca30000)]
  0x000000001930c800 JavaThread "Cancel handler" [_thread_blocked, id=17560, stack(0x000000001c830000,0x000000001c930000)]
  0x0000000019170000 JavaThread "Handler for socket connection from /127.0.0.1:56217 to /127.0.0.1:56218" [_thread_in_native, id=6344, stack(0x000000001c730000,0x000000001c830000)]
  0x000000001916c800 JavaThread "Daemon" [_thread_blocked, id=20856, stack(0x000000001c630000,0x000000001c730000)]
  0x0000000019169800 JavaThread "Daemon periodic checks" [_thread_blocked, id=20780, stack(0x000000001c330000,0x000000001c430000)]
  0x000000001abef800 JavaThread "Incoming local TCP Connector on port 56217" [_thread_in_native, id=32492, stack(0x000000001c0f0000,0x000000001c1f0000)]
  0x000000001ab49000 JavaThread "Daemon health stats" [_thread_blocked, id=12120, stack(0x000000001bab0000,0x000000001bbb0000)]
  0x000000001721d800 JavaThread "Service Thread" daemon [_thread_blocked, id=24828, stack(0x0000000018f10000,0x0000000019010000)]
  0x00000000171d4800 JavaThread "C1 CompilerThread2" daemon [_thread_blocked, id=22904, stack(0x0000000018a10000,0x0000000018b10000)]
  0x00000000171cc000 JavaThread "C2 CompilerThread1" daemon [_thread_in_native, id=31968, stack(0x0000000018910000,0x0000000018a10000)]
=>0x00000000171c7000 JavaThread "C2 CompilerThread0" daemon [_thread_in_native, id=16784, stack(0x0000000018810000,0x0000000018910000)]
  0x00000000171c4800 JavaThread "Attach Listener" daemon [_thread_blocked, id=11268, stack(0x0000000018710000,0x0000000018810000)]
  0x00000000171c1800 JavaThread "Signal Dispatcher" daemon [_thread_blocked, id=16732, stack(0x0000000018610000,0x0000000018710000)]
  0x000000000259b800 JavaThread "Finalizer" daemon [_thread_blocked, id=8328, stack(0x0000000018410000,0x0000000018510000)]
  0x00000000171a9000 JavaThread "Reference Handler" daemon [_thread_blocked, id=29832, stack(0x0000000018310000,0x0000000018410000)]
  0x000000000238e800 JavaThread "main" [_thread_blocked, id=3128, stack(0x00000000023a0000,0x00000000024a0000)]

Other Threads:
  0x0000000017186800 VMThread [stack: 0x0000000018210000,0x0000000018310000] [id=16112]
  0x000000001721e800 WatcherThread [stack: 0x0000000019010000,0x0000000019110000] [id=12796]

VM state:not at safepoint (normal execution)

VM Mutex/Monitor currently owned by a thread: None

heap address: 0x0000000080000000, size: 2048 MB, Compressed Oops mode: 32-bit
Narrow klass base: 0x0000000000000000, Narrow klass shift: 3
Compressed class space size: 1073741824 Address: 0x0000000100000000

Heap:
 PSYoungGen      total 293376K, used 149982K [0x00000000d5580000, 0x00000000ebc00000, 0x0000000100000000)
  eden space 253952K, 48% used [0x00000000d5580000,0x00000000dccf8c60,0x00000000e4d80000)
  from space 39424K, 70% used [0x00000000e4d80000,0x00000000e687eef0,0x00000000e7400000)
  to   space 41472K, 0% used [0x00000000e9380000,0x00000000e9380000,0x00000000ebc00000)
 ParOldGen       total 128512K, used 82724K [0x0000000080000000, 0x0000000087d80000, 0x00000000d5580000)
  object space 128512K, 64% used [0x0000000080000000,0x00000000850c93e0,0x0000000087d80000)
 Metaspace       used 84047K, capacity 87896K, committed 88088K, reserved 1126400K
  class space    used 11292K, capacity 12042K, committed 12080K, reserved 1048576K

Card table byte_map: [0x0000000011960000,0x0000000011d70000] byte_map_base: 0x0000000011560000

Marking Bits: (ParMarkBitMap*) 0x000000007602f030
 Begin Bits: [0x0000000012420000, 0x0000000014420000)
 End Bits:   [0x0000000014420000, 0x0000000016420000)

Polling page: 0x00000000022f0000

CodeCache: size=245760Kb used=35256Kb max_used=36151Kb free=210503Kb
 bounds [0x00000000025a0000, 0x0000000004950000, 0x00000000115a0000]
 total_blobs=11915 nmethods=11028 adapters=797
 compilation: enabled

Compilation events (10 events):
Event: 37.923 Thread 0x00000000171d4800 13604   !   3       com.google.common.collect.MapMakerInternalMap$Segment::put (298 bytes)
Event: 37.925 Thread 0x00000000171d4800 nmethod 13604 0x00000000032abc10 code [0x00000000032abfa0, 0x00000000032ae3e8]
Event: 37.927 Thread 0x00000000171d4800 13605       2       java.util.TimSort::sort (229 bytes)
Event: 37.928 Thread 0x00000000171d4800 nmethod 13605 0x0000000003881690 code [0x0000000003881860, 0x0000000003881d18]
Event: 37.928 Thread 0x00000000171d4800 13606       2       java.io.BufferedInputStream::getInIfOpen (21 bytes)
Event: 37.928 Thread 0x00000000171d4800 nmethod 13606 0x0000000002725d10 code [0x0000000002725e80, 0x0000000002726088]
Event: 37.929 Thread 0x00000000171d4800 13607       3       java.io.BufferedInputStream::fill (233 bytes)
Event: 37.930 Thread 0x00000000171d4800 nmethod 13607 0x00000000028b04d0 code [0x00000000028b0740, 0x00000000028b1638]
Event: 37.930 Thread 0x00000000171d4800 13608       3       com.google.common.cache.LocalCache$Segment::removeValueFromChain (67 bytes)
Event: 37.931 Thread 0x00000000171d4800 nmethod 13608 0x00000000030fc390 code [0x00000000030fc560, 0x00000000030fcba8]

GC Heap History (10 events):
Event: 13.074 GC heap before
{Heap before GC invocations=16 (full 3):
 PSYoungGen      total 198144K, used 179712K [0x00000000d5580000, 0x00000000e2f00000, 0x0000000100000000)
  eden space 179712K, 100% used [0x00000000d5580000,0x00000000e0500000,0x00000000e0500000)
  from space 18432K, 0% used [0x00000000e1900000,0x00000000e1900000,0x00000000e2b00000)
  to   space 20480K, 0% used [0x00000000e0500000,0x00000000e0500000,0x00000000e1900000)
 ParOldGen       total 128512K, used 35209K [0x0000000080000000, 0x0000000087d80000, 0x00000000d5580000)
  object space 128512K, 27% used [0x0000000080000000,0x0000000082262680,0x0000000087d80000)
 Metaspace       used 66503K, capacity 69284K, committed 69400K, reserved 1110016K
  class space    used 9151K, capacity 9753K, committed 9776K, reserved 1048576K
Event: 13.091 GC heap after
Heap after GC invocations=16 (full 3):
 PSYoungGen      total 200192K, used 18451K [0x00000000d5580000, 0x00000000e5600000, 0x0000000100000000)
  eden space 179712K, 0% used [0x00000000d5580000,0x00000000d5580000,0x00000000e0500000)
  from space 20480K, 90% used [0x00000000e0500000,0x00000000e1704f30,0x00000000e1900000)
  to   space 22528K, 0% used [0x00000000e4000000,0x00000000e4000000,0x00000000e5600000)
 ParOldGen       total 128512K, used 35217K [0x0000000080000000, 0x0000000087d80000, 0x00000000d5580000)
  object space 128512K, 27% used [0x0000000080000000,0x0000000082264680,0x0000000087d80000)
 Metaspace       used 66503K, capacity 69284K, committed 69400K, reserved 1110016K
  class space    used 9151K, capacity 9753K, committed 9776K, reserved 1048576K
}
Event: 15.300 GC heap before
{Heap before GC invocations=17 (full 3):
 PSYoungGen      total 200192K, used 198163K [0x00000000d5580000, 0x00000000e5600000, 0x0000000100000000)
  eden space 179712K, 100% used [0x00000000d5580000,0x00000000e0500000,0x00000000e0500000)
  from space 20480K, 90% used [0x00000000e0500000,0x00000000e1704f30,0x00000000e1900000)
  to   space 22528K, 0% used [0x00000000e4000000,0x00000000e4000000,0x00000000e5600000)
 ParOldGen       total 128512K, used 35217K [0x0000000080000000, 0x0000000087d80000, 0x00000000d5580000)
  object space 128512K, 27% used [0x0000000080000000,0x0000000082264680,0x0000000087d80000)
 Metaspace       used 69136K, capacity 72474K, committed 72600K, reserved 1112064K
  class space    used 9472K, capacity 10144K, committed 10160K, reserved 1048576K
Event: 15.334 GC heap after
Heap after GC invocations=17 (full 3):
 PSYoungGen      total 233984K, used 22509K [0x00000000d5580000, 0x00000000e6380000, 0x0000000100000000)
  eden space 211456K, 0% used [0x00000000d5580000,0x00000000d5580000,0x00000000e2400000)
  from space 22528K, 99% used [0x00000000e4000000,0x00000000e55fb540,0x00000000e5600000)
  to   space 28672K, 0% used [0x00000000e2400000,0x00000000e2400000,0x00000000e4000000)
 ParOldGen       total 128512K, used 41909K [0x0000000080000000, 0x0000000087d80000, 0x00000000d5580000)
  object space 128512K, 32% used [0x0000000080000000,0x00000000828ed7c0,0x0000000087d80000)
 Metaspace       used 69136K, capacity 72474K, committed 72600K, reserved 1112064K
  class space    used 9472K, capacity 10144K, committed 10160K, reserved 1048576K
}
Event: 18.527 GC heap before
{Heap before GC invocations=18 (full 3):
 PSYoungGen      total 233984K, used 233965K [0x00000000d5580000, 0x00000000e6380000, 0x0000000100000000)
  eden space 211456K, 100% used [0x00000000d5580000,0x00000000e2400000,0x00000000e2400000)
  from space 22528K, 99% used [0x00000000e4000000,0x00000000e55fb540,0x00000000e5600000)
  to   space 28672K, 0% used [0x00000000e2400000,0x00000000e2400000,0x00000000e4000000)
 ParOldGen       total 128512K, used 41909K [0x0000000080000000, 0x0000000087d80000, 0x00000000d5580000)
  object space 128512K, 32% used [0x0000000080000000,0x00000000828ed7c0,0x0000000087d80000)
 Metaspace       used 72689K, capacity 76044K, committed 76312K, reserved 1116160K
  class space    used 9878K, capacity 10533K, committed 10544K, reserved 1048576K
Event: 18.565 GC heap after
Heap after GC invocations=18 (full 3):
 PSYoungGen      total 240128K, used 28661K [0x00000000d5580000, 0x00000000e9f00000, 0x0000000100000000)
  eden space 211456K, 0% used [0x00000000d5580000,0x00000000d5580000,0x00000000e2400000)
  from space 28672K, 99% used [0x00000000e2400000,0x00000000e3ffd5d0,0x00000000e4000000)
  to   space 40448K, 0% used [0x00000000e7780000,0x00000000e7780000,0x00000000e9f00000)
 ParOldGen       total 128512K, used 62336K [0x0000000080000000, 0x0000000087d80000, 0x00000000d5580000)
  object space 128512K, 48% used [0x0000000080000000,0x0000000083ce01d8,0x0000000087d80000)
 Metaspace       used 72689K, capacity 76044K, committed 76312K, reserved 1116160K
  class space    used 9878K, capacity 10533K, committed 10544K, reserved 1048576K
}
Event: 22.491 GC heap before
{Heap before GC invocations=19 (full 3):
 PSYoungGen      total 240128K, used 240117K [0x00000000d5580000, 0x00000000e9f00000, 0x0000000100000000)
  eden space 211456K, 100% used [0x00000000d5580000,0x00000000e2400000,0x00000000e2400000)
  from space 28672K, 99% used [0x00000000e2400000,0x00000000e3ffd5d0,0x00000000e4000000)
  to   space 40448K, 0% used [0x00000000e7780000,0x00000000e7780000,0x00000000e9f00000)
 ParOldGen       total 128512K, used 62336K [0x0000000080000000, 0x0000000087d80000, 0x00000000d5580000)
  object space 128512K, 48% used [0x0000000080000000,0x0000000083ce01d8,0x0000000087d80000)
 Metaspace       used 77153K, capacity 80638K, committed 80792K, reserved 1118208K
  class space    used 10405K, capacity 11100K, committed 11184K, reserved 1048576K
Event: 22.525 GC heap after
Heap after GC invocations=19 (full 3):
 PSYoungGen      total 289792K, used 19576K [0x00000000d5580000, 0x00000000e9a80000, 0x0000000100000000)
  eden space 253952K, 0% used [0x00000000d5580000,0x00000000d5580000,0x00000000e4d80000)
  from space 35840K, 54% used [0x00000000e7780000,0x00000000e8a9e360,0x00000000e9a80000)
  to   space 39424K, 0% used [0x00000000e4d80000,0x00000000e4d80000,0x00000000e7400000)
 ParOldGen       total 128512K, used 82716K [0x0000000080000000, 0x0000000087d80000, 0x00000000d5580000)
  object space 128512K, 64% used [0x0000000080000000,0x00000000850c73e0,0x0000000087d80000)
 Metaspace       used 77153K, capacity 80638K, committed 80792K, reserved 1118208K
  class space    used 10405K, capacity 11100K, committed 11184K, reserved 1048576K
}
Event: 28.107 GC heap before
{Heap before GC invocations=20 (full 3):
 PSYoungGen      total 289792K, used 273528K [0x00000000d5580000, 0x00000000e9a80000, 0x0000000100000000)
  eden space 253952K, 100% used [0x00000000d5580000,0x00000000e4d80000,0x00000000e4d80000)
  from space 35840K, 54% used [0x00000000e7780000,0x00000000e8a9e360,0x00000000e9a80000)
  to   space 39424K, 0% used [0x00000000e4d80000,0x00000000e4d80000,0x00000000e7400000)
 ParOldGen       total 128512K, used 82716K [0x0000000080000000, 0x0000000087d80000, 0x00000000d5580000)
  object space 128512K, 64% used [0x0000000080000000,0x00000000850c73e0,0x0000000087d80000)
 Metaspace       used 80158K, capacity 83940K, committed 84248K, reserved 1122304K
  class space    used 10743K, capacity 11475K, committed 11568K, reserved 1048576K
Event: 28.129 GC heap after
Heap after GC invocations=20 (full 3):
 PSYoungGen      total 293376K, used 27643K [0x00000000d5580000, 0x00000000ebc00000, 0x0000000100000000)
  eden space 253952K, 0% used [0x00000000d5580000,0x00000000d5580000,0x00000000e4d80000)
  from space 39424K, 70% used [0x00000000e4d80000,0x00000000e687eef0,0x00000000e7400000)
  to   space 41472K, 0% used [0x00000000e9380000,0x00000000e9380000,0x00000000ebc00000)
 ParOldGen       total 128512K, used 82724K [0x0000000080000000, 0x0000000087d80000, 0x00000000d5580000)
  object space 128512K, 64% used [0x0000000080000000,0x00000000850c93e0,0x0000000087d80000)
 Metaspace       used 80158K, capacity 83940K, committed 84248K, reserved 1122304K
  class space    used 10743K, capacity 11475K, committed 11568K, reserved 1048576K
}

Deoptimization events (10 events):
Event: 37.921 Thread 0x000000001e3b6800 Uncommon trap: reason=bimorphic action=maybe_recompile pc=0x0000000003e12a48 method=org.gradle.api.internal.artifacts.transform.TransformationSubject$InitialArtifactTransformationSubject.getProducer()Ljava/util/Optional; @ 4
Event: 37.921 Thread 0x000000001e3b6800 Uncommon trap: reason=class_check action=maybe_recompile pc=0x0000000003e593c4 method=org.gradle.api.internal.artifacts.transform.ConsumerProvidedResolvedVariant.startVisit(Lorg/gradle/internal/operations/BuildOperationQueue;Lorg/gradle/api/internal/artif
Event: 37.921 Thread 0x000000001e3b6800 Uncommon trap: reason=class_check action=maybe_recompile pc=0x000000000319e698 method=org.gradle.api.internal.artifacts.transform.TransformingAsyncArtifactListener.artifactAvailable(Lorg/gradle/api/internal/artifacts/ivyservice/resolveengine/artifact/Reso
Event: 37.921 Thread 0x000000001e3b6800 Uncommon trap: reason=bimorphic action=maybe_recompile pc=0x0000000004377024 method=org.gradle.api.internal.artifacts.transform.DefaultTransformationNodeRegistry$ArtifactTransformKey.hashCode()I @ 4
Event: 37.921 Thread 0x000000001e3b6800 Uncommon trap: reason=bimorphic action=maybe_recompile pc=0x0000000003e12a48 method=org.gradle.api.internal.artifacts.transform.TransformationSubject$InitialArtifactTransformationSubject.getProducer()Ljava/util/Optional; @ 4
Event: 37.921 Thread 0x000000001e3b6800 Uncommon trap: reason=bimorphic action=maybe_recompile pc=0x0000000003e1edc4 method=org.gradle.api.internal.artifacts.transform.DefaultTransformationNodeRegistry$ArtifactTransformKey.hashCode()I @ 4
Event: 37.921 Thread 0x000000001e3b6800 Uncommon trap: reason=bimorphic action=maybe_recompile pc=0x0000000003e05b50 method=org.gradle.api.internal.artifacts.transform.TransformationSubject$InitialArtifactTransformationSubject.getProducer()Ljava/util/Optional; @ 4
Event: 37.921 Thread 0x000000001e3b6800 Uncommon trap: reason=bimorphic action=maybe_recompile pc=0x0000000003e070d0 method=org.gradle.api.internal.artifacts.transform.TransformationSubject$InitialArtifactTransformationSubject.getProducer()Ljava/util/Optional; @ 4
Event: 37.923 Thread 0x000000001e0cc000 Uncommon trap: reason=unstable_if action=reinterpret pc=0x0000000003b29320 method=com.google.common.collect.MapMakerInternalMap$Segment.put(Ljava/lang/Object;ILjava/lang/Object;Z)Ljava/lang/Object; @ 92
Event: 37.923 Thread 0x000000001e0cc000 Uncommon trap: reason=unstable_if action=reinterpret pc=0x0000000003c8bdfc method=com.google.common.collect.Interners$InternerImpl.intern(Ljava/lang/Object;)Ljava/lang/Object; @ 42

Classes redefined (0 events):
No events

Internal exceptions (10 events):
Event: 30.614 Thread 0x000000001e3b6800 Exception <a 'java/lang/NoSuchMethodError': <clinit>> (0x00000000dc084878) thrown at [C:\src\AOSP-openjdk-git\hotspot\src\share\vm\prims\jni.cpp, line 1615]
Event: 30.625 Thread 0x000000001e3b6800 Exception <a 'java/lang/NoSuchMethodError': <clinit>> (0x00000000dc093190) thrown at [C:\src\AOSP-openjdk-git\hotspot\src\share\vm\prims\jni.cpp, line 1615]
Event: 30.628 Thread 0x000000001e3b6800 Exception <a 'java/lang/NoSuchMethodError': <clinit>> (0x00000000dc0b9488) thrown at [C:\src\AOSP-openjdk-git\hotspot\src\share\vm\prims\jni.cpp, line 1615]
Event: 30.637 Thread 0x000000001de67800 Exception <a 'java/lang/InterruptedException'> (0x00000000dc12d7c8) thrown at [C:\src\AOSP-openjdk-git\hotspot\src\share\vm\runtime\objectMonitor.cpp, line 1680]
Event: 30.650 Thread 0x000000001e3b6800 Exception <a 'java/lang/NoSuchMethodError': <clinit>> (0x00000000dc126320) thrown at [C:\src\AOSP-openjdk-git\hotspot\src\share\vm\prims\jni.cpp, line 1615]
Event: 30.651 Thread 0x000000001e3b6800 Exception <a 'java/lang/NoSuchMethodError': <clinit>> (0x00000000dc169110) thrown at [C:\src\AOSP-openjdk-git\hotspot\src\share\vm\prims\jni.cpp, line 1615]
Event: 30.652 Thread 0x000000001e3b6800 Exception <a 'java/lang/NoSuchMethodError': <clinit>> (0x00000000dc178cc8) thrown at [C:\src\AOSP-openjdk-git\hotspot\src\share\vm\prims\jni.cpp, line 1615]
Event: 30.658 Thread 0x000000001e3b6800 Exception <a 'java/lang/NoSuchMethodError': <clinit>> (0x00000000dc19f7c8) thrown at [C:\src\AOSP-openjdk-git\hotspot\src\share\vm\prims\jni.cpp, line 1615]
Event: 30.678 Thread 0x000000001e3b6800 Exception <a 'java/lang/NoSuchMethodError': <clinit>> (0x00000000dc3246e8) thrown at [C:\src\AOSP-openjdk-git\hotspot\src\share\vm\prims\jni.cpp, line 1615]
Event: 30.683 Thread 0x000000001e3b6800 Exception <a 'java/lang/NoSuchMethodError': <clinit>> (0x00000000dc3db438) thrown at [C:\src\AOSP-openjdk-git\hotspot\src\share\vm\prims\jni.cpp, line 1615]

Events (10 events):
Event: 37.921 Thread 0x000000001e3b6800 DEOPT UNPACKING pc=0x00000000025e557b sp=0x000000002c39c140 mode 2
Event: 37.921 Thread 0x000000001e3b6800 Uncommon trap: trap_request=0xffffffc6 fr.pc=0x0000000003e070d0
Event: 37.921 Thread 0x000000001e3b6800 DEOPT PACKING pc=0x0000000003e070d0 sp=0x000000002c39c1b0
Event: 37.921 Thread 0x000000001e3b6800 DEOPT UNPACKING pc=0x00000000025e557b sp=0x000000002c39c140 mode 2
Event: 37.923 Thread 0x000000001e0cc000 Uncommon trap: trap_request=0xffffff65 fr.pc=0x0000000003b29320
Event: 37.923 Thread 0x000000001e0cc000 DEOPT PACKING pc=0x0000000003b29320 sp=0x0000000021f1cdb0
Event: 37.923 Thread 0x000000001e0cc000 DEOPT UNPACKING pc=0x00000000025e557b sp=0x0000000021f1cd50 mode 2
Event: 37.923 Thread 0x000000001e0cc000 Uncommon trap: trap_request=0xffffff65 fr.pc=0x0000000003c8bdfc
Event: 37.923 Thread 0x000000001e0cc000 DEOPT PACKING pc=0x0000000003c8bdfc sp=0x0000000021f1ce50
Event: 37.923 Thread 0x000000001e0cc000 DEOPT UNPACKING pc=0x00000000025e557b sp=0x0000000021f1cd48 mode 2


Dynamic libraries:
0x00007ff6f3180000 - 0x00007ff6f31b1000 	C:\Program Files\Android\Android Studio\jre\bin\java.exe
0x00007ff9440d0000 - 0x00007ff9442bd000 	C:\WINDOWS\SYSTEM32\ntdll.dll
0x00007ff941790000 - 0x00007ff941843000 	C:\WINDOWS\System32\KERNEL32.DLL
0x00007ff9402b0000 - 0x00007ff940543000 	C:\WINDOWS\System32\KERNELBASE.dll
0x00007ff941fc0000 - 0x00007ff942063000 	C:\WINDOWS\System32\ADVAPI32.dll
0x00007ff941ef0000 - 0x00007ff941f8e000 	C:\WINDOWS\System32\msvcrt.dll
0x00007ff941690000 - 0x00007ff94172e000 	C:\WINDOWS\System32\sechost.dll
0x00007ff941cf0000 - 0x00007ff941e12000 	C:\WINDOWS\System32\RPCRT4.dll
0x00007ff943e60000 - 0x00007ff943ff7000 	C:\WINDOWS\System32\USER32.dll
0x00007ff940210000 - 0x00007ff940230000 	C:\WINDOWS\System32\win32u.dll
0x00007ff944010000 - 0x00007ff944039000 	C:\WINDOWS\System32\GDI32.dll
0x00007ff940550000 - 0x00007ff9406e9000 	C:\WINDOWS\System32\gdi32full.dll
0x00007ff9406f0000 - 0x00007ff940790000 	C:\WINDOWS\System32\msvcp_win.dll
0x00007ff9407e0000 - 0x00007ff9408da000 	C:\WINDOWS\System32\ucrtbase.dll
0x00007ff92f520000 - 0x00007ff92f799000 	C:\WINDOWS\WinSxS\amd64_microsoft.windows.common-controls_6595b64144ccf1df_6.0.17763.802_none_05b1445c0722d2cc\COMCTL32.dll
0x00007ff9412f0000 - 0x00007ff94161c000 	C:\WINDOWS\System32\combase.dll
0x00007ff940230000 - 0x00007ff9402ae000 	C:\WINDOWS\System32\bcryptPrimitives.dll
0x00007ff941f90000 - 0x00007ff941fbe000 	C:\WINDOWS\System32\IMM32.DLL
0x00000000756a0000 - 0x0000000075772000 	C:\Program Files\Android\Android Studio\jre\jre\bin\msvcr100.dll
0x0000000075860000 - 0x00000000760ab000 	C:\Program Files\Android\Android Studio\jre\jre\bin\server\jvm.dll
0x00007ff941980000 - 0x00007ff941988000 	C:\WINDOWS\System32\PSAPI.DLL
0x00007ff93c950000 - 0x00007ff93c974000 	C:\WINDOWS\SYSTEM32\WINMM.dll
0x00007ff92b740000 - 0x00007ff92b749000 	C:\WINDOWS\SYSTEM32\WSOCK32.dll
0x00007ff93b5d0000 - 0x00007ff93b5da000 	C:\WINDOWS\SYSTEM32\VERSION.dll
0x00007ff9425a0000 - 0x00007ff94260d000 	C:\WINDOWS\System32\WS2_32.dll
0x00007ff93c4a0000 - 0x00007ff93c4cd000 	C:\WINDOWS\SYSTEM32\WINMMBASE.dll
0x00007ff940790000 - 0x00007ff9407da000 	C:\WINDOWS\System32\cfgmgr32.dll
0x00007ff93c610000 - 0x00007ff93c61f000 	C:\Program Files\Android\Android Studio\jre\jre\bin\verify.dll
0x00007ff9316e0000 - 0x00007ff931709000 	C:\Program Files\Android\Android Studio\jre\jre\bin\java.dll
0x00007ff92e530000 - 0x00007ff92e546000 	C:\Program Files\Android\Android Studio\jre\jre\bin\zip.dll
0x00007ff942780000 - 0x00007ff943c74000 	C:\WINDOWS\System32\SHELL32.dll
0x00007ff9418d0000 - 0x00007ff941978000 	C:\WINDOWS\System32\shcore.dll
0x00007ff940ba0000 - 0x00007ff9412ed000 	C:\WINDOWS\System32\windows.storage.dll
0x00007ff940160000 - 0x00007ff940184000 	C:\WINDOWS\System32\profapi.dll
0x00007ff9400c0000 - 0x00007ff94011d000 	C:\WINDOWS\System32\powrprof.dll
0x00007ff941730000 - 0x00007ff941782000 	C:\WINDOWS\System32\shlwapi.dll
0x00007ff940120000 - 0x00007ff940131000 	C:\WINDOWS\System32\kernel.appcore.dll
0x00007ff940190000 - 0x00007ff9401a7000 	C:\WINDOWS\System32\cryptsp.dll
0x00007ff92e510000 - 0x00007ff92e52a000 	C:\Program Files\Android\Android Studio\jre\jre\bin\net.dll
0x00007ff93f8d0000 - 0x00007ff93f937000 	C:\WINDOWS\system32\mswsock.dll
0x00007ff92ded0000 - 0x00007ff92dee3000 	C:\Program Files\Android\Android Studio\jre\jre\bin\nio.dll
0x00007ff92a3c0000 - 0x00007ff92a3e7000 	C:\Users\kishorek\.gradle\native\f6784746aeab05261644944871eae4fe03e0ef1612fff0a4a95f87b438bc6780\windows-amd64\native-platform.dll
0x00007ff93c370000 - 0x00007ff93c37d000 	C:\Program Files\Android\Android Studio\jre\jre\bin\management.dll
0x00007ff93f450000 - 0x00007ff93f483000 	C:\WINDOWS\system32\rsaenh.dll
0x00007ff940ac0000 - 0x00007ff940ae6000 	C:\WINDOWS\System32\bcrypt.dll
0x00007ff93ffc0000 - 0x00007ff93ffe8000 	C:\WINDOWS\SYSTEM32\USERENV.dll
0x00007ff93faa0000 - 0x00007ff93faac000 	C:\WINDOWS\SYSTEM32\CRYPTBASE.dll
0x00007ff93f5f0000 - 0x00007ff93f62d000 	C:\WINDOWS\SYSTEM32\IPHLPAPI.DLL
0x00007ff944000000 - 0x00007ff944008000 	C:\WINDOWS\System32\NSI.dll
0x00007ff93c280000 - 0x00007ff93c296000 	C:\WINDOWS\SYSTEM32\dhcpcsvc6.DLL
0x00007ff93bef0000 - 0x00007ff93bf0c000 	C:\WINDOWS\SYSTEM32\dhcpcsvc.DLL
0x00007ff93f630000 - 0x00007ff93f6f6000 	C:\WINDOWS\SYSTEM32\DNSAPI.dll
0x00007ff93c4d0000 - 0x00007ff93c4db000 	C:\WINDOWS\SYSTEM32\WINNSI.DLL
0x00007ff92a5f0000 - 0x00007ff92a60e000 	C:\Users\kishorek\AppData\Local\Temp\native-platform4251427528845469426dir\native-platform.dll

VM Arguments:
jvm_args: -Xmx2048m -Dfile.encoding=UTF-8 -Duser.country=US -Duser.language=en -Duser.variant 
java_command: org.gradle.launcher.daemon.bootstrap.GradleDaemon 6.5
java_class_path (initial): C:\Users\kishorek\.gradle\wrapper\dists\gradle-6.5-all\2oz4ud9k3tuxjg84bbf55q0tn\gradle-6.5\lib\gradle-launcher-6.5.jar
Launcher Type: SUN_STANDARD

Environment Variables:
PATH=C:\Program Files (x86)\Common Files\Intel\Shared Libraries\redist\intel64\compiler;C:\Program Files (x86)\Common Files\Oracle\Java\javapath;C:\Program Files (x86)\Common Files\Intel\Shared Files\cpp\bin\Intel64;C:\WINDOWS\system32;C:\WINDOWS;C:\WINDOWS\System32\Wbem;C:\WINDOWS\System32\WindowsPowerShell\v1.0\;C:\WINDOWS\System32\OpenSSH\;C:\Program Files\Git\cmd;C:\ProgramData\chocolatey\bin;C:\Program Files\nodejs\;C:\Program Files\Java\jre1.8.0_271\bin;C:\flutter\bin;C:\Program Files\Graphviz\bin\dot.exe;C:\Windows\SysWOW64\msvcp140.dll;C:\Program Files\LLVM\bin;C:\poppler\bin;C:\Users\kishorek\AppData\Local\Programs\Python\Python39\Scripts\;C:\Users\kishorek\AppData\Local\Programs\Python\Python39\;C:\Users\kishorek\AppData\Local\Microsoft\WindowsApps;C:\Users\kishorek\AppData\Local\Programs\Microsoft VS Code\bin;C:\Program Files\heroku\bin;
USERNAME=kishorek
OS=Windows_NT
PROCESSOR_IDENTIFIER=Intel64 Family 6 Model 158 Stepping 9, GenuineIntel



---------------  S Y S T E M  ---------------

OS: Windows 10.0 , 64 bit Build 17763 (10.0.17763.475)

CPU:total 4 (initial active 4) (2 cores per cpu, 2 threads per core) family 6 model 158 stepping 9, cmov, cx8, fxsr, mmx, sse, sse2, sse3, ssse3, sse4.1, sse4.2, popcnt, avx, avx2, aes, clmul, erms, 3dnowpref, lzcnt, ht, tsc, tscinvbit, bmi1, bmi2, adx

Memory: 4k page, physical 8072532k(1794868k free), swap 12168532k(4104k free)

vm_info: OpenJDK 64-Bit Server VM (25.242-b01) for windows-amd64 JRE (1.8.0_242-release-1644-b01), built by "builder" with MS VC++ 10.0 (VS2010)

time: Thu Mar 11 12:45:14 2021
timezone: India Standard Time
elapsed time: 37 seconds (0d 0h 0m 37s)

