#
# There is insufficient memory for the Java Runtime Environment to continue.
# Native memory allocation (malloc) failed to allocate 924256 bytes for Chunk::new
# Possible reasons:
#   The system is out of physical RAM or swap space
#   The process is running with CompressedOops enabled, and the Java Heap may be blocking the growth of the native heap
# Possible solutions:
#   Reduce memory load on the system
#   Increase physical memory or swap space
#   Check if swap backing store is full
#   Decrease Java heap size (-Xmx/-Xms)
#   Decrease number of Java threads
#   Decrease Java thread stack sizes (-Xss)
#   Set larger code cache with -XX:ReservedCodeCacheSize=
#   JVM is running with Unscaled Compressed Oops mode in which the Java heap is
#     placed in the first 4GB address space. The Java Heap base address is the
#     maximum limit for the native heap growth. Please use -XX:HeapBaseMinAddress
#     to set the Java Heap base and to place the Java Heap above 4GB virtual address.
# This output file may be truncated or incomplete.
#
#  Out of Memory Error (allocation.cpp:389), pid=33284, tid=0x0000000000008260
#
# JRE version: OpenJDK Runtime Environment (8.0_242-b01) (build 1.8.0_242-release-1644-b01)
# Java VM: OpenJDK 64-Bit Server VM (25.242-b01 mixed mode windows-amd64 compressed oops)
# Failed to write core dump. Minidumps are not enabled by default on client versions of Windows
#

---------------  T H R E A D  ---------------

Current thread (0x0000000016eeb000):  JavaThread "C2 CompilerThread1" daemon [_thread_in_native, id=33376, stack(0x0000000018630000,0x0000000018730000)]

Stack: [0x0000000018630000,0x0000000018730000]
[error occurred during error reporting (printing stack bounds), id 0xc0000005]

Native frames: (J=compiled Java code, j=interpreted, Vv=VM code, C=native code)


Current CompileTask:
C2:   9952 5768       4       com.sun.beans.TypeResolver::resolve (37 bytes)


---------------  P R O C E S S  ---------------

Java Threads: ( => current thread )
  0x000000001af9a800 JavaThread "Memory manager" [_thread_blocked, id=24144, stack(0x000000002bae0000,0x000000002bbe0000)]
  0x000000001afa0800 JavaThread "Cache worker for Build Output Cleanup Cache (C:\Users\kishorek\Desktop\AndroidStudioProjects\ShieldSecuritySystem\.gradle\buildOutputCleanup)" [_thread_blocked, id=18496, stack(0x0000000029540000,0x0000000029640000)]
  0x000000001af9f000 JavaThread "jar transforms Thread 116" [_thread_blocked, id=29884, stack(0x0000000029040000,0x0000000029140000)]
  0x000000001af9e800 JavaThread "jar transforms Thread 115" [_thread_blocked, id=18116, stack(0x0000000028f40000,0x0000000029040000)]
  0x000000001af98800 JavaThread "jar transforms Thread 114" [_thread_blocked, id=27732, stack(0x0000000028e40000,0x0000000028f40000)]
  0x000000001af97800 JavaThread "jar transforms Thread 113" [_thread_blocked, id=9232, stack(0x0000000028d40000,0x0000000028e40000)]
  0x000000001af99000 JavaThread "jar transforms Thread 112" [_thread_blocked, id=17352, stack(0x0000000028c40000,0x0000000028d40000)]
  0x000000001af9a000 JavaThread "jar transforms Thread 111" [_thread_blocked, id=17772, stack(0x0000000028a40000,0x0000000028b40000)]
  0x000000001af9d800 JavaThread "jar transforms Thread 110" [_thread_blocked, id=11688, stack(0x0000000028940000,0x0000000028a40000)]
  0x000000001af9d000 JavaThread "jar transforms Thread 109" [_thread_blocked, id=14000, stack(0x0000000028840000,0x0000000028940000)]
  0x000000001e2f2800 JavaThread "jar transforms Thread 108" [_thread_blocked, id=8172, stack(0x0000000028740000,0x0000000028840000)]
  0x000000001e2f2000 JavaThread "jar transforms Thread 107" [_thread_blocked, id=32556, stack(0x0000000028640000,0x0000000028740000)]
  0x000000001e2f1000 JavaThread "jar transforms Thread 106" [_thread_blocked, id=11280, stack(0x0000000028540000,0x0000000028640000)]
  0x000000001e2e9800 JavaThread "jar transforms Thread 105" [_thread_blocked, id=30144, stack(0x0000000028440000,0x0000000028540000)]
  0x000000001e2ef800 JavaThread "jar transforms Thread 104" [_thread_blocked, id=27296, stack(0x0000000028340000,0x0000000028440000)]
  0x000000001e2ef000 JavaThread "jar transforms Thread 103" [_thread_blocked, id=13316, stack(0x0000000028240000,0x0000000028340000)]
  0x000000001e2f0800 JavaThread "jar transforms Thread 102" [_thread_blocked, id=7152, stack(0x0000000028140000,0x0000000028240000)]
  0x000000001e2ee000 JavaThread "jar transforms Thread 101" [_thread_blocked, id=16688, stack(0x0000000028040000,0x0000000028140000)]
  0x000000001e2ed800 JavaThread "jar transforms Thread 100" [_thread_blocked, id=31588, stack(0x0000000027f40000,0x0000000028040000)]
  0x000000001e2e6000 JavaThread "jar transforms Thread 99" [_thread_blocked, id=796, stack(0x0000000027e40000,0x0000000027f40000)]
  0x000000001e2ec800 JavaThread "jar transforms Thread 98" [_thread_blocked, id=6280, stack(0x0000000027d40000,0x0000000027e40000)]
  0x000000001e2ec000 JavaThread "jar transforms Thread 97" [_thread_blocked, id=24792, stack(0x0000000027c40000,0x0000000027d40000)]
  0x000000001e2e4800 JavaThread "jar transforms Thread 96" [_thread_blocked, id=12952, stack(0x0000000027b40000,0x0000000027c40000)]
  0x000000001e2e7800 JavaThread "jar transforms Thread 95" [_thread_blocked, id=16516, stack(0x0000000027a40000,0x0000000027b40000)]
  0x000000001e2eb000 JavaThread "jar transforms Thread 94" [_thread_blocked, id=7524, stack(0x0000000027940000,0x0000000027a40000)]
  0x000000001e2e9000 JavaThread "jar transforms Thread 93" [_thread_blocked, id=17368, stack(0x0000000027840000,0x0000000027940000)]
  0x000000001e2e5000 JavaThread "jar transforms Thread 92" [_thread_blocked, id=25380, stack(0x0000000027740000,0x0000000027840000)]
  0x000000001e2e8000 JavaThread "jar transforms Thread 91" [_thread_blocked, id=18552, stack(0x0000000027640000,0x0000000027740000)]
  0x000000001e2e6800 JavaThread "jar transforms Thread 90" [_thread_blocked, id=22444, stack(0x0000000027540000,0x0000000027640000)]
  0x000000001e2e3800 JavaThread "jar transforms Thread 89" [_thread_blocked, id=4996, stack(0x0000000027440000,0x0000000027540000)]
  0x000000001e2ea800 JavaThread "jar transforms Thread 88" [_thread_blocked, id=27532, stack(0x0000000027340000,0x0000000027440000)]
  0x000000001fc15800 JavaThread "jar transforms Thread 87" [_thread_blocked, id=16732, stack(0x0000000027240000,0x0000000027340000)]
  0x000000001fc14800 JavaThread "jar transforms Thread 86" [_thread_blocked, id=16704, stack(0x0000000027140000,0x0000000027240000)]
  0x000000001fc14000 JavaThread "jar transforms Thread 85" [_thread_blocked, id=13204, stack(0x0000000027040000,0x0000000027140000)]
  0x000000001fc13000 JavaThread "jar transforms Thread 84" [_thread_blocked, id=15176, stack(0x0000000026f40000,0x0000000027040000)]
  0x000000001fc0b800 JavaThread "jar transforms Thread 83" [_thread_blocked, id=23464, stack(0x0000000026e40000,0x0000000026f40000)]
  0x000000001fc12000 JavaThread "jar transforms Thread 82" [_thread_blocked, id=4432, stack(0x0000000026d40000,0x0000000026e40000)]
  0x000000001fc0a800 JavaThread "jar transforms Thread 81" [_thread_blocked, id=26324, stack(0x0000000026c40000,0x0000000026d40000)]
  0x000000001fc10800 JavaThread "jar transforms Thread 80" [_thread_blocked, id=23932, stack(0x0000000026b40000,0x0000000026c40000)]
  0x000000001fc10000 JavaThread "jar transforms Thread 79" [_thread_blocked, id=15348, stack(0x0000000026a40000,0x0000000026b40000)]
  0x000000001fc0f000 JavaThread "jar transforms Thread 78" [_thread_blocked, id=32252, stack(0x0000000026940000,0x0000000026a40000)]
  0x000000001fc11800 JavaThread "jar transforms Thread 77" [_thread_blocked, id=20396, stack(0x0000000026840000,0x0000000026940000)]
  0x000000001fc07800 JavaThread "jar transforms Thread 76" [_thread_blocked, id=27408, stack(0x0000000026740000,0x0000000026840000)]
  0x000000001fc0a000 JavaThread "jar transforms Thread 75" [_thread_blocked, id=3564, stack(0x0000000026640000,0x0000000026740000)]
  0x000000001fc0e800 JavaThread "jar transforms Thread 74" [_thread_blocked, id=6344, stack(0x0000000026540000,0x0000000026640000)]
  0x000000001fc09000 JavaThread "jar transforms Thread 73" [_thread_blocked, id=25548, stack(0x0000000026440000,0x0000000026540000)]
  0x000000001fc0c000 JavaThread "jar transforms Thread 72" [_thread_blocked, id=24860, stack(0x0000000026340000,0x0000000026440000)]
  0x000000001fc07000 JavaThread "jar transforms Thread 71" [_thread_blocked, id=26656, stack(0x0000000026240000,0x0000000026340000)]
  0x000000001fc0d800 JavaThread "jar transforms Thread 70" [_thread_blocked, id=1252, stack(0x0000000026140000,0x0000000026240000)]
  0x000000001fc0d000 JavaThread "jar transforms Thread 69" [_thread_blocked, id=13816, stack(0x0000000026040000,0x0000000026140000)]
  0x000000001fc06000 JavaThread "jar transforms Thread 68" [_thread_blocked, id=12264, stack(0x0000000025f40000,0x0000000026040000)]
  0x000000001fc08800 JavaThread "jar transforms Thread 67" [_thread_blocked, id=20740, stack(0x0000000025e40000,0x0000000025f40000)]
  0x000000001fe22800 JavaThread "jar transforms Thread 66" [_thread_blocked, id=8688, stack(0x0000000025d40000,0x0000000025e40000)]
  0x000000001fe29800 JavaThread "jar transforms Thread 65" [_thread_blocked, id=25036, stack(0x0000000025c40000,0x0000000025d40000)]
  0x000000001fe28800 JavaThread "jar transforms Thread 64" [_thread_blocked, id=24620, stack(0x0000000025b40000,0x0000000025c40000)]
  0x000000001fe28000 JavaThread "jar transforms Thread 63" [_thread_blocked, id=32492, stack(0x0000000025a40000,0x0000000025b40000)]
  0x000000001fe23800 JavaThread "jar transforms Thread 62" [_thread_blocked, id=19848, stack(0x0000000025940000,0x0000000025a40000)]
  0x000000001fe25000 JavaThread "jar transforms Thread 61" [_thread_blocked, id=6468, stack(0x0000000025840000,0x0000000025940000)]
  0x000000001fe27000 JavaThread "jar transforms Thread 60" [_thread_blocked, id=33008, stack(0x0000000025740000,0x0000000025840000)]
  0x000000001fe24000 JavaThread "jar transforms Thread 59" [_thread_blocked, id=33012, stack(0x0000000025640000,0x0000000025740000)]
  0x000000001fe26800 JavaThread "jar transforms Thread 58" [_thread_blocked, id=33016, stack(0x0000000025540000,0x0000000025640000)]
  0x000000001fe25800 JavaThread "jar transforms Thread 57" [_thread_blocked, id=10224, stack(0x0000000025440000,0x0000000025540000)]
  0x000000001fe1b000 JavaThread "jar transforms Thread 56" [_thread_blocked, id=15376, stack(0x0000000025340000,0x0000000025440000)]
  0x000000001fe22000 JavaThread "jar transforms Thread 55" [_thread_blocked, id=6440, stack(0x0000000025240000,0x0000000025340000)]
  0x000000001fe1a800 JavaThread "jar transforms Thread 54" [_thread_blocked, id=32420, stack(0x0000000025140000,0x0000000025240000)]
  0x000000001fe1f800 JavaThread "jar transforms Thread 53" [_thread_blocked, id=8836, stack(0x0000000025040000,0x0000000025140000)]
  0x000000001fe21000 JavaThread "jar transforms Thread 52" [_thread_blocked, id=33788, stack(0x0000000024f40000,0x0000000025040000)]
  0x000000001fe1d800 JavaThread "jar transforms Thread 51" [_thread_blocked, id=33784, stack(0x0000000024e40000,0x0000000024f40000)]
  0x000000001fe20800 JavaThread "jar transforms Thread 50" [_thread_blocked, id=33780, stack(0x0000000024d40000,0x0000000024e40000)]
  0x000000001fe1c000 JavaThread "jar transforms Thread 49" [_thread_blocked, id=33776, stack(0x0000000024c40000,0x0000000024d40000)]
  0x000000001fe1f000 JavaThread "jar transforms Thread 48" [_thread_blocked, id=33772, stack(0x0000000024b40000,0x0000000024c40000)]
  0x000000001fe1c800 JavaThread "jar transforms Thread 47" [_thread_blocked, id=33768, stack(0x0000000024a40000,0x0000000024b40000)]
  0x000000001fe1e000 JavaThread "jar transforms Thread 46" [_thread_blocked, id=33764, stack(0x0000000024940000,0x0000000024a40000)]
  0x000000001d58b800 JavaThread "jar transforms Thread 45" [_thread_blocked, id=33760, stack(0x0000000024840000,0x0000000024940000)]
  0x000000001d589800 JavaThread "jar transforms Thread 44" [_thread_blocked, id=33756, stack(0x0000000024740000,0x0000000024840000)]
  0x000000001d590000 JavaThread "jar transforms Thread 43" [_thread_blocked, id=33752, stack(0x0000000024640000,0x0000000024740000)]
  0x000000001d58e800 JavaThread "jar transforms Thread 42" [_thread_blocked, id=33748, stack(0x0000000024540000,0x0000000024640000)]
  0x000000001d58d000 JavaThread "jar transforms Thread 41" [_thread_blocked, id=33744, stack(0x0000000024440000,0x0000000024540000)]
  0x000000001d58a000 JavaThread "jar transforms Thread 40" [_thread_blocked, id=33740, stack(0x0000000024340000,0x0000000024440000)]
  0x000000001d58b000 JavaThread "jar transforms Thread 39" [_thread_blocked, id=33736, stack(0x0000000024240000,0x0000000024340000)]
  0x000000001d588800 JavaThread "jar transforms Thread 38" [_thread_blocked, id=33732, stack(0x0000000024140000,0x0000000024240000)]
  0x000000001d58e000 JavaThread "jar transforms Thread 37" [_thread_blocked, id=33728, stack(0x0000000024040000,0x0000000024140000)]
  0x000000001d58c800 JavaThread "jar transforms Thread 36" [_thread_blocked, id=33724, stack(0x0000000023f40000,0x0000000024040000)]
  0x000000001d58f800 JavaThread "jar transforms Thread 35" [_thread_blocked, id=33720, stack(0x0000000023e40000,0x0000000023f40000)]
  0x000000001d581000 JavaThread "jar transforms Thread 34" [_thread_blocked, id=33716, stack(0x0000000023d40000,0x0000000023e40000)]
  0x000000001d588000 JavaThread "jar transforms Thread 33" [_thread_blocked, id=33712, stack(0x0000000023c40000,0x0000000023d40000)]
  0x000000001d587000 JavaThread "jar transforms Thread 32" [_thread_blocked, id=33708, stack(0x0000000023b40000,0x0000000023c40000)]
  0x000000001d585000 JavaThread "jar transforms Thread 31" [_thread_blocked, id=33704, stack(0x0000000023a40000,0x0000000023b40000)]
  0x000000001d586800 JavaThread "jar transforms Thread 30" [_thread_blocked, id=33700, stack(0x0000000023940000,0x0000000023a40000)]
  0x000000001d585800 JavaThread "jar transforms Thread 29" [_thread_blocked, id=33696, stack(0x0000000023840000,0x0000000023940000)]
  0x000000001d582800 JavaThread "jar transforms Thread 28" [_thread_blocked, id=33692, stack(0x0000000023740000,0x0000000023840000)]
  0x000000001d582000 JavaThread "jar transforms Thread 27" [_thread_blocked, id=33688, stack(0x0000000023640000,0x0000000023740000)]
  0x000000001d584000 JavaThread "jar transforms Thread 26" [_thread_blocked, id=33684, stack(0x0000000023540000,0x0000000023640000)]
  0x000000001d583800 JavaThread "jar transforms Thread 25" [_thread_blocked, id=33680, stack(0x0000000023440000,0x0000000023540000)]
  0x000000001a3ac000 JavaThread "jar transforms Thread 24" [_thread_blocked, id=33676, stack(0x0000000023340000,0x0000000023440000)]
  0x000000001a3af800 JavaThread "jar transforms Thread 23" [_thread_blocked, id=33672, stack(0x0000000023240000,0x0000000023340000)]
  0x000000001a3ae000 JavaThread "jar transforms Thread 22" [_thread_blocked, id=33668, stack(0x0000000023140000,0x0000000023240000)]
  0x000000001a3ab000 JavaThread "jar transforms Thread 21" [_thread_blocked, id=33664, stack(0x0000000023040000,0x0000000023140000)]
  0x000000001a3ad800 JavaThread "jar transforms Thread 20" [_thread_blocked, id=33660, stack(0x0000000022f40000,0x0000000023040000)]
  0x000000001a3b2000 JavaThread "jar transforms Thread 19" [_thread_blocked, id=33656, stack(0x0000000022e40000,0x0000000022f40000)]
  0x000000001a3af000 JavaThread "jar transforms Thread 18" [_thread_blocked, id=33652, stack(0x0000000022d40000,0x0000000022e40000)]
  0x000000001a3b1000 JavaThread "jar transforms Thread 17" [_thread_blocked, id=33648, stack(0x0000000022c40000,0x0000000022d40000)]
  0x000000001a3b0800 JavaThread "jar transforms Thread 16" [_thread_blocked, id=33644, stack(0x0000000022b40000,0x0000000022c40000)]
  0x000000001a3ac800 JavaThread "jar transforms Thread 15" [_thread_blocked, id=33640, stack(0x0000000022a40000,0x0000000022b40000)]
  0x000000001ac61800 JavaThread "jar transforms Thread 14" [_thread_blocked, id=33636, stack(0x0000000022940000,0x0000000022a40000)]
  0x000000001ac5e800 JavaThread "jar transforms Thread 13" [_thread_blocked, id=33632, stack(0x0000000022840000,0x0000000022940000)]
  0x000000001ac61000 JavaThread "jar transforms Thread 12" [_thread_blocked, id=33628, stack(0x0000000022740000,0x0000000022840000)]
  0x000000001ac5e000 JavaThread "jar transforms Thread 11" [_thread_blocked, id=33624, stack(0x0000000022640000,0x0000000022740000)]
  0x000000001ac60000 JavaThread "jar transforms Thread 10" [_thread_blocked, id=33620, stack(0x0000000022540000,0x0000000022640000)]
  0x000000001ac5f800 JavaThread "jar transforms Thread 9" [_thread_blocked, id=33616, stack(0x0000000022440000,0x0000000022540000)]
  0x000000001ac56800 JavaThread "jar transforms Thread 8" [_thread_blocked, id=33612, stack(0x0000000022340000,0x0000000022440000)]
  0x000000001ac5d000 JavaThread "jar transforms Thread 7" [_thread_blocked, id=33608, stack(0x0000000022240000,0x0000000022340000)]
  0x000000001ac55800 JavaThread "jar transforms Thread 6" [_thread_blocked, id=33604, stack(0x0000000022140000,0x0000000022240000)]
  0x000000001ac5b000 JavaThread "jar transforms Thread 5" [_thread_blocked, id=33600, stack(0x0000000022040000,0x0000000022140000)]
  0x000000001ac5c800 JavaThread "jar transforms Thread 4" [_thread_blocked, id=33596, stack(0x0000000021f40000,0x0000000022040000)]
  0x000000001ac5b800 JavaThread "jar transforms Thread 3" [_thread_blocked, id=33592, stack(0x0000000021e40000,0x0000000021f40000)]
  0x000000001ac53800 JavaThread "jar transforms Thread 2" [_thread_blocked, id=33588, stack(0x0000000021d40000,0x0000000021e40000)]
  0x000000001ac5a000 JavaThread "Build operations Thread 4" [_thread_blocked, id=33584, stack(0x0000000021c40000,0x0000000021d40000)]
  0x000000001ac59800 JavaThread "Build operations Thread 3" [_thread_blocked, id=33580, stack(0x0000000021b40000,0x0000000021c40000)]
  0x000000001ac55000 JavaThread "Build operations Thread 2" [_thread_blocked, id=33576, stack(0x0000000021a40000,0x0000000021b40000)]
  0x000000001ac52800 JavaThread "Build operations" [_thread_blocked, id=33572, stack(0x0000000021940000,0x0000000021a40000)]
  0x000000001abb3000 JavaThread "Cache worker for file content cache (C:\Users\kishorek\.gradle\caches\6.5\fileContent)" [_thread_blocked, id=33556, stack(0x0000000021240000,0x0000000021340000)]
  0x000000001abb7800 JavaThread "jar transforms" [_thread_blocked, id=33552, stack(0x0000000021140000,0x0000000021240000)]
  0x000000001abb4000 JavaThread "Cache worker for execution history cache (C:\Users\kishorek\.gradle\caches\6.5\executionHistory)" [_thread_blocked, id=33548, stack(0x0000000020a40000,0x0000000020b40000)]
  0x000000001abb6000 JavaThread "Cache worker for cache directory md-rule (C:\Users\kishorek\.gradle\caches\6.5\md-rule)" [_thread_blocked, id=33544, stack(0x0000000020940000,0x0000000020a40000)]
  0x000000001abb1800 JavaThread "Cache worker for cache directory md-supplier (C:\Users\kishorek\.gradle\caches\6.5\md-supplier)" [_thread_blocked, id=33540, stack(0x0000000020840000,0x0000000020940000)]
  0x000000001abb4800 JavaThread "Cache worker for checksums cache (C:\Users\kishorek\Desktop\AndroidStudioProjects\ShieldSecuritySystem\.gradle\checksums)" [_thread_blocked, id=33536, stack(0x000000001f4f0000,0x000000001f5f0000)]
  0x000000001abb5800 JavaThread "Cache worker for file hash cache (C:\Users\kishorek\Desktop\AndroidStudioProjects\ShieldSecuritySystem\.gradle\6.5\fileHashes)" [_thread_blocked, id=33528, stack(0x000000001f1f0000,0x000000001f2f0000)]
  0x000000001abb8800 JavaThread "Cache worker for file hash cache (C:\Users\kishorek\.gradle\caches\6.5\fileHashes)" [_thread_blocked, id=33492, stack(0x000000001cf50000,0x000000001d050000)]
  0x000000001abb7000 JavaThread "File lock request listener" [_thread_in_native, id=33488, stack(0x000000001ce50000,0x000000001cf50000)]
  0x000000001aa3c000 JavaThread "Cache worker for journal cache (C:\Users\kishorek\.gradle\caches\journal-1)" [_thread_blocked, id=33484, stack(0x000000001cc50000,0x000000001cd50000)]
  0x000000001a9ee800 JavaThread "Thread-9" [_thread_blocked, id=33480, stack(0x000000001c950000,0x000000001ca50000)]
  0x000000001a30d000 JavaThread "Stdin handler" [_thread_blocked, id=33476, stack(0x000000001c850000,0x000000001c950000)]
  0x000000001a30c800 JavaThread "Asynchronous log dispatcher for DefaultDaemonConnection: socket connection from /127.0.0.1:56783 to /127.0.0.1:56784" [_thread_blocked, id=33472, stack(0x000000001c750000,0x000000001c850000)]
  0x0000000019145000 JavaThread "Daemon worker" [_thread_in_vm, id=33460, stack(0x000000001c650000,0x000000001c750000)]
  0x0000000019144000 JavaThread "Cancel handler" [_thread_blocked, id=33456, stack(0x000000001c550000,0x000000001c650000)]
  0x0000000018fdb800 JavaThread "Handler for socket connection from /127.0.0.1:56783 to /127.0.0.1:56784" [_thread_in_native, id=33452, stack(0x000000001c450000,0x000000001c550000)]
  0x0000000019034000 JavaThread "Daemon" [_thread_blocked, id=33448, stack(0x000000001c350000,0x000000001c450000)]
  0x0000000018fd8800 JavaThread "Daemon periodic checks" [_thread_blocked, id=33444, stack(0x000000001c050000,0x000000001c150000)]
  0x000000001a96f000 JavaThread "Incoming local TCP Connector on port 56783" [_thread_in_native, id=33440, stack(0x000000001be10000,0x000000001bf10000)]
  0x00000000197f6800 JavaThread "Daemon health stats" [_thread_blocked, id=33424, stack(0x000000001b7d0000,0x000000001b8d0000)]
  0x0000000016f3c000 JavaThread "Service Thread" daemon [_thread_blocked, id=33384, stack(0x0000000018c30000,0x0000000018d30000)]
  0x0000000016eee800 JavaThread "C1 CompilerThread2" daemon [_thread_blocked, id=33380, stack(0x0000000018730000,0x0000000018830000)]
=>0x0000000016eeb000 JavaThread "C2 CompilerThread1" daemon [_thread_in_native, id=33376, stack(0x0000000018630000,0x0000000018730000)]
  0x0000000016ee8000 JavaThread "C2 CompilerThread0" daemon [_thread_in_native, id=33372, stack(0x0000000018530000,0x0000000018630000)]
  0x0000000016ee5800 JavaThread "Attach Listener" daemon [_thread_blocked, id=33368, stack(0x0000000018430000,0x0000000018530000)]
  0x0000000016ee2800 JavaThread "Signal Dispatcher" daemon [_thread_blocked, id=33364, stack(0x0000000018330000,0x0000000018430000)]
  0x000000000228b800 JavaThread "Finalizer" daemon [_thread_blocked, id=33360, stack(0x0000000018130000,0x0000000018230000)]
  0x0000000002282000 JavaThread "Reference Handler" daemon [_thread_blocked, id=33356, stack(0x0000000018030000,0x0000000018130000)]
  0x000000000218e800 JavaThread "main" [_thread_blocked, id=33332, stack(0x0000000002060000,0x0000000002160000)]

Other Threads:
  0x0000000016ea5800 VMThread [stack: 0x0000000017f30000,0x0000000018030000] [id=33352]
  0x0000000016f3e000 WatcherThread [stack: 0x0000000018d30000,0x0000000018e30000] [id=33388]

VM state:not at safepoint (normal execution)

VM Mutex/Monitor currently owned by a thread: None

heap address: 0x0000000080000000, size: 2048 MB, Compressed Oops mode: 32-bit
Narrow klass base: 0x0000000000000000, Narrow klass shift: 3
Compressed class space size: 1073741824 Address: 0x0000000100000000

Heap:
 PSYoungGen      total 163328K, used 81886K [0x00000000d5580000, 0x00000000e0580000, 0x0000000100000000)
  eden space 150528K, 54% used [0x00000000d5580000,0x00000000da577bc8,0x00000000de880000)
  from space 12800K, 0% used [0x00000000df500000,0x00000000df500000,0x00000000e0180000)
  to   space 12800K, 0% used [0x00000000de880000,0x00000000de880000,0x00000000df500000)
 ParOldGen       total 81920K, used 45076K [0x0000000080000000, 0x0000000085000000, 0x00000000d5580000)
  object space 81920K, 55% used [0x0000000080000000,0x0000000082c05230,0x0000000085000000)
 Metaspace       used 62517K, capacity 64796K, committed 65048K, reserved 1105920K
  class space    used 8397K, capacity 8895K, committed 9008K, reserved 1048576K

Card table byte_map: [0x0000000011650000,0x0000000011a60000] byte_map_base: 0x0000000011250000

Marking Bits: (ParMarkBitMap*) 0x000000007602f030
 Begin Bits: [0x0000000012110000, 0x0000000014110000)
 End Bits:   [0x0000000014110000, 0x0000000016110000)

Polling page: 0x0000000000520000

CodeCache: size=245760Kb used=18969Kb max_used=18969Kb free=226790Kb
 bounds [0x0000000002290000, 0x0000000003530000, 0x0000000011290000]
 total_blobs=6161 nmethods=5362 adapters=711
 compilation: enabled

Compilation events (10 events):
Event: 9.841 Thread 0x0000000016eee800 5856       3       sun.misc.ProxyGenerator$ProxyMethod::access$1900 (6 bytes)
Event: 9.841 Thread 0x0000000016eee800 nmethod 5856 0x00000000035211d0 code [0x0000000003521340, 0x00000000035214a8]
Event: 9.841 Thread 0x0000000016eee800 5858       3       sun.misc.ProxyGenerator::access$1800 (7 bytes)
Event: 9.841 Thread 0x0000000016eee800 nmethod 5858 0x0000000003521590 code [0x0000000003521700, 0x0000000003521868]
Event: 9.841 Thread 0x0000000016eee800 5859       3       sun.misc.ProxyGenerator$FieldInfo::write (50 bytes)
Event: 9.842 Thread 0x0000000016eee800 nmethod 5859 0x0000000003521950 code [0x0000000003521be0, 0x0000000003522d78]
Event: 9.928 Thread 0x0000000016eee800 5861       3       org.gradle.api.internal.collections.AbstractIterationOrderRetainingElementSource$RealizedElementCollectionIterator::<init> (55 bytes)
Event: 9.928 Thread 0x0000000016eee800 nmethod 5861 0x0000000003523550 code [0x00000000035236c0, 0x0000000003523908]
Event: 9.937 Thread 0x0000000016eee800 5862       3       sun.reflect.generics.parser.SignatureParser::parseFormalTypeParameter (16 bytes)
Event: 9.938 Thread 0x0000000016eee800 nmethod 5862 0x0000000003523a10 code [0x0000000003523ba0, 0x0000000003523f18]

GC Heap History (10 events):
Event: 4.446 GC heap before
{Heap before GC invocations=11 (full 2):
 PSYoungGen      total 131584K, used 10748K [0x00000000d5580000, 0x00000000e0180000, 0x0000000100000000)
  eden space 120832K, 0% used [0x00000000d5580000,0x00000000d5580000,0x00000000dcb80000)
  from space 10752K, 99% used [0x00000000dcb80000,0x00000000dd5ff1a0,0x00000000dd600000)
  to   space 12800K, 0% used [0x00000000df500000,0x00000000df500000,0x00000000e0180000)
 ParOldGen       total 50688K, used 8414K [0x0000000080000000, 0x0000000083180000, 0x00000000d5580000)
  object space 50688K, 16% used [0x0000000080000000,0x00000000808378f8,0x0000000083180000)
 Metaspace       used 34332K, capacity 35406K, committed 35496K, reserved 1079296K
  class space    used 4727K, capacity 5002K, committed 5040K, reserved 1048576K
Event: 4.517 GC heap after
Heap after GC invocations=11 (full 2):
 PSYoungGen      total 131584K, used 0K [0x00000000d5580000, 0x00000000e0180000, 0x0000000100000000)
  eden space 120832K, 0% used [0x00000000d5580000,0x00000000d5580000,0x00000000dcb80000)
  from space 10752K, 0% used [0x00000000dcb80000,0x00000000dcb80000,0x00000000dd600000)
  to   space 12800K, 0% used [0x00000000df500000,0x00000000df500000,0x00000000e0180000)
 ParOldGen       total 81920K, used 18255K [0x0000000080000000, 0x0000000085000000, 0x00000000d5580000)
  object space 81920K, 22% used [0x0000000080000000,0x00000000811d3d08,0x0000000085000000)
 Metaspace       used 34332K, capacity 35406K, committed 35496K, reserved 1079296K
  class space    used 4727K, capacity 5002K, committed 5040K, reserved 1048576K
}
Event: 5.422 GC heap before
{Heap before GC invocations=12 (full 2):
 PSYoungGen      total 131584K, used 120832K [0x00000000d5580000, 0x00000000e0180000, 0x0000000100000000)
  eden space 120832K, 100% used [0x00000000d5580000,0x00000000dcb80000,0x00000000dcb80000)
  from space 10752K, 0% used [0x00000000dcb80000,0x00000000dcb80000,0x00000000dd600000)
  to   space 12800K, 0% used [0x00000000df500000,0x00000000df500000,0x00000000e0180000)
 ParOldGen       total 81920K, used 18255K [0x0000000080000000, 0x0000000085000000, 0x00000000d5580000)
  object space 81920K, 22% used [0x0000000080000000,0x00000000811d3d08,0x0000000085000000)
 Metaspace       used 37351K, capacity 39060K, committed 39336K, reserved 1083392K
  class space    used 5132K, capacity 5510K, committed 5552K, reserved 1048576K
Event: 5.436 GC heap after
Heap after GC invocations=12 (full 2):
 PSYoungGen      total 163328K, used 8384K [0x00000000d5580000, 0x00000000e0580000, 0x0000000100000000)
  eden space 150528K, 0% used [0x00000000d5580000,0x00000000d5580000,0x00000000de880000)
  from space 12800K, 65% used [0x00000000df500000,0x00000000dfd303a8,0x00000000e0180000)
  to   space 12800K, 0% used [0x00000000de880000,0x00000000de880000,0x00000000df500000)
 ParOldGen       total 81920K, used 18263K [0x0000000080000000, 0x0000000085000000, 0x00000000d5580000)
  object space 81920K, 22% used [0x0000000080000000,0x00000000811d5d08,0x0000000085000000)
 Metaspace       used 37351K, capacity 39060K, committed 39336K, reserved 1083392K
  class space    used 5132K, capacity 5510K, committed 5552K, reserved 1048576K
}
Event: 7.694 GC heap before
{Heap before GC invocations=13 (full 2):
 PSYoungGen      total 163328K, used 158912K [0x00000000d5580000, 0x00000000e0580000, 0x0000000100000000)
  eden space 150528K, 100% used [0x00000000d5580000,0x00000000de880000,0x00000000de880000)
  from space 12800K, 65% used [0x00000000df500000,0x00000000dfd303a8,0x00000000e0180000)
  to   space 12800K, 0% used [0x00000000de880000,0x00000000de880000,0x00000000df500000)
 ParOldGen       total 81920K, used 18263K [0x0000000080000000, 0x0000000085000000, 0x00000000d5580000)
  object space 81920K, 22% used [0x0000000080000000,0x00000000811d5d08,0x0000000085000000)
 Metaspace       used 52496K, capacity 54410K, committed 54568K, reserved 1095680K
  class space    used 6972K, capacity 7413K, committed 7472K, reserved 1048576K
Event: 7.715 GC heap after
Heap after GC invocations=13 (full 2):
 PSYoungGen      total 163328K, used 12796K [0x00000000d5580000, 0x00000000e0580000, 0x0000000100000000)
  eden space 150528K, 0% used [0x00000000d5580000,0x00000000d5580000,0x00000000de880000)
  from space 12800K, 99% used [0x00000000de880000,0x00000000df4ff320,0x00000000df500000)
  to   space 12800K, 0% used [0x00000000df500000,0x00000000df500000,0x00000000e0180000)
 ParOldGen       total 81920K, used 29791K [0x0000000080000000, 0x0000000085000000, 0x00000000d5580000)
  object space 81920K, 36% used [0x0000000080000000,0x0000000081d17c08,0x0000000085000000)
 Metaspace       used 52496K, capacity 54410K, committed 54568K, reserved 1095680K
  class space    used 6972K, capacity 7413K, committed 7472K, reserved 1048576K
}
Event: 8.617 GC heap before
{Heap before GC invocations=14 (full 2):
 PSYoungGen      total 163328K, used 87038K [0x00000000d5580000, 0x00000000e0580000, 0x0000000100000000)
  eden space 150528K, 49% used [0x00000000d5580000,0x00000000d9e005f0,0x00000000de880000)
  from space 12800K, 99% used [0x00000000de880000,0x00000000df4ff320,0x00000000df500000)
  to   space 12800K, 0% used [0x00000000df500000,0x00000000df500000,0x00000000e0180000)
 ParOldGen       total 81920K, used 29791K [0x0000000080000000, 0x0000000085000000, 0x00000000d5580000)
  object space 81920K, 36% used [0x0000000080000000,0x0000000081d17c08,0x0000000085000000)
 Metaspace       used 56920K, capacity 59076K, committed 59160K, reserved 1099776K
  class space    used 7452K, capacity 7934K, committed 7984K, reserved 1048576K
Event: 8.638 GC heap after
Heap after GC invocations=14 (full 2):
 PSYoungGen      total 163328K, used 12784K [0x00000000d5580000, 0x00000000e0580000, 0x0000000100000000)
  eden space 150528K, 0% used [0x00000000d5580000,0x00000000d5580000,0x00000000de880000)
  from space 12800K, 99% used [0x00000000df500000,0x00000000e017c1b8,0x00000000e0180000)
  to   space 12800K, 0% used [0x00000000de880000,0x00000000de880000,0x00000000df500000)
 ParOldGen       total 81920K, used 38527K [0x0000000080000000, 0x0000000085000000, 0x00000000d5580000)
  object space 81920K, 47% used [0x0000000080000000,0x000000008259fcb0,0x0000000085000000)
 Metaspace       used 56920K, capacity 59076K, committed 59160K, reserved 1099776K
  class space    used 7452K, capacity 7934K, committed 7984K, reserved 1048576K
}
Event: 8.638 GC heap before
{Heap before GC invocations=15 (full 3):
 PSYoungGen      total 163328K, used 12784K [0x00000000d5580000, 0x00000000e0580000, 0x0000000100000000)
  eden space 150528K, 0% used [0x00000000d5580000,0x00000000d5580000,0x00000000de880000)
  from space 12800K, 99% used [0x00000000df500000,0x00000000e017c1b8,0x00000000e0180000)
  to   space 12800K, 0% used [0x00000000de880000,0x00000000de880000,0x00000000df500000)
 ParOldGen       total 81920K, used 38527K [0x0000000080000000, 0x0000000085000000, 0x00000000d5580000)
  object space 81920K, 47% used [0x0000000080000000,0x000000008259fcb0,0x0000000085000000)
 Metaspace       used 56920K, capacity 59076K, committed 59160K, reserved 1099776K
  class space    used 7452K, capacity 7934K, committed 7984K, reserved 1048576K
Event: 8.825 GC heap after
Heap after GC invocations=15 (full 3):
 PSYoungGen      total 163328K, used 0K [0x00000000d5580000, 0x00000000e0580000, 0x0000000100000000)
  eden space 150528K, 0% used [0x00000000d5580000,0x00000000d5580000,0x00000000de880000)
  from space 12800K, 0% used [0x00000000df500000,0x00000000df500000,0x00000000e0180000)
  to   space 12800K, 0% used [0x00000000de880000,0x00000000de880000,0x00000000df500000)
 ParOldGen       total 81920K, used 45076K [0x0000000080000000, 0x0000000085000000, 0x00000000d5580000)
  object space 81920K, 55% used [0x0000000080000000,0x0000000082c05230,0x0000000085000000)
 Metaspace       used 56861K, capacity 58878K, committed 59160K, reserved 1099776K
  class space    used 7436K, capacity 7881K, committed 7984K, reserved 1048576K
}

Deoptimization events (10 events):
Event: 8.327 Thread 0x000000001af9f000 Uncommon trap: reason=unstable_if action=reinterpret pc=0x000000000270eff0 method=org.objectweb.asm.MethodWriter.visitVarInsn(II)V @ 116
Event: 8.389 Thread 0x0000000019145000 Uncommon trap: reason=null_check action=make_not_entrant pc=0x000000000322899c method=java.lang.Class.searchMethods([Ljava/lang/reflect/Method;Ljava/lang/String;[Ljava/lang/Class;)Ljava/lang/reflect/Method; @ 59
Event: 8.389 Thread 0x0000000019145000 Uncommon trap: reason=null_check action=make_not_entrant pc=0x0000000002a4c650 method=java.lang.Class.searchMethods([Ljava/lang/reflect/Method;Ljava/lang/String;[Ljava/lang/Class;)Ljava/lang/reflect/Method; @ 59
Event: 8.395 Thread 0x0000000019145000 Uncommon trap: reason=unstable_if action=reinterpret pc=0x0000000002a74ab8 method=java.lang.ClassValue.match(Ljava/lang/ClassValue$Entry;)Z @ 12
Event: 8.437 Thread 0x0000000019145000 Uncommon trap: reason=class_check action=maybe_recompile pc=0x00000000029f4de8 method=java.util.WeakHashMap.eq(Ljava/lang/Object;Ljava/lang/Object;)Z @ 7
Event: 8.438 Thread 0x0000000019145000 Uncommon trap: reason=class_check action=maybe_recompile pc=0x00000000029f4de8 method=java.util.WeakHashMap.eq(Ljava/lang/Object;Ljava/lang/Object;)Z @ 7
Event: 9.183 Thread 0x0000000019145000 Uncommon trap: reason=unstable_if action=reinterpret pc=0x00000000024052ac method=java.util.Properties$LineReader.readLine()I @ 37
Event: 9.266 Thread 0x0000000019145000 Uncommon trap: reason=unstable_if action=reinterpret pc=0x000000000266274c method=java.util.Properties$LineReader.readLine()I @ 105
Event: 9.314 Thread 0x0000000019145000 Uncommon trap: reason=unstable_if action=reinterpret pc=0x000000000315978c method=java.security.CodeSource.hashCode()I @ 4
Event: 9.641 Thread 0x0000000019145000 Uncommon trap: reason=unstable_if action=reinterpret pc=0x0000000002c71ee0 method=java.lang.Class$MethodArray.removeLessSpecifics()V @ 25

Classes redefined (0 events):
No events

Internal exceptions (10 events):
Event: 9.713 Thread 0x0000000019145000 Exception <a 'java/lang/ClassNotFoundException': org/gradle/api/internal/DefaultNamedDomainObjectCollection$AbstractDomainObjectCreatingProviderBeanInfo> (0x00000000d9536e40) thrown at [C:\src\AOSP-openjdk-git\hotspot\src\share\vm\classfile\systemDictiona
Event: 9.713 Thread 0x0000000019145000 Exception <a 'java/lang/ClassNotFoundException': org/gradle/api/internal/DefaultNamedDomainObjectCollection$AbstractNamedDomainObjectProviderBeanInfo> (0x00000000d955f0a0) thrown at [C:\src\AOSP-openjdk-git\hotspot\src\share\vm\classfile\systemDictionary.
Event: 9.714 Thread 0x0000000019145000 Exception <a 'java/lang/ClassNotFoundException': org/gradle/api/internal/DefaultNamedDomainObjectCollection$AbstractNamedDomainObjectProviderCustomizer> (0x00000000d9587928) thrown at [C:\src\AOSP-openjdk-git\hotspot\src\share\vm\classfile\systemDictionar
Event: 9.716 Thread 0x0000000019145000 Exception <a 'java/lang/ClassNotFoundException': org/gradle/api/internal/DefaultNamedDomainObjectCollection$AbstractDomainObjectCreatingProviderCustomizer> (0x00000000d95c0df8) thrown at [C:\src\AOSP-openjdk-git\hotspot\src\share\vm\classfile\systemDictio
Event: 9.717 Thread 0x0000000019145000 Exception <a 'java/lang/ClassNotFoundException': org/gradle/api/internal/tasks/DefaultTaskContainer$TaskCreatingProviderCustomizer> (0x00000000d95f0cb0) thrown at [C:\src\AOSP-openjdk-git\hotspot\src\share\vm\classfile\systemDictionary.cpp, line 210]
Event: 9.717 Thread 0x0000000019145000 Exception <a 'java/lang/ClassNotFoundException': org/gradle/api/internal/tasks/DefaultTaskContainer$TaskCreatingProvider_DecoratedCustomizer> (0x00000000d961f778) thrown at [C:\src\AOSP-openjdk-git\hotspot\src\share\vm\classfile\systemDictionary.cpp, line
Event: 9.788 Thread 0x0000000019145000 Exception <a 'java/lang/ClassNotFoundException': org/gradle/api/internal/file/collections/DefaultConfigurableFileTreeBeanInfo> (0x00000000d99d0a20) thrown at [C:\src\AOSP-openjdk-git\hotspot\src\share\vm\classfile\systemDictionary.cpp, line 210]
Event: 9.788 Thread 0x0000000019145000 Exception <a 'java/lang/ClassNotFoundException': org/gradle/api/internal/file/CompositeFileTreeBeanInfo> (0x00000000d99eacf0) thrown at [C:\src\AOSP-openjdk-git\hotspot\src\share\vm\classfile\systemDictionary.cpp, line 210]
Event: 9.789 Thread 0x0000000019145000 Exception <a 'java/lang/ClassNotFoundException': org/gradle/api/internal/file/CompositeFileTreeCustomizer> (0x00000000d9a05aa8) thrown at [C:\src\AOSP-openjdk-git\hotspot\src\share\vm\classfile\systemDictionary.cpp, line 210]
Event: 9.790 Thread 0x0000000019145000 Exception <a 'java/lang/ClassNotFoundException': org/gradle/api/internal/file/collections/DefaultConfigurableFileTreeCustomizer> (0x00000000d9a334f8) thrown at [C:\src\AOSP-openjdk-git\hotspot\src\share\vm\classfile\systemDictionary.cpp, line 210]

Events (10 events):
Event: 9.943 loading class com/android/build/gradle/internal/scope/InternalArtifactType$DESUGAR_PROJECT_CLASSES
Event: 9.943 loading class com/android/build/gradle/internal/scope/InternalArtifactType$DESUGAR_PROJECT_CLASSES done
Event: 9.943 loading class com/android/build/gradle/internal/scope/InternalArtifactType$DESUGAR_SUB_PROJECT_CLASSES
Event: 9.943 loading class com/android/build/gradle/internal/scope/InternalArtifactType$DESUGAR_SUB_PROJECT_CLASSES done
Event: 9.943 loading class com/android/build/gradle/internal/scope/InternalArtifactType$DESUGAR_EXTERNAL_LIBS_CLASSES
Event: 9.943 loading class com/android/build/gradle/internal/scope/InternalArtifactType$DESUGAR_EXTERNAL_LIBS_CLASSES done
Event: 9.943 loading class com/android/build/gradle/internal/scope/InternalArtifactType$DESUGAR_LOCAL_STATE_OUTPUT
Event: 9.943 loading class com/android/build/gradle/internal/scope/InternalArtifactType$DESUGAR_LOCAL_STATE_OUTPUT done
Event: 9.944 loading class com/android/build/gradle/internal/scope/InternalArtifactType$SHRUNK_JAR
Event: 9.944 loading class com/android/build/gradle/internal/scope/InternalArtifactType$SHRUNK_JAR done


Dynamic libraries:
0x00007ff6f3180000 - 0x00007ff6f31b1000 	C:\Program Files\Android\Android Studio\jre\bin\java.exe
0x00007ff9440d0000 - 0x00007ff9442bd000 	C:\WINDOWS\SYSTEM32\ntdll.dll
0x00007ff941790000 - 0x00007ff941843000 	C:\WINDOWS\System32\KERNEL32.DLL
0x00007ff9402b0000 - 0x00007ff940543000 	C:\WINDOWS\System32\KERNELBASE.dll
0x00007ff941fc0000 - 0x00007ff942063000 	C:\WINDOWS\System32\ADVAPI32.dll
0x00007ff941ef0000 - 0x00007ff941f8e000 	C:\WINDOWS\System32\msvcrt.dll
0x00007ff941690000 - 0x00007ff94172e000 	C:\WINDOWS\System32\sechost.dll
0x00007ff941cf0000 - 0x00007ff941e12000 	C:\WINDOWS\System32\RPCRT4.dll
0x00007ff943e60000 - 0x00007ff943ff7000 	C:\WINDOWS\System32\USER32.dll
0x00007ff940210000 - 0x00007ff940230000 	C:\WINDOWS\System32\win32u.dll
0x00007ff944010000 - 0x00007ff944039000 	C:\WINDOWS\System32\GDI32.dll
0x00007ff940550000 - 0x00007ff9406e9000 	C:\WINDOWS\System32\gdi32full.dll
0x00007ff9406f0000 - 0x00007ff940790000 	C:\WINDOWS\System32\msvcp_win.dll
0x00007ff9407e0000 - 0x00007ff9408da000 	C:\WINDOWS\System32\ucrtbase.dll
0x00007ff92f520000 - 0x00007ff92f799000 	C:\WINDOWS\WinSxS\amd64_microsoft.windows.common-controls_6595b64144ccf1df_6.0.17763.802_none_05b1445c0722d2cc\COMCTL32.dll
0x00007ff9412f0000 - 0x00007ff94161c000 	C:\WINDOWS\System32\combase.dll
0x00007ff940230000 - 0x00007ff9402ae000 	C:\WINDOWS\System32\bcryptPrimitives.dll
0x00007ff941f90000 - 0x00007ff941fbe000 	C:\WINDOWS\System32\IMM32.DLL
0x00000000756a0000 - 0x0000000075772000 	C:\Program Files\Android\Android Studio\jre\jre\bin\msvcr100.dll
0x0000000075860000 - 0x00000000760ab000 	C:\Program Files\Android\Android Studio\jre\jre\bin\server\jvm.dll
0x00007ff941980000 - 0x00007ff941988000 	C:\WINDOWS\System32\PSAPI.DLL
0x00007ff92b740000 - 0x00007ff92b749000 	C:\WINDOWS\SYSTEM32\WSOCK32.dll
0x00007ff9425a0000 - 0x00007ff94260d000 	C:\WINDOWS\System32\WS2_32.dll
0x00007ff93c950000 - 0x00007ff93c974000 	C:\WINDOWS\SYSTEM32\WINMM.dll
0x00007ff93b5d0000 - 0x00007ff93b5da000 	C:\WINDOWS\SYSTEM32\VERSION.dll
0x00007ff93c4a0000 - 0x00007ff93c4cd000 	C:\WINDOWS\SYSTEM32\WINMMBASE.dll
0x00007ff940790000 - 0x00007ff9407da000 	C:\WINDOWS\System32\cfgmgr32.dll
0x00007ff93c610000 - 0x00007ff93c61f000 	C:\Program Files\Android\Android Studio\jre\jre\bin\verify.dll
0x00007ff9316e0000 - 0x00007ff931709000 	C:\Program Files\Android\Android Studio\jre\jre\bin\java.dll
0x00007ff92e530000 - 0x00007ff92e546000 	C:\Program Files\Android\Android Studio\jre\jre\bin\zip.dll
0x00007ff942780000 - 0x00007ff943c74000 	C:\WINDOWS\System32\SHELL32.dll
0x00007ff9418d0000 - 0x00007ff941978000 	C:\WINDOWS\System32\shcore.dll
0x00007ff940ba0000 - 0x00007ff9412ed000 	C:\WINDOWS\System32\windows.storage.dll
0x00007ff940160000 - 0x00007ff940184000 	C:\WINDOWS\System32\profapi.dll
0x00007ff9400c0000 - 0x00007ff94011d000 	C:\WINDOWS\System32\powrprof.dll
0x00007ff941730000 - 0x00007ff941782000 	C:\WINDOWS\System32\shlwapi.dll
0x00007ff940120000 - 0x00007ff940131000 	C:\WINDOWS\System32\kernel.appcore.dll
0x00007ff940190000 - 0x00007ff9401a7000 	C:\WINDOWS\System32\cryptsp.dll
0x00007ff92e510000 - 0x00007ff92e52a000 	C:\Program Files\Android\Android Studio\jre\jre\bin\net.dll
0x00007ff93f8d0000 - 0x00007ff93f937000 	C:\WINDOWS\system32\mswsock.dll
0x00007ff92ded0000 - 0x00007ff92dee3000 	C:\Program Files\Android\Android Studio\jre\jre\bin\nio.dll
0x00007ff92ee30000 - 0x00007ff92ee57000 	C:\Users\kishorek\.gradle\native\f6784746aeab05261644944871eae4fe03e0ef1612fff0a4a95f87b438bc6780\windows-amd64\native-platform.dll
0x00007ff93c370000 - 0x00007ff93c37d000 	C:\Program Files\Android\Android Studio\jre\jre\bin\management.dll
0x00007ff93f450000 - 0x00007ff93f483000 	C:\WINDOWS\system32\rsaenh.dll
0x00007ff940ac0000 - 0x00007ff940ae6000 	C:\WINDOWS\System32\bcrypt.dll
0x00007ff93ffc0000 - 0x00007ff93ffe8000 	C:\WINDOWS\SYSTEM32\USERENV.dll
0x00007ff93faa0000 - 0x00007ff93faac000 	C:\WINDOWS\SYSTEM32\CRYPTBASE.dll
0x00007ff93f5f0000 - 0x00007ff93f62d000 	C:\WINDOWS\SYSTEM32\IPHLPAPI.DLL
0x00007ff944000000 - 0x00007ff944008000 	C:\WINDOWS\System32\NSI.dll
0x00007ff93c280000 - 0x00007ff93c296000 	C:\WINDOWS\SYSTEM32\dhcpcsvc6.DLL
0x00007ff93bef0000 - 0x00007ff93bf0c000 	C:\WINDOWS\SYSTEM32\dhcpcsvc.DLL
0x00007ff93f630000 - 0x00007ff93f6f6000 	C:\WINDOWS\SYSTEM32\DNSAPI.dll
0x00007ff93c4d0000 - 0x00007ff93c4db000 	C:\WINDOWS\SYSTEM32\WINNSI.DLL

VM Arguments:
jvm_args: -Xmx2048m -Dfile.encoding=UTF-8 -Duser.country=US -Duser.language=en -Duser.variant 
java_command: org.gradle.launcher.daemon.bootstrap.GradleDaemon 6.5
java_class_path (initial): C:\Users\kishorek\.gradle\wrapper\dists\gradle-6.5-all\2oz4ud9k3tuxjg84bbf55q0tn\gradle-6.5\lib\gradle-launcher-6.5.jar
Launcher Type: SUN_STANDARD

Environment Variables:
PATH=C:\Program Files (x86)\Common Files\Intel\Shared Libraries\redist\intel64\compiler;C:\Program Files (x86)\Common Files\Oracle\Java\javapath;C:\Program Files (x86)\Common Files\Intel\Shared Files\cpp\bin\Intel64;C:\WINDOWS\system32;C:\WINDOWS;C:\WINDOWS\System32\Wbem;C:\WINDOWS\System32\WindowsPowerShell\v1.0\;C:\WINDOWS\System32\OpenSSH\;C:\Program Files\Git\cmd;C:\ProgramData\chocolatey\bin;C:\Program Files\nodejs\;C:\Program Files\Java\jre1.8.0_271\bin;C:\flutter\bin;C:\Program Files\Graphviz\bin\dot.exe;C:\Windows\SysWOW64\msvcp140.dll;C:\Program Files\LLVM\bin;C:\poppler\bin;C:\Users\kishorek\AppData\Local\Programs\Python\Python39\Scripts\;C:\Users\kishorek\AppData\Local\Programs\Python\Python39\;C:\Users\kishorek\AppData\Local\Microsoft\WindowsApps;C:\Users\kishorek\AppData\Local\Programs\Microsoft VS Code\bin;C:\Program Files\heroku\bin;
USERNAME=kishorek
OS=Windows_NT
PROCESSOR_IDENTIFIER=Intel64 Family 6 Model 158 Stepping 9, GenuineIntel



---------------  S Y S T E M  ---------------

OS: Windows 10.0 , 64 bit Build 17763 (10.0.17763.475)

CPU:total 4 (initial active 4) (2 cores per cpu, 2 threads per core) family 6 model 158 stepping 9, cmov, cx8, fxsr, mmx, sse, sse2, sse3, ssse3, sse4.1, sse4.2, popcnt, avx, avx2, aes, clmul, erms, 3dnowpref, lzcnt, ht, tsc, tscinvbit, bmi1, bmi2, adx

Memory: 4k page, physical 8072532k(1859748k free), swap 12168532k(5944k free)

vm_info: OpenJDK 64-Bit Server VM (25.242-b01) for windows-amd64 JRE (1.8.0_242-release-1644-b01), built by "builder" with MS VC++ 10.0 (VS2010)

time: Thu Mar 11 13:44:06 2021
timezone: India Standard Time
elapsed time: 9 seconds (0d 0h 0m 9s)

