#
# There is insufficient memory for the Java Runtime Environment to continue.
# Native memory allocation (malloc) failed to allocate 1098256 bytes for Chunk::new
# Possible reasons:
#   The system is out of physical RAM or swap space
#   The process is running with CompressedOops enabled, and the Java Heap may be blocking the growth of the native heap
# Possible solutions:
#   Reduce memory load on the system
#   Increase physical memory or swap space
#   Check if swap backing store is full
#   Decrease Java heap size (-Xmx/-Xms)
#   Decrease number of Java threads
#   Decrease Java thread stack sizes (-Xss)
#   Set larger code cache with -XX:ReservedCodeCacheSize=
#   JVM is running with Unscaled Compressed Oops mode in which the Java heap is
#     placed in the first 4GB address space. The Java Heap base address is the
#     maximum limit for the native heap growth. Please use -XX:HeapBaseMinAddress
#     to set the Java Heap base and to place the Java Heap above 4GB virtual address.
# This output file may be truncated or incomplete.
#
#  Out of Memory Error (allocation.cpp:389), pid=29456, tid=0x0000000000007418
#
# JRE version: OpenJDK Runtime Environment (8.0_242-b01) (build 1.8.0_242-release-1644-b01)
# Java VM: OpenJDK 64-Bit Server VM (25.242-b01 mixed mode windows-amd64 compressed oops)
# Failed to write core dump. Minidumps are not enabled by default on client versions of Windows
#

---------------  T H R E A D  ---------------

Current thread (0x000000001712b800):  JavaThread "C2 CompilerThread1" daemon [_thread_in_native, id=29720, stack(0x0000000018870000,0x0000000018970000)]

Stack: [0x0000000018870000,0x0000000018970000]
[error occurred during error reporting (printing stack bounds), id 0xc0000005]

Native frames: (J=compiled Java code, j=interpreted, Vv=VM code, C=native code)


Current CompileTask:
C2:  16460 10177       4       com.android.utils.XmlUtils::append (639 bytes)


---------------  P R O C E S S  ---------------

Java Threads: ( => current thread )
  0x000000001e78e000 JavaThread "stdout" [_thread_new, id=26148, stack(0x0000000000000000,0x0000000000000000)]
  0x000000001e791000 JavaThread "stderr" [_thread_new, id=11268, stack(0x0000000000000000,0x0000000000000000)]
  0x000000001e790800 JavaThread "stdout" [_thread_new, id=13580, stack(0x0000000000000000,0x0000000000000000)]
  0x000000001f233800 JavaThread "stderr" [_thread_new, id=13984, stack(0x0000000000000000,0x0000000000000000)]
  0x000000001f233000 JavaThread "WorkerExecutor Queue Thread 4" [_thread_new, id=13316, stack(0x0000000000000000,0x0000000000000000)]
  0x000000001f22b800 JavaThread "WorkerExecutor Queue Thread 3" [_thread_blocked, id=7464, stack(0x000000002e550000,0x000000002e650000)]
  0x000000001f232000 JavaThread "stdout" [_thread_in_native, id=3320, stack(0x000000002e450000,0x000000002e550000)]
  0x000000001f230800 JavaThread "stderr" [_thread_in_native, id=13816, stack(0x000000002e350000,0x000000002e450000)]
  0x000000001f230000 JavaThread "pool-2-thread-1" [_thread_blocked, id=29652, stack(0x000000002e250000,0x000000002e350000)]
  0x000000001f22f000 JavaThread "WorkerExecutor Queue Thread 2" [_thread_blocked, id=9392, stack(0x000000002de00000,0x000000002df00000)]
  0x000000001f22e800 JavaThread "WorkerExecutor Queue" [_thread_blocked, id=20740, stack(0x000000002db00000,0x000000002dc00000)]
  0x000000001f22a000 JavaThread "Cache worker for execution history cache (C:\Users\kishorek\Desktop\AndroidStudioProjects\ShieldSecuritySystem\.gradle\6.5\executionHistory)" [_thread_blocked, id=18592, stack(0x000000002c5f0000,0x000000002c6f0000)]
  0x000000001f22c000 JavaThread "Execution worker for ':' Thread 3" [_thread_in_vm, id=25880, stack(0x000000002c4f0000,0x000000002c5f0000)]
  0x000000001f22a800 JavaThread "Execution worker for ':' Thread 2" [_thread_blocked, id=21356, stack(0x000000002c3f0000,0x000000002c4f0000)]
  0x000000001f228800 JavaThread "Execution worker for ':'" [_thread_blocked, id=21468, stack(0x000000002c0d0000,0x000000002c1d0000)]
  0x000000001f225800 JavaThread "Cache worker for file content cache (C:\Users\kishorek\Desktop\AndroidStudioProjects\ShieldSecuritySystem\.gradle\6.5\fileContent)" [_thread_blocked, id=12760, stack(0x000000002bdd0000,0x000000002bed0000)]
  0x000000001f229000 JavaThread "Memory manager" [_thread_blocked, id=13836, stack(0x000000002bad0000,0x000000002bbd0000)]
  0x000000002075e800 JavaThread "Cache worker for Build Output Cleanup Cache (C:\Users\kishorek\Desktop\AndroidStudioProjects\ShieldSecuritySystem\.gradle\buildOutputCleanup)" [_thread_blocked, id=20888, stack(0x000000002a7d0000,0x000000002a8d0000)]
  0x000000002075d000 JavaThread "jar transforms Thread 116" [_thread_blocked, id=9672, stack(0x000000002a2d0000,0x000000002a3d0000)]
  0x000000002075c800 JavaThread "jar transforms Thread 115" [_thread_blocked, id=11048, stack(0x000000002a1d0000,0x000000002a2d0000)]
  0x000000002075b800 JavaThread "jar transforms Thread 114" [_thread_blocked, id=31364, stack(0x000000002a0d0000,0x000000002a1d0000)]
  0x000000002075e000 JavaThread "jar transforms Thread 113" [_thread_blocked, id=12140, stack(0x0000000029fd0000,0x000000002a0d0000)]
  0x000000002075b000 JavaThread "jar transforms Thread 112" [_thread_blocked, id=28728, stack(0x0000000029ed0000,0x0000000029fd0000)]
  0x000000002075a000 JavaThread "jar transforms Thread 111" [_thread_blocked, id=18148, stack(0x0000000029dd0000,0x0000000029ed0000)]
  0x0000000020752800 JavaThread "jar transforms Thread 110" [_thread_blocked, id=19904, stack(0x0000000029cd0000,0x0000000029dd0000)]
  0x0000000020759800 JavaThread "jar transforms Thread 109" [_thread_blocked, id=4268, stack(0x0000000029bd0000,0x0000000029cd0000)]
  0x0000000020754000 JavaThread "jar transforms Thread 108" [_thread_blocked, id=6804, stack(0x0000000029ad0000,0x0000000029bd0000)]
  0x0000000020758000 JavaThread "jar transforms Thread 107" [_thread_blocked, id=32616, stack(0x00000000299d0000,0x0000000029ad0000)]
  0x0000000020758800 JavaThread "jar transforms Thread 106" [_thread_blocked, id=23740, stack(0x00000000298d0000,0x00000000299d0000)]
  0x0000000020751000 JavaThread "jar transforms Thread 105" [_thread_blocked, id=8040, stack(0x00000000297d0000,0x00000000298d0000)]
  0x0000000020752000 JavaThread "jar transforms Thread 104" [_thread_blocked, id=20344, stack(0x00000000296d0000,0x00000000297d0000)]
  0x0000000020753800 JavaThread "jar transforms Thread 103" [_thread_blocked, id=976, stack(0x00000000295d0000,0x00000000296d0000)]
  0x0000000020750800 JavaThread "jar transforms Thread 102" [_thread_blocked, id=8172, stack(0x00000000294d0000,0x00000000295d0000)]
  0x0000000020756800 JavaThread "jar transforms Thread 101" [_thread_blocked, id=21996, stack(0x00000000293d0000,0x00000000294d0000)]
  0x0000000020755800 JavaThread "jar transforms Thread 100" [_thread_blocked, id=5468, stack(0x00000000292d0000,0x00000000293d0000)]
  0x0000000020755000 JavaThread "jar transforms Thread 99" [_thread_blocked, id=15272, stack(0x00000000291d0000,0x00000000292d0000)]
  0x0000000020757000 JavaThread "jar transforms Thread 98" [_thread_blocked, id=27732, stack(0x00000000290d0000,0x00000000291d0000)]
  0x000000002080b000 JavaThread "jar transforms Thread 97" [_thread_blocked, id=12796, stack(0x0000000028ed0000,0x0000000028fd0000)]
  0x000000002080b800 JavaThread "jar transforms Thread 96" [_thread_blocked, id=19292, stack(0x0000000028dd0000,0x0000000028ed0000)]
  0x000000002080f800 JavaThread "jar transforms Thread 95" [_thread_blocked, id=15200, stack(0x0000000028cd0000,0x0000000028dd0000)]
  0x000000002080e000 JavaThread "jar transforms Thread 94" [_thread_blocked, id=5832, stack(0x0000000028bd0000,0x0000000028cd0000)]
  0x000000002080a000 JavaThread "jar transforms Thread 93" [_thread_blocked, id=18084, stack(0x0000000028ad0000,0x0000000028bd0000)]
  0x000000002080e800 JavaThread "jar transforms Thread 92" [_thread_blocked, id=19308, stack(0x00000000289d0000,0x0000000028ad0000)]
  0x000000002080d000 JavaThread "jar transforms Thread 91" [_thread_blocked, id=3016, stack(0x00000000288d0000,0x00000000289d0000)]
  0x000000002080c800 JavaThread "jar transforms Thread 90" [_thread_blocked, id=30952, stack(0x00000000287d0000,0x00000000288d0000)]
  0x0000000020810000 JavaThread "jar transforms Thread 89" [_thread_blocked, id=22984, stack(0x00000000286d0000,0x00000000287d0000)]
  0x0000000020802800 JavaThread "jar transforms Thread 88" [_thread_blocked, id=29164, stack(0x00000000285d0000,0x00000000286d0000)]
  0x0000000020809800 JavaThread "jar transforms Thread 87" [_thread_blocked, id=17772, stack(0x00000000284d0000,0x00000000285d0000)]
  0x0000000020802000 JavaThread "jar transforms Thread 86" [_thread_blocked, id=9928, stack(0x00000000283d0000,0x00000000284d0000)]
  0x0000000020808800 JavaThread "jar transforms Thread 85" [_thread_blocked, id=6084, stack(0x00000000282d0000,0x00000000283d0000)]
  0x0000000020801000 JavaThread "jar transforms Thread 84" [_thread_blocked, id=26276, stack(0x00000000281d0000,0x00000000282d0000)]
  0x0000000020808000 JavaThread "jar transforms Thread 83" [_thread_blocked, id=13584, stack(0x00000000280d0000,0x00000000281d0000)]
  0x0000000020804000 JavaThread "jar transforms Thread 82" [_thread_blocked, id=14076, stack(0x0000000027fd0000,0x00000000280d0000)]
  0x0000000020805000 JavaThread "jar transforms Thread 81" [_thread_blocked, id=13448, stack(0x0000000027ed0000,0x0000000027fd0000)]
  0x0000000020806800 JavaThread "jar transforms Thread 80" [_thread_blocked, id=1640, stack(0x0000000027dd0000,0x0000000027ed0000)]
  0x0000000020803800 JavaThread "jar transforms Thread 79" [_thread_blocked, id=18284, stack(0x0000000027cd0000,0x0000000027dd0000)]
  0x0000000020807000 JavaThread "jar transforms Thread 78" [_thread_blocked, id=456, stack(0x0000000027bd0000,0x0000000027cd0000)]
  0x0000000020805800 JavaThread "jar transforms Thread 77" [_thread_blocked, id=8388, stack(0x0000000027ad0000,0x0000000027bd0000)]
  0x0000000020800000 JavaThread "jar transforms Thread 76" [_thread_blocked, id=13144, stack(0x00000000279d0000,0x0000000027ad0000)]
  0x00000000207ff800 JavaThread "jar transforms Thread 75" [_thread_blocked, id=16112, stack(0x00000000278d0000,0x00000000279d0000)]
  0x00000000207fe800 JavaThread "jar transforms Thread 74" [_thread_blocked, id=9976, stack(0x00000000277d0000,0x00000000278d0000)]
  0x00000000207fe000 JavaThread "jar transforms Thread 73" [_thread_blocked, id=27532, stack(0x00000000276d0000,0x00000000277d0000)]
  0x00000000207f9800 JavaThread "jar transforms Thread 72" [_thread_blocked, id=24500, stack(0x00000000275d0000,0x00000000276d0000)]
  0x00000000207fd000 JavaThread "jar transforms Thread 71" [_thread_blocked, id=9232, stack(0x00000000274d0000,0x00000000275d0000)]
  0x00000000207fb000 JavaThread "jar transforms Thread 70" [_thread_blocked, id=4544, stack(0x00000000273d0000,0x00000000274d0000)]
  0x00000000207fa000 JavaThread "jar transforms Thread 69" [_thread_blocked, id=27352, stack(0x00000000272d0000,0x00000000273d0000)]
  0x00000000207fc800 JavaThread "jar transforms Thread 68" [_thread_blocked, id=27540, stack(0x00000000271d0000,0x00000000272d0000)]
  0x00000000207fb800 JavaThread "jar transforms Thread 67" [_thread_blocked, id=26796, stack(0x00000000270d0000,0x00000000271d0000)]
  0x00000000207f2000 JavaThread "jar transforms Thread 66" [_thread_blocked, id=25952, stack(0x0000000026fd0000,0x00000000270d0000)]
  0x00000000207f5800 JavaThread "jar transforms Thread 65" [_thread_blocked, id=28136, stack(0x0000000026ed0000,0x0000000026fd0000)]
  0x00000000207f3800 JavaThread "jar transforms Thread 64" [_thread_blocked, id=16232, stack(0x0000000026dd0000,0x0000000026ed0000)]
  0x00000000207f8800 JavaThread "jar transforms Thread 63" [_thread_blocked, id=31028, stack(0x0000000026cd0000,0x0000000026dd0000)]
  0x00000000207f6800 JavaThread "jar transforms Thread 62" [_thread_blocked, id=23756, stack(0x0000000026bd0000,0x0000000026cd0000)]
  0x00000000207f8000 JavaThread "jar transforms Thread 61" [_thread_blocked, id=8072, stack(0x0000000026ad0000,0x0000000026bd0000)]
  0x00000000207f4000 JavaThread "jar transforms Thread 60" [_thread_blocked, id=32056, stack(0x00000000269d0000,0x0000000026ad0000)]
  0x00000000207f1000 JavaThread "jar transforms Thread 59" [_thread_blocked, id=5868, stack(0x00000000268d0000,0x00000000269d0000)]
  0x00000000207f5000 JavaThread "jar transforms Thread 58" [_thread_blocked, id=13956, stack(0x00000000267d0000,0x00000000268d0000)]
  0x00000000207f2800 JavaThread "jar transforms Thread 57" [_thread_blocked, id=9872, stack(0x00000000266d0000,0x00000000267d0000)]
  0x00000000207f7000 JavaThread "jar transforms Thread 56" [_thread_blocked, id=29356, stack(0x00000000265d0000,0x00000000266d0000)]
  0x000000001d426800 JavaThread "jar transforms Thread 55" [_thread_blocked, id=10964, stack(0x00000000264d0000,0x00000000265d0000)]
  0x000000001d424800 JavaThread "jar transforms Thread 54" [_thread_blocked, id=18892, stack(0x00000000263d0000,0x00000000264d0000)]
  0x000000001d423800 JavaThread "jar transforms Thread 53" [_thread_blocked, id=18372, stack(0x00000000262d0000,0x00000000263d0000)]
  0x000000001d422000 JavaThread "jar transforms Thread 52" [_thread_blocked, id=24560, stack(0x00000000261d0000,0x00000000262d0000)]
  0x000000001d426000 JavaThread "jar transforms Thread 51" [_thread_blocked, id=31080, stack(0x00000000260d0000,0x00000000261d0000)]
  0x000000001d423000 JavaThread "jar transforms Thread 50" [_thread_blocked, id=9924, stack(0x0000000025fd0000,0x00000000260d0000)]
  0x000000001d421800 JavaThread "jar transforms Thread 49" [_thread_blocked, id=10404, stack(0x0000000025ed0000,0x0000000025fd0000)]
  0x000000001d425000 JavaThread "jar transforms Thread 48" [_thread_blocked, id=4272, stack(0x0000000025dd0000,0x0000000025ed0000)]
  0x000000001d427800 JavaThread "jar transforms Thread 47" [_thread_blocked, id=21020, stack(0x0000000025cd0000,0x0000000025dd0000)]
  0x000000001d428000 JavaThread "jar transforms Thread 46" [_thread_blocked, id=23624, stack(0x0000000025bd0000,0x0000000025cd0000)]
  0x000000001d419800 JavaThread "jar transforms Thread 45" [_thread_blocked, id=624, stack(0x0000000025ad0000,0x0000000025bd0000)]
  0x000000001d41f000 JavaThread "jar transforms Thread 44" [_thread_blocked, id=2600, stack(0x00000000259d0000,0x0000000025ad0000)]
  0x000000001d41e000 JavaThread "jar transforms Thread 43" [_thread_blocked, id=12904, stack(0x00000000258d0000,0x00000000259d0000)]
  0x000000001d420800 JavaThread "jar transforms Thread 42" [_thread_blocked, id=8380, stack(0x00000000257d0000,0x00000000258d0000)]
  0x000000001d41d800 JavaThread "jar transforms Thread 41" [_thread_blocked, id=27552, stack(0x00000000256d0000,0x00000000257d0000)]
  0x000000001d41b000 JavaThread "jar transforms Thread 40" [_thread_blocked, id=10832, stack(0x00000000255d0000,0x00000000256d0000)]
  0x000000001d41c800 JavaThread "jar transforms Thread 39" [_thread_blocked, id=10636, stack(0x00000000254d0000,0x00000000255d0000)]
  0x000000001d41a800 JavaThread "jar transforms Thread 38" [_thread_blocked, id=32352, stack(0x00000000253d0000,0x00000000254d0000)]
  0x000000001d41f800 JavaThread "jar transforms Thread 37" [_thread_blocked, id=26812, stack(0x00000000252d0000,0x00000000253d0000)]
  0x000000001d41c000 JavaThread "jar transforms Thread 36" [_thread_blocked, id=10624, stack(0x00000000251d0000,0x00000000252d0000)]
  0x000000001d419000 JavaThread "jar transforms Thread 35" [_thread_blocked, id=12732, stack(0x00000000250d0000,0x00000000251d0000)]
  0x000000001dd99000 JavaThread "jar transforms Thread 34" [_thread_blocked, id=18144, stack(0x0000000024fd0000,0x00000000250d0000)]
  0x000000001dd96800 JavaThread "jar transforms Thread 33" [_thread_blocked, id=24116, stack(0x0000000024ed0000,0x0000000024fd0000)]
  0x000000001dd96000 JavaThread "jar transforms Thread 32" [_thread_blocked, id=21248, stack(0x0000000024dd0000,0x0000000024ed0000)]
  0x000000001dd95000 JavaThread "jar transforms Thread 31" [_thread_blocked, id=29884, stack(0x0000000024cd0000,0x0000000024dd0000)]
  0x000000001dd94800 JavaThread "jar transforms Thread 30" [_thread_blocked, id=1220, stack(0x0000000024bd0000,0x0000000024cd0000)]
  0x000000001dd92000 JavaThread "jar transforms Thread 29" [_thread_blocked, id=27408, stack(0x0000000024ad0000,0x0000000024bd0000)]
  0x000000001dd98800 JavaThread "jar transforms Thread 28" [_thread_blocked, id=15968, stack(0x00000000249d0000,0x0000000024ad0000)]
  0x000000001dd93800 JavaThread "jar transforms Thread 27" [_thread_blocked, id=10456, stack(0x00000000248d0000,0x00000000249d0000)]
  0x000000001dd97800 JavaThread "jar transforms Thread 26" [_thread_blocked, id=6424, stack(0x00000000247d0000,0x00000000248d0000)]
  0x000000001dd8e800 JavaThread "jar transforms Thread 25" [_thread_blocked, id=29172, stack(0x00000000246d0000,0x00000000247d0000)]
  0x000000001dd93000 JavaThread "jar transforms Thread 24" [_thread_blocked, id=11892, stack(0x00000000245d0000,0x00000000246d0000)]
  0x000000001dd8a800 JavaThread "jar transforms Thread 23" [_thread_blocked, id=6164, stack(0x00000000244d0000,0x00000000245d0000)]
  0x000000001dd8b800 JavaThread "jar transforms Thread 22" [_thread_blocked, id=26736, stack(0x00000000243d0000,0x00000000244d0000)]
  0x000000001dd91800 JavaThread "jar transforms Thread 21" [_thread_blocked, id=6416, stack(0x00000000242d0000,0x00000000243d0000)]
  0x000000001dd90800 JavaThread "jar transforms Thread 20" [_thread_blocked, id=18336, stack(0x00000000241d0000,0x00000000242d0000)]
  0x000000001dd8a000 JavaThread "jar transforms Thread 19" [_thread_blocked, id=32564, stack(0x00000000240d0000,0x00000000241d0000)]
  0x000000001dd8f000 JavaThread "jar transforms Thread 18" [_thread_blocked, id=27364, stack(0x0000000023fd0000,0x00000000240d0000)]
  0x000000001dd8d800 JavaThread "jar transforms Thread 17" [_thread_blocked, id=10232, stack(0x0000000023ed0000,0x0000000023fd0000)]
  0x000000001dd8c000 JavaThread "jar transforms Thread 16" [_thread_blocked, id=12072, stack(0x0000000023dd0000,0x0000000023ed0000)]
  0x000000001dd90000 JavaThread "jar transforms Thread 15" [_thread_blocked, id=24932, stack(0x0000000023cd0000,0x0000000023dd0000)]
  0x000000001dd8d000 JavaThread "jar transforms Thread 14" [_thread_blocked, id=20856, stack(0x0000000023bd0000,0x0000000023cd0000)]
  0x000000001ac91000 JavaThread "jar transforms Thread 13" [_thread_blocked, id=12692, stack(0x0000000023ad0000,0x0000000023bd0000)]
  0x000000001ac8f800 JavaThread "jar transforms Thread 12" [_thread_blocked, id=27768, stack(0x00000000239d0000,0x0000000023ad0000)]
  0x000000001ac8f000 JavaThread "jar transforms Thread 11" [_thread_blocked, id=19256, stack(0x00000000238d0000,0x00000000239d0000)]
  0x000000001ac90800 JavaThread "jar transforms Thread 10" [_thread_blocked, id=29624, stack(0x00000000237d0000,0x00000000238d0000)]
  0x000000001ac8e000 JavaThread "jar transforms Thread 9" [_thread_blocked, id=12376, stack(0x00000000236d0000,0x00000000237d0000)]
  0x000000001ac8d800 JavaThread "jar transforms Thread 8" [_thread_blocked, id=20980, stack(0x00000000235d0000,0x00000000236d0000)]
  0x000000001ac8c800 JavaThread "jar transforms Thread 7" [_thread_blocked, id=6224, stack(0x00000000234d0000,0x00000000235d0000)]
  0x000000001ac8c000 JavaThread "jar transforms Thread 6" [_thread_blocked, id=13952, stack(0x00000000233d0000,0x00000000234d0000)]
  0x000000001ac8b000 JavaThread "jar transforms Thread 5" [_thread_blocked, id=6600, stack(0x00000000232d0000,0x00000000233d0000)]
  0x000000001ac83800 JavaThread "jar transforms Thread 4" [_thread_blocked, id=12120, stack(0x00000000231d0000,0x00000000232d0000)]
  0x000000001ac8a800 JavaThread "jar transforms Thread 3" [_thread_blocked, id=26492, stack(0x00000000230d0000,0x00000000231d0000)]
  0x000000001ac84800 JavaThread "jar transforms Thread 2" [_thread_blocked, id=5676, stack(0x0000000022fd0000,0x00000000230d0000)]
  0x000000001ac89800 JavaThread "Build operations Thread 4" [_thread_blocked, id=5496, stack(0x0000000022ed0000,0x0000000022fd0000)]
  0x000000001ac82000 JavaThread "Build operations Thread 3" [_thread_blocked, id=14684, stack(0x0000000022dd0000,0x0000000022ed0000)]
  0x000000001ac89000 JavaThread "Build operations Thread 2" [_thread_blocked, id=4996, stack(0x0000000022cd0000,0x0000000022dd0000)]
  0x000000001ac88000 JavaThread "Build operations" [_thread_blocked, id=10248, stack(0x0000000022bd0000,0x0000000022cd0000)]
  0x0000000019de6800 JavaThread "Cache worker for file content cache (C:\Users\kishorek\.gradle\caches\6.5\fileContent)" [_thread_blocked, id=11672, stack(0x0000000021500000,0x0000000021600000)]
  0x0000000019de5000 JavaThread "jar transforms" [_thread_blocked, id=10224, stack(0x0000000020d30000,0x0000000020e30000)]
  0x0000000019de6000 JavaThread "Cache worker for execution history cache (C:\Users\kishorek\.gradle\caches\6.5\executionHistory)" [_thread_blocked, id=5908, stack(0x000000001fa40000,0x000000001fb40000)]
  0x0000000019de2000 JavaThread "Cache worker for cache directory md-rule (C:\Users\kishorek\.gradle\caches\6.5\md-rule)" [_thread_blocked, id=12312, stack(0x000000001f940000,0x000000001fa40000)]
  0x0000000019de4800 JavaThread "Cache worker for cache directory md-supplier (C:\Users\kishorek\.gradle\caches\6.5\md-supplier)" [_thread_blocked, id=13732, stack(0x000000001f840000,0x000000001f940000)]
  0x0000000019de3800 JavaThread "Cache worker for checksums cache (C:\Users\kishorek\Desktop\AndroidStudioProjects\ShieldSecuritySystem\.gradle\checksums)" [_thread_blocked, id=18964, stack(0x000000001f740000,0x000000001f840000)]
  0x0000000019de8000 JavaThread "Cache worker for file hash cache (C:\Users\kishorek\Desktop\AndroidStudioProjects\ShieldSecuritySystem\.gradle\6.5\fileHashes)" [_thread_blocked, id=16784, stack(0x000000001e260000,0x000000001e360000)]
  0x0000000019de7800 JavaThread "Cache worker for file hash cache (C:\Users\kishorek\.gradle\caches\6.5\fileHashes)" [_thread_blocked, id=12952, stack(0x000000001d190000,0x000000001d290000)]
  0x0000000019de2800 JavaThread "File lock request listener" [_thread_in_native, id=6280, stack(0x000000001d090000,0x000000001d190000)]
  0x000000001ab64800 JavaThread "Cache worker for journal cache (C:\Users\kishorek\.gradle\caches\journal-1)" [_thread_blocked, id=30716, stack(0x000000001ce90000,0x000000001cf90000)]
  0x000000001ab21800 JavaThread "Thread-9" [_thread_blocked, id=9228, stack(0x000000001cb90000,0x000000001cc90000)]
  0x000000001ab6e000 JavaThread "Stdin handler" [_thread_blocked, id=6440, stack(0x000000001ca90000,0x000000001cb90000)]
  0x000000001ab65800 JavaThread "Asynchronous log dispatcher for DefaultDaemonConnection: socket connection from /127.0.0.1:56299 to /127.0.0.1:56300" [_thread_blocked, id=14000, stack(0x000000001c990000,0x000000001ca90000)]
  0x000000001ab62800 JavaThread "Daemon worker" [_thread_blocked, id=6652, stack(0x000000001c890000,0x000000001c990000)]
  0x000000001ab61800 JavaThread "Cancel handler" [_thread_blocked, id=22696, stack(0x000000001c790000,0x000000001c890000)]
  0x000000001aaf2800 JavaThread "Handler for socket connection from /127.0.0.1:56299 to /127.0.0.1:56300" [_thread_in_native, id=2180, stack(0x000000001c690000,0x000000001c790000)]
  0x000000001aaf2000 JavaThread "Daemon" [_thread_blocked, id=27176, stack(0x000000001c590000,0x000000001c690000)]
  0x000000001aad6800 JavaThread "Daemon periodic checks" [_thread_blocked, id=24476, stack(0x000000001c290000,0x000000001c390000)]
  0x000000001aa82000 JavaThread "Incoming local TCP Connector on port 56299" [_thread_in_native, id=9240, stack(0x000000001c050000,0x000000001c150000)]
  0x000000001aa10800 JavaThread "Daemon health stats" [_thread_blocked, id=21412, stack(0x000000001ba10000,0x000000001bb10000)]
  0x0000000018aa8800 JavaThread "Service Thread" daemon [_thread_blocked, id=14472, stack(0x0000000018e70000,0x0000000018f70000)]
  0x0000000017139800 JavaThread "C1 CompilerThread2" daemon [_thread_blocked, id=30572, stack(0x0000000018970000,0x0000000018a70000)]
=>0x000000001712b800 JavaThread "C2 CompilerThread1" daemon [_thread_in_native, id=29720, stack(0x0000000018870000,0x0000000018970000)]
  0x0000000017128800 JavaThread "C2 CompilerThread0" daemon [_thread_in_native, id=22904, stack(0x0000000018770000,0x0000000018870000)]
  0x0000000017126800 JavaThread "Attach Listener" daemon [_thread_blocked, id=14196, stack(0x0000000018670000,0x0000000018770000)]
  0x0000000017121800 JavaThread "Signal Dispatcher" daemon [_thread_blocked, id=18164, stack(0x0000000018570000,0x0000000018670000)]
  0x00000000023fb800 JavaThread "Finalizer" daemon [_thread_blocked, id=4040, stack(0x0000000018370000,0x0000000018470000)]
  0x0000000017109000 JavaThread "Reference Handler" daemon [_thread_blocked, id=31708, stack(0x0000000018270000,0x0000000018370000)]
  0x00000000024fe800 JavaThread "main" [_thread_blocked, id=5840, stack(0x0000000002170000,0x0000000002270000)]

Other Threads:
  0x00000000170e6800 VMThread [stack: 0x0000000018170000,0x0000000018270000] [id=29832]
  0x000000001717e800 WatcherThread [stack: 0x0000000018f70000,0x0000000019070000] [id=28564]

VM state:not at safepoint (normal execution)

VM Mutex/Monitor currently owned by a thread: None

heap address: 0x0000000080000000, size: 2048 MB, Compressed Oops mode: 32-bit
Narrow klass base: 0x0000000000000000, Narrow klass shift: 3
Compressed class space size: 1073741824 Address: 0x0000000100000000

Heap:
 PSYoungGen      total 240640K, used 94725K [0x00000000d5580000, 0x00000000e9f00000, 0x0000000100000000)
  eden space 208896K, 30% used [0x00000000d5580000,0x00000000d9306238,0x00000000e2180000)
  from space 31744K, 99% used [0x00000000e2180000,0x00000000e407b4f8,0x00000000e4080000)
  to   space 43520K, 0% used [0x00000000e7480000,0x00000000e7480000,0x00000000e9f00000)
 ParOldGen       total 129536K, used 68189K [0x0000000080000000, 0x0000000087e80000, 0x00000000d5580000)
  object space 129536K, 52% used [0x0000000080000000,0x0000000084297438,0x0000000087e80000)
 Metaspace       used 72898K, capacity 76214K, committed 76312K, reserved 1116160K
  class space    used 9869K, capacity 10516K, committed 10544K, reserved 1048576K

Card table byte_map: [0x00000000118c0000,0x0000000011cd0000] byte_map_base: 0x00000000114c0000

Marking Bits: (ParMarkBitMap*) 0x000000007602f030
 Begin Bits: [0x0000000012380000, 0x0000000014380000)
 End Bits:   [0x0000000014380000, 0x0000000016380000)

Polling page: 0x0000000000590000

CodeCache: size=245760Kb used=28814Kb max_used=28814Kb free=216945Kb
 bounds [0x0000000002500000, 0x0000000004150000, 0x0000000011500000]
 total_blobs=9876 nmethods=9069 adapters=719
 compilation: enabled

Compilation events (10 events):
Event: 16.450 Thread 0x0000000017139800 10293   !   2       sun.reflect.GeneratedSerializationConstructorAccessor7::newInstance (49 bytes)
Event: 16.450 Thread 0x0000000017139800 nmethod 10293 0x0000000004141750 code [0x00000000041418e0, 0x0000000004141c08]
Event: 16.450 Thread 0x0000000017139800 10295       2       java.lang.Class::getConstructors (18 bytes)
Event: 16.451 Thread 0x0000000017139800 nmethod 10295 0x0000000004141e10 code [0x0000000004141fa0, 0x0000000004142178]
Event: 16.451 Thread 0x0000000017139800 10296       2       java.io.ObjectOutputStream$BlockDataOutputStream::writeChar (47 bytes)
Event: 16.451 Thread 0x0000000017139800 nmethod 10296 0x0000000004142250 code [0x00000000041423c0, 0x0000000004142618]
Event: 16.456 Thread 0x0000000017139800 10299   !   2       sun.misc.URLClassPath::getURLs (35 bytes)
Event: 16.456 Thread 0x0000000017139800 nmethod 10299 0x00000000041427d0 code [0x0000000004142940, 0x0000000004142d08]
Event: 16.457 Thread 0x0000000017139800 10300       2       java.io.ObjectOutputStream$BlockDataOutputStream::writeLong (48 bytes)
Event: 16.457 Thread 0x0000000017139800 nmethod 10300 0x0000000004142ed0 code [0x0000000004143040, 0x0000000004143218]

GC Heap History (10 events):
Event: 8.092 GC heap before
{Heap before GC invocations=14 (full 2):
 PSYoungGen      total 157184K, used 92589K [0x00000000d5580000, 0x00000000e2980000, 0x0000000100000000)
  eden space 144384K, 55% used [0x00000000d5580000,0x00000000da370460,0x00000000de280000)
  from space 12800K, 99% used [0x00000000de280000,0x00000000deefb310,0x00000000def00000)
  to   space 18432K, 0% used [0x00000000e1780000,0x00000000e1780000,0x00000000e2980000)
 ParOldGen       total 84480K, used 29424K [0x0000000080000000, 0x0000000085280000, 0x00000000d5580000)
  object space 84480K, 34% used [0x0000000080000000,0x0000000081cbc190,0x0000000085280000)
 Metaspace       used 56864K, capacity 59108K, committed 59160K, reserved 1099776K
  class space    used 7693K, capacity 8209K, committed 8240K, reserved 1048576K
Event: 8.126 GC heap after
Heap after GC invocations=14 (full 2):
 PSYoungGen      total 196608K, used 16771K [0x00000000d5580000, 0x00000000e3280000, 0x0000000100000000)
  eden space 178176K, 0% used [0x00000000d5580000,0x00000000d5580000,0x00000000e0380000)
  from space 18432K, 90% used [0x00000000e1780000,0x00000000e27e0cd8,0x00000000e2980000)
  to   space 20480K, 0% used [0x00000000e0380000,0x00000000e0380000,0x00000000e1780000)
 ParOldGen       total 84480K, used 34662K [0x0000000080000000, 0x0000000085280000, 0x00000000d5580000)
  object space 84480K, 41% used [0x0000000080000000,0x00000000821d9a80,0x0000000085280000)
 Metaspace       used 56864K, capacity 59108K, committed 59160K, reserved 1099776K
  class space    used 7693K, capacity 8209K, committed 8240K, reserved 1048576K
}
Event: 8.126 GC heap before
{Heap before GC invocations=15 (full 3):
 PSYoungGen      total 196608K, used 16771K [0x00000000d5580000, 0x00000000e3280000, 0x0000000100000000)
  eden space 178176K, 0% used [0x00000000d5580000,0x00000000d5580000,0x00000000e0380000)
  from space 18432K, 90% used [0x00000000e1780000,0x00000000e27e0cd8,0x00000000e2980000)
  to   space 20480K, 0% used [0x00000000e0380000,0x00000000e0380000,0x00000000e1780000)
 ParOldGen       total 84480K, used 34662K [0x0000000080000000, 0x0000000085280000, 0x00000000d5580000)
  object space 84480K, 41% used [0x0000000080000000,0x00000000821d9a80,0x0000000085280000)
 Metaspace       used 56864K, capacity 59108K, committed 59160K, reserved 1099776K
  class space    used 7693K, capacity 8209K, committed 8240K, reserved 1048576K
Event: 8.338 GC heap after
Heap after GC invocations=15 (full 3):
 PSYoungGen      total 196608K, used 0K [0x00000000d5580000, 0x00000000e3280000, 0x0000000100000000)
  eden space 178176K, 0% used [0x00000000d5580000,0x00000000d5580000,0x00000000e0380000)
  from space 18432K, 0% used [0x00000000e1780000,0x00000000e1780000,0x00000000e2980000)
  to   space 20480K, 0% used [0x00000000e0380000,0x00000000e0380000,0x00000000e1780000)
 ParOldGen       total 129536K, used 35301K [0x0000000080000000, 0x0000000087e80000, 0x00000000d5580000)
  object space 129536K, 27% used [0x0000000080000000,0x00000000822795c8,0x0000000087e80000)
 Metaspace       used 56843K, capacity 59036K, committed 59160K, reserved 1099776K
  class space    used 7686K, capacity 8197K, committed 8240K, reserved 1048576K
}
Event: 10.672 GC heap before
{Heap before GC invocations=16 (full 3):
 PSYoungGen      total 196608K, used 178176K [0x00000000d5580000, 0x00000000e3280000, 0x0000000100000000)
  eden space 178176K, 100% used [0x00000000d5580000,0x00000000e0380000,0x00000000e0380000)
  from space 18432K, 0% used [0x00000000e1780000,0x00000000e1780000,0x00000000e2980000)
  to   space 20480K, 0% used [0x00000000e0380000,0x00000000e0380000,0x00000000e1780000)
 ParOldGen       total 129536K, used 35301K [0x0000000080000000, 0x0000000087e80000, 0x00000000d5580000)
  object space 129536K, 27% used [0x0000000080000000,0x00000000822795c8,0x0000000087e80000)
 Metaspace       used 66519K, capacity 69278K, committed 69400K, reserved 1110016K
  class space    used 9143K, capacity 9752K, committed 9776K, reserved 1048576K
Event: 10.705 GC heap after
Heap after GC invocations=16 (full 3):
 PSYoungGen      total 198656K, used 18973K [0x00000000d5580000, 0x00000000e5700000, 0x0000000100000000)
  eden space 178176K, 0% used [0x00000000d5580000,0x00000000d5580000,0x00000000e0380000)
  from space 20480K, 92% used [0x00000000e0380000,0x00000000e16077e8,0x00000000e1780000)
  to   space 23040K, 0% used [0x00000000e4080000,0x00000000e4080000,0x00000000e5700000)
 ParOldGen       total 129536K, used 35309K [0x0000000080000000, 0x0000000087e80000, 0x00000000d5580000)
  object space 129536K, 27% used [0x0000000080000000,0x000000008227b5c8,0x0000000087e80000)
 Metaspace       used 66519K, capacity 69278K, committed 69400K, reserved 1110016K
  class space    used 9143K, capacity 9752K, committed 9776K, reserved 1048576K
}
Event: 12.575 GC heap before
{Heap before GC invocations=17 (full 3):
 PSYoungGen      total 198656K, used 197149K [0x00000000d5580000, 0x00000000e5700000, 0x0000000100000000)
  eden space 178176K, 100% used [0x00000000d5580000,0x00000000e0380000,0x00000000e0380000)
  from space 20480K, 92% used [0x00000000e0380000,0x00000000e16077e8,0x00000000e1780000)
  to   space 23040K, 0% used [0x00000000e4080000,0x00000000e4080000,0x00000000e5700000)
 ParOldGen       total 129536K, used 35309K [0x0000000080000000, 0x0000000087e80000, 0x00000000d5580000)
  object space 129536K, 27% used [0x0000000080000000,0x000000008227b5c8,0x0000000087e80000)
 Metaspace       used 68941K, capacity 72030K, committed 72344K, reserved 1112064K
  class space    used 9420K, capacity 10046K, committed 10160K, reserved 1048576K
Event: 12.603 GC heap after
Heap after GC invocations=17 (full 3):
 PSYoungGen      total 231936K, used 23017K [0x00000000d5580000, 0x00000000e6680000, 0x0000000100000000)
  eden space 208896K, 0% used [0x00000000d5580000,0x00000000d5580000,0x00000000e2180000)
  from space 23040K, 99% used [0x00000000e4080000,0x00000000e56fa500,0x00000000e5700000)
  to   space 31744K, 0% used [0x00000000e2180000,0x00000000e2180000,0x00000000e4080000)
 ParOldGen       total 129536K, used 49389K [0x0000000080000000, 0x0000000087e80000, 0x00000000d5580000)
  object space 129536K, 38% used [0x0000000080000000,0x000000008303b5b0,0x0000000087e80000)
 Metaspace       used 68941K, capacity 72030K, committed 72344K, reserved 1112064K
  class space    used 9420K, capacity 10046K, committed 10160K, reserved 1048576K
}
Event: 15.560 GC heap before
{Heap before GC invocations=18 (full 3):
 PSYoungGen      total 231936K, used 231913K [0x00000000d5580000, 0x00000000e6680000, 0x0000000100000000)
  eden space 208896K, 100% used [0x00000000d5580000,0x00000000e2180000,0x00000000e2180000)
  from space 23040K, 99% used [0x00000000e4080000,0x00000000e56fa500,0x00000000e5700000)
  to   space 31744K, 0% used [0x00000000e2180000,0x00000000e2180000,0x00000000e4080000)
 ParOldGen       total 129536K, used 49389K [0x0000000080000000, 0x0000000087e80000, 0x00000000d5580000)
  object space 129536K, 38% used [0x0000000080000000,0x000000008303b5b0,0x0000000087e80000)
 Metaspace       used 71209K, capacity 74402K, committed 74520K, reserved 1114112K
  class space    used 9655K, capacity 10272K, committed 10288K, reserved 1048576K
Event: 15.596 GC heap after
Heap after GC invocations=18 (full 3):
 PSYoungGen      total 240640K, used 31725K [0x00000000d5580000, 0x00000000e9f00000, 0x0000000100000000)
  eden space 208896K, 0% used [0x00000000d5580000,0x00000000d5580000,0x00000000e2180000)
  from space 31744K, 99% used [0x00000000e2180000,0x00000000e407b4f8,0x00000000e4080000)
  to   space 43520K, 0% used [0x00000000e7480000,0x00000000e7480000,0x00000000e9f00000)
 ParOldGen       total 129536K, used 68189K [0x0000000080000000, 0x0000000087e80000, 0x00000000d5580000)
  object space 129536K, 52% used [0x0000000080000000,0x0000000084297438,0x0000000087e80000)
 Metaspace       used 71209K, capacity 74402K, committed 74520K, reserved 1114112K
  class space    used 9655K, capacity 10272K, committed 10288K, reserved 1048576K
}

Deoptimization events (10 events):
Event: 16.174 Thread 0x000000001f22c000 Uncommon trap: reason=class_check action=maybe_recompile pc=0x0000000003fe43b0 method=com.sun.org.apache.xerces.internal.dom.ElementImpl.getAttributes()Lorg/w3c/dom/NamedNodeMap; @ 8
Event: 16.175 Thread 0x000000001f22c000 Uncommon trap: reason=class_check action=maybe_recompile pc=0x0000000002f3fd00 method=com.sun.org.apache.xerces.internal.dom.AttrImpl.getOwnerElement()Lorg/w3c/dom/Element; @ 15
Event: 16.175 Thread 0x000000001f22c000 Uncommon trap: reason=class_check action=maybe_recompile pc=0x0000000002f3fd00 method=com.sun.org.apache.xerces.internal.dom.AttrImpl.getOwnerElement()Lorg/w3c/dom/Element; @ 15
Event: 16.175 Thread 0x000000001f22c000 Uncommon trap: reason=class_check action=maybe_recompile pc=0x0000000002f3fd00 method=com.sun.org.apache.xerces.internal.dom.AttrImpl.getOwnerElement()Lorg/w3c/dom/Element; @ 15
Event: 16.175 Thread 0x000000001f22c000 Uncommon trap: reason=class_check action=maybe_recompile pc=0x0000000002f3fd00 method=com.sun.org.apache.xerces.internal.dom.AttrImpl.getOwnerElement()Lorg/w3c/dom/Element; @ 15
Event: 16.186 Thread 0x000000001f22c000 Uncommon trap: reason=class_check action=maybe_recompile pc=0x00000000038b34e8 method=com.sun.org.apache.xerces.internal.dom.AttrImpl.getOwnerElement()Lorg/w3c/dom/Element; @ 18
Event: 16.186 Thread 0x000000001f22c000 Uncommon trap: reason=class_check action=maybe_recompile pc=0x00000000038b34e8 method=com.sun.org.apache.xerces.internal.dom.AttrImpl.getOwnerElement()Lorg/w3c/dom/Element; @ 18
Event: 16.208 Thread 0x000000001f22c000 Uncommon trap: reason=unstable_if action=reinterpret pc=0x0000000004035618 method=com.android.utils.XmlUtils.toXmlAttributeValue(Ljava/lang/String;)Ljava/lang/String; @ 33
Event: 16.208 Thread 0x000000001f22c000 Uncommon trap: reason=unstable_if action=reinterpret pc=0x0000000003fd485c method=com.android.utils.XmlUtils.toXmlAttributeValue(Ljava/lang/String;)Ljava/lang/String; @ 33
Event: 16.238 Thread 0x000000001f22c000 Uncommon trap: reason=unstable_if action=reinterpret pc=0x000000000403117c method=com.android.utils.XmlUtils.append(Lcom/android/utils/XmlUtils$PositionAwareStringBuilder;Lorg/w3c/dom/Node;Ljava/util/Map;Ljava/util/Set;)V @ 540

Classes redefined (0 events):
No events

Internal exceptions (10 events):
Event: 14.054 Thread 0x000000001f22c000 Exception <a 'java/lang/NoSuchMethodError': <clinit>> (0x00000000e00f5430) thrown at [C:\src\AOSP-openjdk-git\hotspot\src\share\vm\prims\jni.cpp, line 1615]
Event: 14.315 Thread 0x000000001f22c000 Implicit null exception at 0x00000000038d9057 to 0x00000000038d93b5
Event: 14.404 Thread 0x000000001f22c000 Implicit null exception at 0x0000000003fe6723 to 0x0000000003fe8b89
Event: 15.525 Thread 0x000000001f22c000 Implicit null exception at 0x000000000278e1d6 to 0x000000000278e571
Event: 15.674 Thread 0x000000001f22c000 Implicit null exception at 0x0000000002769b14 to 0x0000000002769ed9
Event: 16.238 Thread 0x000000001f22c000 Implicit null exception at 0x000000000403324e to 0x0000000004031159
Event: 16.338 Thread 0x000000001f22c000 Exception <a 'java/lang/NoSuchMethodError': <clinit>> (0x00000000d82c7028) thrown at [C:\src\AOSP-openjdk-git\hotspot\src\share\vm\prims\jni.cpp, line 1615]
Event: 16.339 Thread 0x000000001f22c000 Exception <a 'java/lang/NoSuchMethodError': <clinit>> (0x00000000d82d7448) thrown at [C:\src\AOSP-openjdk-git\hotspot\src\share\vm\prims\jni.cpp, line 1615]
Event: 16.340 Thread 0x000000001f22c000 Exception <a 'java/lang/NoSuchMethodError': <clinit>> (0x00000000d82eaca0) thrown at [C:\src\AOSP-openjdk-git\hotspot\src\share\vm\prims\jni.cpp, line 1615]
Event: 16.346 Thread 0x000000001f22c000 Exception <a 'java/lang/NoSuchMethodError': <clinit>> (0x00000000d836e158) thrown at [C:\src\AOSP-openjdk-git\hotspot\src\share\vm\prims\jni.cpp, line 1615]

Events (10 events):
Event: 16.414 Thread 0x000000001f22b800 Thread added: 0x000000001f22b800
Event: 16.420 Executing VM operation: RevokeBias
Event: 16.424 Executing VM operation: RevokeBias done
Event: 16.425 Executing VM operation: RevokeBias
Event: 16.425 Executing VM operation: RevokeBias done
Event: 16.431 Thread 0x000000001f233000 Thread added: 0x000000001f233000
Event: 16.446 Thread 0x000000001f233800 Thread added: 0x000000001f233800
Event: 16.446 Thread 0x000000001e790800 Thread added: 0x000000001e790800
Event: 16.452 Thread 0x000000001e791000 Thread added: 0x000000001e791000
Event: 16.452 Thread 0x000000001e78e000 Thread added: 0x000000001e78e000


Dynamic libraries:
0x00007ff6f3180000 - 0x00007ff6f31b1000 	C:\Program Files\Android\Android Studio\jre\bin\java.exe
0x00007ff9440d0000 - 0x00007ff9442bd000 	C:\WINDOWS\SYSTEM32\ntdll.dll
0x00007ff941790000 - 0x00007ff941843000 	C:\WINDOWS\System32\KERNEL32.DLL
0x00007ff9402b0000 - 0x00007ff940543000 	C:\WINDOWS\System32\KERNELBASE.dll
0x00007ff941fc0000 - 0x00007ff942063000 	C:\WINDOWS\System32\ADVAPI32.dll
0x00007ff941ef0000 - 0x00007ff941f8e000 	C:\WINDOWS\System32\msvcrt.dll
0x00007ff941690000 - 0x00007ff94172e000 	C:\WINDOWS\System32\sechost.dll
0x00007ff941cf0000 - 0x00007ff941e12000 	C:\WINDOWS\System32\RPCRT4.dll
0x00007ff943e60000 - 0x00007ff943ff7000 	C:\WINDOWS\System32\USER32.dll
0x00007ff940210000 - 0x00007ff940230000 	C:\WINDOWS\System32\win32u.dll
0x00007ff944010000 - 0x00007ff944039000 	C:\WINDOWS\System32\GDI32.dll
0x00007ff940550000 - 0x00007ff9406e9000 	C:\WINDOWS\System32\gdi32full.dll
0x00007ff9406f0000 - 0x00007ff940790000 	C:\WINDOWS\System32\msvcp_win.dll
0x00007ff9407e0000 - 0x00007ff9408da000 	C:\WINDOWS\System32\ucrtbase.dll
0x00007ff92f520000 - 0x00007ff92f799000 	C:\WINDOWS\WinSxS\amd64_microsoft.windows.common-controls_6595b64144ccf1df_6.0.17763.802_none_05b1445c0722d2cc\COMCTL32.dll
0x00007ff9412f0000 - 0x00007ff94161c000 	C:\WINDOWS\System32\combase.dll
0x00007ff940230000 - 0x00007ff9402ae000 	C:\WINDOWS\System32\bcryptPrimitives.dll
0x00007ff941f90000 - 0x00007ff941fbe000 	C:\WINDOWS\System32\IMM32.DLL
0x00000000756a0000 - 0x0000000075772000 	C:\Program Files\Android\Android Studio\jre\jre\bin\msvcr100.dll
0x0000000075860000 - 0x00000000760ab000 	C:\Program Files\Android\Android Studio\jre\jre\bin\server\jvm.dll
0x00007ff941980000 - 0x00007ff941988000 	C:\WINDOWS\System32\PSAPI.DLL
0x00007ff92b740000 - 0x00007ff92b749000 	C:\WINDOWS\SYSTEM32\WSOCK32.dll
0x00007ff9425a0000 - 0x00007ff94260d000 	C:\WINDOWS\System32\WS2_32.dll
0x00007ff93c950000 - 0x00007ff93c974000 	C:\WINDOWS\SYSTEM32\WINMM.dll
0x00007ff93b5d0000 - 0x00007ff93b5da000 	C:\WINDOWS\SYSTEM32\VERSION.dll
0x00007ff93c4a0000 - 0x00007ff93c4cd000 	C:\WINDOWS\SYSTEM32\WINMMBASE.dll
0x00007ff940790000 - 0x00007ff9407da000 	C:\WINDOWS\System32\cfgmgr32.dll
0x00007ff93c610000 - 0x00007ff93c61f000 	C:\Program Files\Android\Android Studio\jre\jre\bin\verify.dll
0x00007ff9316e0000 - 0x00007ff931709000 	C:\Program Files\Android\Android Studio\jre\jre\bin\java.dll
0x00007ff92e530000 - 0x00007ff92e546000 	C:\Program Files\Android\Android Studio\jre\jre\bin\zip.dll
0x00007ff942780000 - 0x00007ff943c74000 	C:\WINDOWS\System32\SHELL32.dll
0x00007ff9418d0000 - 0x00007ff941978000 	C:\WINDOWS\System32\shcore.dll
0x00007ff940ba0000 - 0x00007ff9412ed000 	C:\WINDOWS\System32\windows.storage.dll
0x00007ff940160000 - 0x00007ff940184000 	C:\WINDOWS\System32\profapi.dll
0x00007ff9400c0000 - 0x00007ff94011d000 	C:\WINDOWS\System32\powrprof.dll
0x00007ff941730000 - 0x00007ff941782000 	C:\WINDOWS\System32\shlwapi.dll
0x00007ff940120000 - 0x00007ff940131000 	C:\WINDOWS\System32\kernel.appcore.dll
0x00007ff940190000 - 0x00007ff9401a7000 	C:\WINDOWS\System32\cryptsp.dll
0x00007ff92e510000 - 0x00007ff92e52a000 	C:\Program Files\Android\Android Studio\jre\jre\bin\net.dll
0x00007ff93f8d0000 - 0x00007ff93f937000 	C:\WINDOWS\system32\mswsock.dll
0x00007ff92ded0000 - 0x00007ff92dee3000 	C:\Program Files\Android\Android Studio\jre\jre\bin\nio.dll
0x00007ff92a3c0000 - 0x00007ff92a3e7000 	C:\Users\kishorek\.gradle\native\f6784746aeab05261644944871eae4fe03e0ef1612fff0a4a95f87b438bc6780\windows-amd64\native-platform.dll
0x00007ff93c370000 - 0x00007ff93c37d000 	C:\Program Files\Android\Android Studio\jre\jre\bin\management.dll
0x00007ff93f450000 - 0x00007ff93f483000 	C:\WINDOWS\system32\rsaenh.dll
0x00007ff940ac0000 - 0x00007ff940ae6000 	C:\WINDOWS\System32\bcrypt.dll
0x00007ff93ffc0000 - 0x00007ff93ffe8000 	C:\WINDOWS\SYSTEM32\USERENV.dll
0x00007ff93faa0000 - 0x00007ff93faac000 	C:\WINDOWS\SYSTEM32\CRYPTBASE.dll
0x00007ff93f5f0000 - 0x00007ff93f62d000 	C:\WINDOWS\SYSTEM32\IPHLPAPI.DLL
0x00007ff944000000 - 0x00007ff944008000 	C:\WINDOWS\System32\NSI.dll
0x00007ff93c280000 - 0x00007ff93c296000 	C:\WINDOWS\SYSTEM32\dhcpcsvc6.DLL
0x00007ff93bef0000 - 0x00007ff93bf0c000 	C:\WINDOWS\SYSTEM32\dhcpcsvc.DLL
0x00007ff93f630000 - 0x00007ff93f6f6000 	C:\WINDOWS\SYSTEM32\DNSAPI.dll
0x00007ff93c4d0000 - 0x00007ff93c4db000 	C:\WINDOWS\SYSTEM32\WINNSI.DLL

VM Arguments:
jvm_args: -Xmx2048m -Dfile.encoding=UTF-8 -Duser.country=US -Duser.language=en -Duser.variant 
java_command: org.gradle.launcher.daemon.bootstrap.GradleDaemon 6.5
java_class_path (initial): C:\Users\kishorek\.gradle\wrapper\dists\gradle-6.5-all\2oz4ud9k3tuxjg84bbf55q0tn\gradle-6.5\lib\gradle-launcher-6.5.jar
Launcher Type: SUN_STANDARD

Environment Variables:
PATH=C:\Program Files (x86)\Common Files\Intel\Shared Libraries\redist\intel64\compiler;C:\Program Files (x86)\Common Files\Oracle\Java\javapath;C:\Program Files (x86)\Common Files\Intel\Shared Files\cpp\bin\Intel64;C:\WINDOWS\system32;C:\WINDOWS;C:\WINDOWS\System32\Wbem;C:\WINDOWS\System32\WindowsPowerShell\v1.0\;C:\WINDOWS\System32\OpenSSH\;C:\Program Files\Git\cmd;C:\ProgramData\chocolatey\bin;C:\Program Files\nodejs\;C:\Program Files\Java\jre1.8.0_271\bin;C:\flutter\bin;C:\Program Files\Graphviz\bin\dot.exe;C:\Windows\SysWOW64\msvcp140.dll;C:\Program Files\LLVM\bin;C:\poppler\bin;C:\Users\kishorek\AppData\Local\Programs\Python\Python39\Scripts\;C:\Users\kishorek\AppData\Local\Programs\Python\Python39\;C:\Users\kishorek\AppData\Local\Microsoft\WindowsApps;C:\Users\kishorek\AppData\Local\Programs\Microsoft VS Code\bin;C:\Program Files\heroku\bin;
USERNAME=kishorek
OS=Windows_NT
PROCESSOR_IDENTIFIER=Intel64 Family 6 Model 158 Stepping 9, GenuineIntel



---------------  S Y S T E M  ---------------

OS: Windows 10.0 , 64 bit Build 17763 (10.0.17763.475)

CPU:total 4 (initial active 4) (2 cores per cpu, 2 threads per core) family 6 model 158 stepping 9, cmov, cx8, fxsr, mmx, sse, sse2, sse3, ssse3, sse4.1, sse4.2, popcnt, avx, avx2, aes, clmul, erms, 3dnowpref, lzcnt, ht, tsc, tscinvbit, bmi1, bmi2, adx

Memory: 4k page, physical 8072532k(1771292k free), swap 12168532k(5236k free)

vm_info: OpenJDK 64-Bit Server VM (25.242-b01) for windows-amd64 JRE (1.8.0_242-release-1644-b01), built by "builder" with MS VC++ 10.0 (VS2010)

time: Thu Mar 11 12:53:05 2021
timezone: India Standard Time
elapsed time: 16 seconds (0d 0h 0m 16s)

