#
# There is insufficient memory for the Java Runtime Environment to continue.
# Native memory allocation (malloc) failed to allocate 160272 bytes for Chunk::new
# Possible reasons:
#   The system is out of physical RAM or swap space
#   The process is running with CompressedOops enabled, and the Java Heap may be blocking the growth of the native heap
# Possible solutions:
#   Reduce memory load on the system
#   Increase physical memory or swap space
#   Check if swap backing store is full
#   Decrease Java heap size (-Xmx/-Xms)
#   Decrease number of Java threads
#   Decrease Java thread stack sizes (-Xss)
#   Set larger code cache with -XX:ReservedCodeCacheSize=
#   JVM is running with Unscaled Compressed Oops mode in which the Java heap is
#     placed in the first 4GB address space. The Java Heap base address is the
#     maximum limit for the native heap growth. Please use -XX:HeapBaseMinAddress
#     to set the Java Heap base and to place the Java Heap above 4GB virtual address.
# This output file may be truncated or incomplete.
#
#  Out of Memory Error (allocation.cpp:389), pid=15200, tid=0x000000000000360c
#
# JRE version: OpenJDK Runtime Environment (8.0_242-b01) (build 1.8.0_242-release-1644-b01)
# Java VM: OpenJDK 64-Bit Server VM (25.242-b01 mixed mode windows-amd64 compressed oops)
# Failed to write core dump. Minidumps are not enabled by default on client versions of Windows
#

---------------  T H R E A D  ---------------

Current thread (0x0000000017b27000):  JavaThread "C2 CompilerThread0" daemon [_thread_in_native, id=13836, stack(0x0000000019180000,0x0000000019280000)]

Stack: [0x0000000019180000,0x0000000019280000]
[error occurred during error reporting (printing stack bounds), id 0xc0000005]

Native frames: (J=compiled Java code, j=interpreted, Vv=VM code, C=native code)


Current CompileTask:
C2:  26778 10559       4       org.gradle.internal.snapshot.SnapshotUtil::getSnapshotFromChild (41 bytes)


---------------  P R O C E S S  ---------------

Java Threads: ( => current thread )
  0x000000001df9b000 JavaThread "Cache worker for execution history cache (C:\Users\kishorek\Desktop\AndroidStudioProjects\ShieldSecuritySystem\.gradle\6.5\executionHistory)" [_thread_blocked, id=29772, stack(0x000000002edc0000,0x000000002eec0000)]
  0x000000001df98000 JavaThread "Memory manager" [_thread_blocked, id=26812, stack(0x000000002d560000,0x000000002d660000)]
  0x000000001df9d800 JavaThread "Build operations Thread 4" [_thread_blocked, id=6416, stack(0x000000002d460000,0x000000002d560000)]
  0x000000001df9c000 JavaThread "Build operations Thread 3" [_thread_blocked, id=18336, stack(0x000000002d360000,0x000000002d460000)]
  0x000000001df99000 JavaThread "Build operations Thread 2" [_thread_blocked, id=32564, stack(0x000000002d260000,0x000000002d360000)]
  0x000000001b8bd800 JavaThread "Build operations" [_thread_blocked, id=27364, stack(0x000000002d160000,0x000000002d260000)]
  0x0000000019c7a000 JavaThread "Cache worker for Build Output Cleanup Cache (C:\Users\kishorek\Desktop\AndroidStudioProjects\ShieldSecuritySystem\.gradle\buildOutputCleanup)" [_thread_blocked, id=12072, stack(0x000000002d060000,0x000000002d160000)]
  0x0000000019c79800 JavaThread "Cache worker for cache directory md-rule (C:\Users\kishorek\.gradle\caches\6.5\md-rule)" [_thread_blocked, id=7448, stack(0x000000002cf60000,0x000000002d060000)]
  0x0000000019c78800 JavaThread "Cache worker for cache directory md-supplier (C:\Users\kishorek\.gradle\caches\6.5\md-supplier)" [_thread_blocked, id=24932, stack(0x000000002ce60000,0x000000002cf60000)]
  0x0000000020f39000 JavaThread "Cache worker for checksums cache (C:\Users\kishorek\Desktop\AndroidStudioProjects\ShieldSecuritySystem\.gradle\checksums)" [_thread_blocked, id=20856, stack(0x000000002cd60000,0x000000002ce60000)]
  0x0000000020f31800 JavaThread "Cache worker for file hash cache (C:\Users\kishorek\Desktop\AndroidStudioProjects\ShieldSecuritySystem\.gradle\6.5\fileHashes)" [_thread_blocked, id=12692, stack(0x000000002cc60000,0x000000002cd60000)]
  0x0000000020f38800 JavaThread "Thread-143" [_thread_blocked, id=19256, stack(0x000000002cb60000,0x000000002cc60000)]
  0x0000000020f36000 JavaThread "Stdin handler" [_thread_blocked, id=29828, stack(0x000000002ca60000,0x000000002cb60000)]
  0x0000000020f37800 JavaThread "Asynchronous log dispatcher for DefaultDaemonConnection: socket connection from /127.0.0.1:56316 to /127.0.0.1:56324" [_thread_blocked, id=7944, stack(0x000000002c960000,0x000000002ca60000)]
  0x000000001e626000 JavaThread "Cancel handler" [_thread_blocked, id=19616, stack(0x000000002c860000,0x000000002c960000)]
  0x000000001e621800 JavaThread "Handler for socket connection from /127.0.0.1:56316 to /127.0.0.1:56324" [_thread_in_native, id=5820, stack(0x000000002c760000,0x000000002c860000)]
  0x000000001e627800 JavaThread "jar transforms Thread 116" [_thread_blocked, id=13732, stack(0x000000002b120000,0x000000002b220000)]
  0x000000001e620000 JavaThread "jar transforms Thread 115" [_thread_blocked, id=18964, stack(0x000000002b020000,0x000000002b120000)]
  0x000000001e626800 JavaThread "jar transforms Thread 114" [_thread_blocked, id=14000, stack(0x000000002af20000,0x000000002b020000)]
  0x000000001e623000 JavaThread "jar transforms Thread 113" [_thread_blocked, id=16784, stack(0x000000002ae20000,0x000000002af20000)]
  0x000000001e623800 JavaThread "jar transforms Thread 112" [_thread_blocked, id=12952, stack(0x000000002ad20000,0x000000002ae20000)]
  0x000000001e624800 JavaThread "jar transforms Thread 111" [_thread_blocked, id=6280, stack(0x000000002ac20000,0x000000002ad20000)]
  0x000000001e622000 JavaThread "jar transforms Thread 110" [_thread_blocked, id=6440, stack(0x000000002ab20000,0x000000002ac20000)]
  0x000000001e620800 JavaThread "jar transforms Thread 109" [_thread_blocked, id=19712, stack(0x000000002aa20000,0x000000002ab20000)]
  0x000000001e625000 JavaThread "jar transforms Thread 108" [_thread_blocked, id=31800, stack(0x000000002a920000,0x000000002aa20000)]
  0x000000001e618000 JavaThread "jar transforms Thread 107" [_thread_blocked, id=6652, stack(0x000000002a820000,0x000000002a920000)]
  0x000000001e61e800 JavaThread "jar transforms Thread 106" [_thread_blocked, id=22696, stack(0x000000002a720000,0x000000002a820000)]
  0x000000001e619800 JavaThread "jar transforms Thread 105" [_thread_blocked, id=2180, stack(0x000000002a620000,0x000000002a720000)]
  0x000000001e61d800 JavaThread "jar transforms Thread 104" [_thread_blocked, id=27176, stack(0x000000002a520000,0x000000002a620000)]
  0x000000001e61b000 JavaThread "jar transforms Thread 103" [_thread_blocked, id=9240, stack(0x000000002a420000,0x000000002a520000)]
  0x000000001e61a800 JavaThread "jar transforms Thread 102" [_thread_blocked, id=24476, stack(0x000000002a320000,0x000000002a420000)]
  0x000000001e61c000 JavaThread "jar transforms Thread 101" [_thread_blocked, id=5840, stack(0x000000002a220000,0x000000002a320000)]
  0x000000001e61d000 JavaThread "jar transforms Thread 100" [_thread_blocked, id=14284, stack(0x000000002a120000,0x000000002a220000)]
  0x000000001e61f000 JavaThread "jar transforms Thread 99" [_thread_blocked, id=7624, stack(0x000000002a020000,0x000000002a120000)]
  0x000000001e619000 JavaThread "jar transforms Thread 98" [_thread_blocked, id=29720, stack(0x0000000029f20000,0x000000002a020000)]
  0x000000001e549000 JavaThread "jar transforms Thread 97" [_thread_blocked, id=21412, stack(0x0000000029e20000,0x0000000029f20000)]
  0x000000001e54c000 JavaThread "jar transforms Thread 96" [_thread_blocked, id=6344, stack(0x0000000029d20000,0x0000000029e20000)]
  0x000000001e54b000 JavaThread "jar transforms Thread 95" [_thread_blocked, id=18352, stack(0x0000000029c20000,0x0000000029d20000)]
  0x000000001e54a800 JavaThread "jar transforms Thread 94" [_thread_blocked, id=18860, stack(0x0000000029b20000,0x0000000029c20000)]
  0x000000001e549800 JavaThread "jar transforms Thread 93" [_thread_blocked, id=32348, stack(0x0000000029a20000,0x0000000029b20000)]
  0x000000001e541800 JavaThread "jar transforms Thread 92" [_thread_blocked, id=31104, stack(0x0000000029920000,0x0000000029a20000)]
  0x000000001e548000 JavaThread "jar transforms Thread 91" [_thread_blocked, id=27012, stack(0x0000000029820000,0x0000000029920000)]
  0x000000001e547800 JavaThread "jar transforms Thread 90" [_thread_blocked, id=10580, stack(0x0000000029720000,0x0000000029820000)]
  0x000000001e540000 JavaThread "jar transforms Thread 89" [_thread_blocked, id=26836, stack(0x0000000029620000,0x0000000029720000)]
  0x000000001e540800 JavaThread "jar transforms Thread 88" [_thread_blocked, id=30188, stack(0x0000000029520000,0x0000000029620000)]
  0x000000001e546800 JavaThread "jar transforms Thread 87" [_thread_blocked, id=12544, stack(0x0000000029420000,0x0000000029520000)]
  0x000000001e546000 JavaThread "jar transforms Thread 86" [_thread_blocked, id=24160, stack(0x0000000029320000,0x0000000029420000)]
  0x000000001e545000 JavaThread "jar transforms Thread 85" [_thread_blocked, id=8456, stack(0x0000000029220000,0x0000000029320000)]
  0x000000001e544800 JavaThread "jar transforms Thread 84" [_thread_blocked, id=28692, stack(0x0000000029120000,0x0000000029220000)]
  0x000000001e543800 JavaThread "jar transforms Thread 83" [_thread_blocked, id=22088, stack(0x0000000029020000,0x0000000029120000)]
  0x000000001e53d800 JavaThread "jar transforms Thread 82" [_thread_blocked, id=13256, stack(0x0000000028f20000,0x0000000029020000)]
  0x000000001e543000 JavaThread "jar transforms Thread 81" [_thread_blocked, id=21900, stack(0x0000000028e20000,0x0000000028f20000)]
  0x000000001e53f000 JavaThread "jar transforms Thread 80" [_thread_blocked, id=13364, stack(0x0000000028d20000,0x0000000028e20000)]
  0x000000001e53d000 JavaThread "jar transforms Thread 79" [_thread_blocked, id=880, stack(0x0000000028c20000,0x0000000028d20000)]
  0x000000001e53e800 JavaThread "jar transforms Thread 78" [_thread_blocked, id=5416, stack(0x0000000028b20000,0x0000000028c20000)]
  0x000000001e542000 JavaThread "jar transforms Thread 77" [_thread_blocked, id=11276, stack(0x0000000028a20000,0x0000000028b20000)]
  0x000000001df22800 JavaThread "jar transforms Thread 76" [_thread_blocked, id=30960, stack(0x0000000028920000,0x0000000028a20000)]
  0x000000001df21800 JavaThread "jar transforms Thread 75" [_thread_blocked, id=7312, stack(0x0000000028820000,0x0000000028920000)]
  0x000000001df25800 JavaThread "jar transforms Thread 74" [_thread_blocked, id=28684, stack(0x0000000028720000,0x0000000028820000)]
  0x000000001df20000 JavaThread "jar transforms Thread 73" [_thread_blocked, id=4640, stack(0x0000000028620000,0x0000000028720000)]
  0x000000001df1f800 JavaThread "jar transforms Thread 72" [_thread_blocked, id=5188, stack(0x0000000028520000,0x0000000028620000)]
  0x000000001df23000 JavaThread "jar transforms Thread 71" [_thread_blocked, id=7768, stack(0x0000000028420000,0x0000000028520000)]
  0x000000001df24800 JavaThread "jar transforms Thread 70" [_thread_blocked, id=19716, stack(0x0000000028320000,0x0000000028420000)]
  0x000000001df21000 JavaThread "jar transforms Thread 69" [_thread_blocked, id=25916, stack(0x0000000028220000,0x0000000028320000)]
  0x000000001df24000 JavaThread "jar transforms Thread 68" [_thread_blocked, id=9652, stack(0x0000000028120000,0x0000000028220000)]
  0x000000001df18000 JavaThread "jar transforms Thread 67" [_thread_blocked, id=4500, stack(0x0000000028020000,0x0000000028120000)]
  0x000000001df1e800 JavaThread "jar transforms Thread 66" [_thread_blocked, id=11000, stack(0x0000000027f20000,0x0000000028020000)]
  0x000000001df1e000 JavaThread "jar transforms Thread 65" [_thread_blocked, id=25856, stack(0x0000000027e20000,0x0000000027f20000)]
  0x000000001df1d000 JavaThread "jar transforms Thread 64" [_thread_blocked, id=27392, stack(0x0000000027d20000,0x0000000027e20000)]
  0x000000001df17000 JavaThread "jar transforms Thread 63" [_thread_blocked, id=10492, stack(0x0000000027c20000,0x0000000027d20000)]
  0x000000001df16800 JavaThread "jar transforms Thread 62" [_thread_blocked, id=19652, stack(0x0000000027b20000,0x0000000027c20000)]
  0x000000001df1c800 JavaThread "jar transforms Thread 61" [_thread_blocked, id=20324, stack(0x0000000027a20000,0x0000000027b20000)]
  0x000000001df1a000 JavaThread "jar transforms Thread 60" [_thread_blocked, id=25380, stack(0x0000000027920000,0x0000000027a20000)]
  0x000000001df1b800 JavaThread "jar transforms Thread 59" [_thread_blocked, id=20612, stack(0x0000000027820000,0x0000000027920000)]
  0x000000001df19800 JavaThread "jar transforms Thread 58" [_thread_blocked, id=13376, stack(0x0000000027720000,0x0000000027820000)]
  0x000000001df18800 JavaThread "jar transforms Thread 57" [_thread_blocked, id=15132, stack(0x0000000027620000,0x0000000027720000)]
  0x000000001df1b000 JavaThread "jar transforms Thread 56" [_thread_blocked, id=29640, stack(0x0000000027520000,0x0000000027620000)]
  0x000000001e0f3800 JavaThread "jar transforms Thread 55" [_thread_blocked, id=11544, stack(0x0000000027420000,0x0000000027520000)]
  0x000000001e0f1000 JavaThread "jar transforms Thread 54" [_thread_blocked, id=31360, stack(0x0000000027320000,0x0000000027420000)]
  0x000000001e0f0800 JavaThread "jar transforms Thread 53" [_thread_blocked, id=7060, stack(0x0000000027220000,0x0000000027320000)]
  0x000000001e0f6000 JavaThread "jar transforms Thread 52" [_thread_blocked, id=31968, stack(0x0000000027120000,0x0000000027220000)]
  0x000000001e0f2800 JavaThread "jar transforms Thread 51" [_thread_blocked, id=25244, stack(0x0000000027020000,0x0000000027120000)]
  0x000000001e0f4000 JavaThread "jar transforms Thread 50" [_thread_blocked, id=7488, stack(0x0000000026f20000,0x0000000027020000)]
  0x000000001e0f2000 JavaThread "jar transforms Thread 49" [_thread_blocked, id=28172, stack(0x0000000026e20000,0x0000000026f20000)]
  0x000000001e0ef800 JavaThread "jar transforms Thread 48" [_thread_blocked, id=7852, stack(0x0000000026d20000,0x0000000026e20000)]
  0x000000001e0f5000 JavaThread "jar transforms Thread 47" [_thread_blocked, id=28240, stack(0x0000000026c20000,0x0000000026d20000)]
  0x000000001e0e8000 JavaThread "jar transforms Thread 46" [_thread_blocked, id=31928, stack(0x0000000026b20000,0x0000000026c20000)]
  0x000000001e0ef000 JavaThread "jar transforms Thread 45" [_thread_blocked, id=14940, stack(0x0000000026a20000,0x0000000026b20000)]
  0x000000001e0e7800 JavaThread "jar transforms Thread 44" [_thread_blocked, id=31552, stack(0x0000000026920000,0x0000000026a20000)]
  0x000000001e0ee000 JavaThread "jar transforms Thread 43" [_thread_blocked, id=22996, stack(0x0000000026820000,0x0000000026920000)]
  0x000000001e0e6800 JavaThread "jar transforms Thread 42" [_thread_blocked, id=19324, stack(0x0000000026720000,0x0000000026820000)]
  0x000000001e0ed800 JavaThread "jar transforms Thread 41" [_thread_blocked, id=30356, stack(0x0000000026620000,0x0000000026720000)]
  0x000000001e0ec000 JavaThread "jar transforms Thread 40" [_thread_blocked, id=7108, stack(0x0000000026520000,0x0000000026620000)]
  0x000000001e0ea800 JavaThread "jar transforms Thread 39" [_thread_blocked, id=7260, stack(0x0000000026420000,0x0000000026520000)]
  0x000000001e0e9800 JavaThread "jar transforms Thread 38" [_thread_blocked, id=13396, stack(0x0000000026320000,0x0000000026420000)]
  0x000000001e0ec800 JavaThread "jar transforms Thread 37" [_thread_blocked, id=27988, stack(0x0000000026220000,0x0000000026320000)]
  0x000000001e0eb000 JavaThread "jar transforms Thread 36" [_thread_blocked, id=27376, stack(0x0000000026120000,0x0000000026220000)]
  0x000000001e0e9000 JavaThread "jar transforms Thread 35" [_thread_blocked, id=20456, stack(0x0000000026020000,0x0000000026120000)]
  0x0000000020f40800 JavaThread "jar transforms Thread 34" [_thread_blocked, id=31516, stack(0x0000000025f20000,0x0000000026020000)]
  0x0000000020f3f000 JavaThread "jar transforms Thread 33" [_thread_blocked, id=8516, stack(0x0000000025e20000,0x0000000025f20000)]
  0x0000000020f3e800 JavaThread "jar transforms Thread 32" [_thread_blocked, id=32252, stack(0x0000000025d20000,0x0000000025e20000)]
  0x0000000020f3d800 JavaThread "jar transforms Thread 31" [_thread_blocked, id=23880, stack(0x0000000025c20000,0x0000000025d20000)]
  0x0000000020f40000 JavaThread "jar transforms Thread 30" [_thread_blocked, id=15056, stack(0x0000000025b20000,0x0000000025c20000)]
  0x0000000020f3d000 JavaThread "jar transforms Thread 29" [_thread_blocked, id=10532, stack(0x0000000025a20000,0x0000000025b20000)]
  0x0000000020f35800 JavaThread "jar transforms Thread 28" [_thread_blocked, id=18376, stack(0x0000000025920000,0x0000000025a20000)]
  0x0000000020f3c000 JavaThread "jar transforms Thread 27" [_thread_blocked, id=17228, stack(0x0000000025820000,0x0000000025920000)]
  0x0000000020f34800 JavaThread "jar transforms Thread 26" [_thread_blocked, id=15148, stack(0x0000000025720000,0x0000000025820000)]
  0x0000000020f3b800 JavaThread "jar transforms Thread 25" [_thread_blocked, id=9432, stack(0x0000000025620000,0x0000000025720000)]
  0x0000000020f3a800 JavaThread "jar transforms Thread 24" [_thread_blocked, id=8688, stack(0x0000000025520000,0x0000000025620000)]
  0x0000000020f33000 JavaThread "jar transforms Thread 23" [_thread_blocked, id=19488, stack(0x0000000025420000,0x0000000025520000)]
  0x0000000020f3a000 JavaThread "jar transforms Thread 22" [_thread_blocked, id=25608, stack(0x0000000025320000,0x0000000025420000)]
  0x0000000020f32800 JavaThread "jar transforms Thread 21" [_thread_blocked, id=29456, stack(0x0000000025220000,0x0000000025320000)]
  0x0000000019c7c800 JavaThread "Cache worker for file content cache (C:\Users\kishorek\.gradle\caches\6.5\fileContent)" [_thread_blocked, id=15444, stack(0x0000000023200000,0x0000000023300000)]
  0x0000000019c7b000 JavaThread "Cache worker for execution history cache (C:\Users\kishorek\.gradle\caches\6.5\executionHistory)" [_thread_blocked, id=5816, stack(0x0000000022d00000,0x0000000022e00000)]
  0x0000000019c71000 JavaThread "jar transforms Thread 20" [_thread_blocked, id=27400, stack(0x0000000022500000,0x0000000022600000)]
  0x0000000019c78000 JavaThread "jar transforms Thread 19" [_thread_blocked, id=19776, stack(0x0000000022400000,0x0000000022500000)]
  0x0000000019c73800 JavaThread "jar transforms Thread 18" [_thread_blocked, id=13460, stack(0x0000000022300000,0x0000000022400000)]
  0x0000000019c72800 JavaThread "jar transforms Thread 17" [_thread_blocked, id=27332, stack(0x0000000022200000,0x0000000022300000)]
  0x0000000019c77000 JavaThread "jar transforms Thread 16" [_thread_blocked, id=1416, stack(0x0000000022100000,0x0000000022200000)]
  0x0000000019c76800 JavaThread "jar transforms Thread 15" [_thread_blocked, id=14252, stack(0x0000000022000000,0x0000000022100000)]
  0x0000000019c72000 JavaThread "jar transforms Thread 14" [_thread_blocked, id=29928, stack(0x0000000021f00000,0x0000000022000000)]
  0x0000000019c70800 JavaThread "jar transforms Thread 13" [_thread_blocked, id=32188, stack(0x0000000021e00000,0x0000000021f00000)]
  0x0000000019c6f000 JavaThread "jar transforms Thread 12" [_thread_blocked, id=31704, stack(0x0000000021d00000,0x0000000021e00000)]
  0x0000000019c75800 JavaThread "jar transforms Thread 11" [_thread_blocked, id=21780, stack(0x0000000021c00000,0x0000000021d00000)]
  0x0000000019c74000 JavaThread "jar transforms Thread 10" [_thread_blocked, id=21424, stack(0x0000000021b00000,0x0000000021c00000)]
  0x0000000019c6f800 JavaThread "jar transforms Thread 9" [_thread_blocked, id=16732, stack(0x0000000021a00000,0x0000000021b00000)]
  0x0000000019c75000 JavaThread "jar transforms Thread 8" [_thread_blocked, id=32580, stack(0x0000000020640000,0x0000000020740000)]
  0x000000001b8c3000 JavaThread "jar transforms Thread 7" [_thread_blocked, id=19336, stack(0x0000000020540000,0x0000000020640000)]
  0x000000001b8c0800 JavaThread "jar transforms Thread 6" [_thread_blocked, id=19784, stack(0x0000000020440000,0x0000000020540000)]
  0x000000001b8c0000 JavaThread "jar transforms Thread 5" [_thread_blocked, id=15436, stack(0x0000000020340000,0x0000000020440000)]
  0x000000001b8be800 JavaThread "jar transforms Thread 4" [_thread_blocked, id=32224, stack(0x0000000020240000,0x0000000020340000)]
  0x000000001b8bf000 JavaThread "jar transforms Thread 3" [_thread_blocked, id=24792, stack(0x0000000020140000,0x0000000020240000)]
  0x000000001b8c1800 JavaThread "jar transforms Thread 2" [_thread_blocked, id=27336, stack(0x0000000020040000,0x0000000020140000)]
  0x000000001b8c4800 JavaThread "jar transforms" [_thread_blocked, id=23916, stack(0x000000001ff40000,0x0000000020040000)]
  0x000000001b8c2000 JavaThread "Cache worker for file hash cache (C:\Users\kishorek\.gradle\caches\6.5\fileHashes)" [_thread_blocked, id=4608, stack(0x000000001dba0000,0x000000001dca0000)]
  0x000000001b8c3800 JavaThread "File lock request listener" [_thread_in_native, id=18980, stack(0x000000001d9a0000,0x000000001daa0000)]
  0x000000001b1ce800 JavaThread "Cache worker for journal cache (C:\Users\kishorek\.gradle\caches\journal-1)" [_thread_blocked, id=32100, stack(0x000000001d8a0000,0x000000001d9a0000)]
  0x0000000019d49000 JavaThread "Daemon worker" [_thread_in_vm, id=13656, stack(0x000000001d2a0000,0x000000001d3a0000)]
  0x0000000019b8d000 JavaThread "Daemon" [_thread_blocked, id=26148, stack(0x000000001cfa0000,0x000000001d0a0000)]
  0x000000001b5a4800 JavaThread "Daemon periodic checks" [_thread_blocked, id=11268, stack(0x000000001cca0000,0x000000001cda0000)]
  0x000000001b51f000 JavaThread "Incoming local TCP Connector on port 56316" [_thread_in_native, id=13580, stack(0x000000001ca60000,0x000000001cb60000)]
  0x000000001b482800 JavaThread "Daemon health stats" [_thread_blocked, id=7464, stack(0x000000001c420000,0x000000001c520000)]
  0x00000000194b1800 JavaThread "Service Thread" daemon [_thread_blocked, id=21356, stack(0x0000000019880000,0x0000000019980000)]
  0x0000000017b59000 JavaThread "C1 CompilerThread2" daemon [_thread_in_native, id=21468, stack(0x0000000019380000,0x0000000019480000)]
  0x0000000017b2a000 JavaThread "C2 CompilerThread1" daemon [_thread_in_native, id=12760, stack(0x0000000019280000,0x0000000019380000)]
=>0x0000000017b27000 JavaThread "C2 CompilerThread0" daemon [_thread_in_native, id=13836, stack(0x0000000019180000,0x0000000019280000)]
  0x0000000017b24800 JavaThread "Attach Listener" daemon [_thread_blocked, id=20888, stack(0x0000000019080000,0x0000000019180000)]
  0x0000000017b21800 JavaThread "Signal Dispatcher" daemon [_thread_blocked, id=9672, stack(0x0000000018f80000,0x0000000019080000)]
  0x0000000002e6b800 JavaThread "Finalizer" daemon [_thread_blocked, id=11048, stack(0x0000000018d80000,0x0000000018e80000)]
  0x0000000017b09000 JavaThread "Reference Handler" daemon [_thread_blocked, id=31364, stack(0x0000000018c80000,0x0000000018d80000)]
  0x000000000159e800 JavaThread "main" [_thread_blocked, id=6804, stack(0x0000000001470000,0x0000000001570000)]

Other Threads:
  0x0000000017ae6800 VMThread [stack: 0x0000000018b80000,0x0000000018c80000] [id=12140]
  0x00000000194c2800 WatcherThread [stack: 0x0000000019980000,0x0000000019a80000] [id=25880]

VM state:not at safepoint (normal execution)

VM Mutex/Monitor currently owned by a thread:  ([mutex/lock_event])
[0x000000000159ce80] CodeCache_lock - owner thread: 0x0000000017b59000

heap address: 0x0000000080000000, size: 2048 MB, Compressed Oops mode: 32-bit
Narrow klass base: 0x0000000000000000, Narrow klass shift: 3
Compressed class space size: 1073741824 Address: 0x0000000100000000

Heap:
 PSYoungGen      total 245760K, used 51067K [0x00000000d5580000, 0x00000000ea000000, 0x0000000100000000)
  eden space 218624K, 10% used [0x00000000d5580000,0x00000000d6ce4b70,0x00000000e2b00000)
  from space 27136K, 99% used [0x00000000e2b00000,0x00000000e457a408,0x00000000e4580000)
  to   space 36352K, 0% used [0x00000000e7c80000,0x00000000e7c80000,0x00000000ea000000)
 ParOldGen       total 124416K, used 52305K [0x0000000080000000, 0x0000000087980000, 0x00000000d5580000)
  object space 124416K, 42% used [0x0000000080000000,0x00000000833147e8,0x0000000087980000)
 Metaspace       used 86759K, capacity 91318K, committed 91608K, reserved 1128448K
  class space    used 11498K, capacity 12461K, committed 12544K, reserved 1048576K

Card table byte_map: [0x00000000122c0000,0x00000000126d0000] byte_map_base: 0x0000000011ec0000

Marking Bits: (ParMarkBitMap*) 0x000000007602f030
 Begin Bits: [0x0000000012d80000, 0x0000000014d80000)
 End Bits:   [0x0000000014d80000, 0x0000000016d80000)

Polling page: 0x0000000001570000

CodeCache: size=245760Kb used=30615Kb max_used=30790Kb free=215144Kb
 bounds [0x0000000002f00000, 0x0000000004d40000, 0x0000000011f00000]
 total_blobs=10275 nmethods=9427 adapters=758
 compilation: enabled

Compilation events (10 events):
Event: 26.760 Thread 0x0000000017b59000 10599   !   3       org.gradle.internal.snapshot.impl.DirectorySnapshotter$PathVisitor::visitFile (161 bytes)
Event: 26.762 Thread 0x0000000017b59000 nmethod 10599 0x00000000033c71d0 code [0x00000000033c7580, 0x00000000033c9278]
Event: 26.762 Thread 0x0000000017b59000 10598       3       sun.nio.fs.WindowsFileAttributes::isRegularFile (27 bytes)
Event: 26.762 Thread 0x0000000017b59000 nmethod 10598 0x0000000004732c50 code [0x0000000004732de0, 0x0000000004733450]
Event: 26.769 Thread 0x0000000017b59000 10601       3       org.gradle.internal.snapshot.MerkleDirectorySnapshotBuilder::visitFile (38 bytes)
Event: 26.770 Thread 0x0000000017b59000 nmethod 10601 0x0000000003e34e90 code [0x0000000003e35020, 0x0000000003e35538]
Event: 26.770 Thread 0x0000000017b59000 10602       3       java.nio.file.attribute.FileTime::toMillis (98 bytes)
Event: 26.770 Thread 0x0000000017b59000 nmethod 10602 0x0000000003fdcb50 code [0x0000000003fdcce0, 0x0000000003fdd328]
Event: 26.770 Thread 0x0000000017b59000 10603       3       java.util.concurrent.TimeUnit$2::toMillis (6 bytes)
Event: 26.770 Thread 0x0000000017b59000 nmethod 10603 0x0000000003d2dad0 code [0x0000000003d2dc20, 0x0000000003d2dd90]

GC Heap History (10 events):
Event: 8.310 GC heap before
{Heap before GC invocations=14 (full 2):
 PSYoungGen      total 162304K, used 70843K [0x00000000d5580000, 0x00000000e2e80000, 0x0000000100000000)
  eden space 148992K, 38% used [0x00000000d5580000,0x00000000d8db6b20,0x00000000de700000)
  from space 13312K, 99% used [0x00000000de700000,0x00000000df3f83c0,0x00000000df400000)
  to   space 18432K, 0% used [0x00000000e1c80000,0x00000000e1c80000,0x00000000e2e80000)
 ParOldGen       total 83968K, used 28443K [0x0000000080000000, 0x0000000085200000, 0x00000000d5580000)
  object space 83968K, 33% used [0x0000000080000000,0x0000000081bc6ce0,0x0000000085200000)
 Metaspace       used 56711K, capacity 58944K, committed 59028K, reserved 1099776K
  class space    used 7445K, capacity 7900K, committed 7936K, reserved 1048576K
Event: 8.329 GC heap after
Heap after GC invocations=14 (full 2):
 PSYoungGen      total 202752K, used 14715K [0x00000000d5580000, 0x00000000e3380000, 0x0000000100000000)
  eden space 184320K, 0% used [0x00000000d5580000,0x00000000d5580000,0x00000000e0980000)
  from space 18432K, 79% used [0x00000000e1c80000,0x00000000e2adee98,0x00000000e2e80000)
  to   space 19456K, 0% used [0x00000000e0980000,0x00000000e0980000,0x00000000e1c80000)
 ParOldGen       total 83968K, used 33757K [0x0000000080000000, 0x0000000085200000, 0x00000000d5580000)
  object space 83968K, 40% used [0x0000000080000000,0x00000000820f7450,0x0000000085200000)
 Metaspace       used 56711K, capacity 58944K, committed 59028K, reserved 1099776K
  class space    used 7445K, capacity 7900K, committed 7936K, reserved 1048576K
}
Event: 8.329 GC heap before
{Heap before GC invocations=15 (full 3):
 PSYoungGen      total 202752K, used 14715K [0x00000000d5580000, 0x00000000e3380000, 0x0000000100000000)
  eden space 184320K, 0% used [0x00000000d5580000,0x00000000d5580000,0x00000000e0980000)
  from space 18432K, 79% used [0x00000000e1c80000,0x00000000e2adee98,0x00000000e2e80000)
  to   space 19456K, 0% used [0x00000000e0980000,0x00000000e0980000,0x00000000e1c80000)
 ParOldGen       total 83968K, used 33757K [0x0000000080000000, 0x0000000085200000, 0x00000000d5580000)
  object space 83968K, 40% used [0x0000000080000000,0x00000000820f7450,0x0000000085200000)
 Metaspace       used 56711K, capacity 58944K, committed 59028K, reserved 1099776K
  class space    used 7445K, capacity 7900K, committed 7936K, reserved 1048576K
Event: 8.468 GC heap after
Heap after GC invocations=15 (full 3):
 PSYoungGen      total 202752K, used 0K [0x00000000d5580000, 0x00000000e3380000, 0x0000000100000000)
  eden space 184320K, 0% used [0x00000000d5580000,0x00000000d5580000,0x00000000e0980000)
  from space 18432K, 0% used [0x00000000e1c80000,0x00000000e1c80000,0x00000000e2e80000)
  to   space 19456K, 0% used [0x00000000e0980000,0x00000000e0980000,0x00000000e1c80000)
 ParOldGen       total 124416K, used 34140K [0x0000000080000000, 0x0000000087980000, 0x00000000d5580000)
  object space 124416K, 27% used [0x0000000080000000,0x00000000821573e0,0x0000000087980000)
 Metaspace       used 56697K, capacity 58914K, committed 59028K, reserved 1099776K
  class space    used 7440K, capacity 7893K, committed 7936K, reserved 1048576K
}
Event: 21.934 GC heap before
{Heap before GC invocations=16 (full 3):
 PSYoungGen      total 202752K, used 184320K [0x00000000d5580000, 0x00000000e3380000, 0x0000000100000000)
  eden space 184320K, 100% used [0x00000000d5580000,0x00000000e0980000,0x00000000e0980000)
  from space 18432K, 0% used [0x00000000e1c80000,0x00000000e1c80000,0x00000000e2e80000)
  to   space 19456K, 0% used [0x00000000e0980000,0x00000000e0980000,0x00000000e1c80000)
 ParOldGen       total 124416K, used 34140K [0x0000000080000000, 0x0000000087980000, 0x00000000d5580000)
  object space 124416K, 27% used [0x0000000080000000,0x00000000821573e0,0x0000000087980000)
 Metaspace       used 67079K, capacity 70164K, committed 70360K, reserved 1110016K
  class space    used 8707K, capacity 9430K, committed 9472K, reserved 1048576K
Event: 21.963 GC heap after
Heap after GC invocations=16 (full 3):
 PSYoungGen      total 203776K, used 18654K [0x00000000d5580000, 0x00000000e5b00000, 0x0000000100000000)
  eden space 184320K, 0% used [0x00000000d5580000,0x00000000d5580000,0x00000000e0980000)
  from space 19456K, 95% used [0x00000000e0980000,0x00000000e1bb7a50,0x00000000e1c80000)
  to   space 22016K, 0% used [0x00000000e4580000,0x00000000e4580000,0x00000000e5b00000)
 ParOldGen       total 124416K, used 34148K [0x0000000080000000, 0x0000000087980000, 0x00000000d5580000)
  object space 124416K, 27% used [0x0000000080000000,0x00000000821593e0,0x0000000087980000)
 Metaspace       used 67079K, capacity 70164K, committed 70360K, reserved 1110016K
  class space    used 8707K, capacity 9430K, committed 9472K, reserved 1048576K
}
Event: 24.109 GC heap before
{Heap before GC invocations=17 (full 3):
 PSYoungGen      total 203776K, used 202974K [0x00000000d5580000, 0x00000000e5b00000, 0x0000000100000000)
  eden space 184320K, 100% used [0x00000000d5580000,0x00000000e0980000,0x00000000e0980000)
  from space 19456K, 95% used [0x00000000e0980000,0x00000000e1bb7a50,0x00000000e1c80000)
  to   space 22016K, 0% used [0x00000000e4580000,0x00000000e4580000,0x00000000e5b00000)
 ParOldGen       total 124416K, used 34148K [0x0000000080000000, 0x0000000087980000, 0x00000000d5580000)
  object space 124416K, 27% used [0x0000000080000000,0x00000000821593e0,0x0000000087980000)
 Metaspace       used 76672K, capacity 80066K, committed 80216K, reserved 1118208K
  class space    used 10133K, capacity 10866K, committed 10880K, reserved 1048576K
Event: 24.148 GC heap after
Heap after GC invocations=17 (full 3):
 PSYoungGen      total 240640K, used 22002K [0x00000000d5580000, 0x00000000e6580000, 0x0000000100000000)
  eden space 218624K, 0% used [0x00000000d5580000,0x00000000d5580000,0x00000000e2b00000)
  from space 22016K, 99% used [0x00000000e4580000,0x00000000e5afc828,0x00000000e5b00000)
  to   space 27136K, 0% used [0x00000000e2b00000,0x00000000e2b00000,0x00000000e4580000)
 ParOldGen       total 124416K, used 38652K [0x0000000080000000, 0x0000000087980000, 0x00000000d5580000)
  object space 124416K, 31% used [0x0000000080000000,0x00000000825bf0a8,0x0000000087980000)
 Metaspace       used 76672K, capacity 80066K, committed 80216K, reserved 1118208K
  class space    used 10133K, capacity 10866K, committed 10880K, reserved 1048576K
}
Event: 26.504 GC heap before
{Heap before GC invocations=18 (full 3):
 PSYoungGen      total 240640K, used 240626K [0x00000000d5580000, 0x00000000e6580000, 0x0000000100000000)
  eden space 218624K, 100% used [0x00000000d5580000,0x00000000e2b00000,0x00000000e2b00000)
  from space 22016K, 99% used [0x00000000e4580000,0x00000000e5afc828,0x00000000e5b00000)
  to   space 27136K, 0% used [0x00000000e2b00000,0x00000000e2b00000,0x00000000e4580000)
 ParOldGen       total 124416K, used 38652K [0x0000000080000000, 0x0000000087980000, 0x00000000d5580000)
  object space 124416K, 31% used [0x0000000080000000,0x00000000825bf0a8,0x0000000087980000)
 Metaspace       used 85914K, capacity 90484K, committed 90712K, reserved 1128448K
  class space    used 11388K, capacity 12320K, committed 12416K, reserved 1048576K
Event: 26.541 GC heap after
Heap after GC invocations=18 (full 3):
 PSYoungGen      total 245760K, used 27113K [0x00000000d5580000, 0x00000000ea000000, 0x0000000100000000)
  eden space 218624K, 0% used [0x00000000d5580000,0x00000000d5580000,0x00000000e2b00000)
  from space 27136K, 99% used [0x00000000e2b00000,0x00000000e457a408,0x00000000e4580000)
  to   space 36352K, 0% used [0x00000000e7c80000,0x00000000e7c80000,0x00000000ea000000)
 ParOldGen       total 124416K, used 52305K [0x0000000080000000, 0x0000000087980000, 0x00000000d5580000)
  object space 124416K, 42% used [0x0000000080000000,0x00000000833147e8,0x0000000087980000)
 Metaspace       used 85914K, capacity 90484K, committed 90712K, reserved 1128448K
  class space    used 11388K, capacity 12320K, committed 12416K, reserved 1048576K
}

Deoptimization events (10 events):
Event: 26.689 Thread 0x000000001df9d800 Uncommon trap: reason=class_check action=maybe_recompile pc=0x0000000004d1b59c method=org.gradle.api.internal.artifacts.transform.TransformationSubject$SubsequentTransformationSubject.getProducer()Ljava/util/Optional; @ 4
Event: 26.689 Thread 0x000000001b8bd800 Uncommon trap: reason=class_check action=maybe_recompile pc=0x00000000049ccb4c method=org.gradle.internal.snapshot.SnapshotUtil.getMetadataFromChildren(Ljava/util/List;Lorg/gradle/internal/snapshot/VfsRelativePath;Lorg/gradle/internal/snapshot/CaseSensiti
Event: 26.689 Thread 0x0000000019d49000 Uncommon trap: reason=class_check action=maybe_recompile pc=0x00000000049ccb4c method=org.gradle.internal.snapshot.SnapshotUtil.getMetadataFromChildren(Ljava/util/List;Lorg/gradle/internal/snapshot/VfsRelativePath;Lorg/gradle/internal/snapshot/CaseSensiti
Event: 26.689 Thread 0x0000000019d49000 Uncommon trap: reason=bimorphic action=maybe_recompile pc=0x00000000049e3f84 method=org.gradle.internal.snapshot.SnapshotUtil.getSnapshotFromChild(Lorg/gradle/internal/snapshot/FileSystemNode;Lorg/gradle/internal/snapshot/VfsRelativePath;Lorg/gradle/inter
Event: 26.689 Thread 0x000000001b8bd800 Uncommon trap: reason=bimorphic action=maybe_recompile pc=0x00000000049e3f84 method=org.gradle.internal.snapshot.SnapshotUtil.getSnapshotFromChild(Lorg/gradle/internal/snapshot/FileSystemNode;Lorg/gradle/internal/snapshot/VfsRelativePath;Lorg/gradle/inter
Event: 26.689 Thread 0x000000001df9d800 Uncommon trap: reason=class_check action=maybe_recompile pc=0x00000000049ccb4c method=org.gradle.internal.snapshot.SnapshotUtil.getMetadataFromChildren(Ljava/util/List;Lorg/gradle/internal/snapshot/VfsRelativePath;Lorg/gradle/internal/snapshot/CaseSensiti
Event: 26.689 Thread 0x000000001df99000 Uncommon trap: reason=class_check action=maybe_recompile pc=0x0000000004d1b59c method=org.gradle.api.internal.artifacts.transform.TransformationSubject$SubsequentTransformationSubject.getProducer()Ljava/util/Optional; @ 4
Event: 26.689 Thread 0x000000001df9d800 Uncommon trap: reason=bimorphic action=maybe_recompile pc=0x00000000049e3f84 method=org.gradle.internal.snapshot.SnapshotUtil.getSnapshotFromChild(Lorg/gradle/internal/snapshot/FileSystemNode;Lorg/gradle/internal/snapshot/VfsRelativePath;Lorg/gradle/inter
Event: 26.689 Thread 0x000000001df99000 Uncommon trap: reason=class_check action=maybe_recompile pc=0x00000000049ccb4c method=org.gradle.internal.snapshot.SnapshotUtil.getMetadataFromChildren(Ljava/util/List;Lorg/gradle/internal/snapshot/VfsRelativePath;Lorg/gradle/internal/snapshot/CaseSensiti
Event: 26.689 Thread 0x000000001df99000 Uncommon trap: reason=bimorphic action=maybe_recompile pc=0x00000000049e3f84 method=org.gradle.internal.snapshot.SnapshotUtil.getSnapshotFromChild(Lorg/gradle/internal/snapshot/FileSystemNode;Lorg/gradle/internal/snapshot/VfsRelativePath;Lorg/gradle/inter

Classes redefined (0 events):
No events

Internal exceptions (10 events):
Event: 24.996 Thread 0x000000001b8bd800 Exception <a 'java/lang/NoSuchMethodError': java.lang.Object.lambda$flatMap$3(Ljava/util/function/Function;)Lorg/gradle/internal/Try;> (0x00000000da3d2b38) thrown at [C:\src\AOSP-openjdk-git\hotspot\src\share\vm\interpreter\linkResolver.cpp, line 620]
Event: 24.996 Thread 0x0000000019d49000 Exception <a 'java/lang/NoSuchMethodError': java.lang.Object.lambda$flatMap$3(Ljava/util/function/Function;)Lorg/gradle/internal/Try;> (0x00000000d9f7ed10) thrown at [C:\src\AOSP-openjdk-git\hotspot\src\share\vm\interpreter\linkResolver.cpp, line 620]
Event: 25.104 Thread 0x000000001b8bd800 Exception <a 'java/lang/NoSuchMethodError': java.lang.Object.lambda$flatMap$2(Ljava/util/function/Function;Ljava/lang/Object;)Lorg/gradle/internal/Try;> (0x00000000daf70208) thrown at [C:\src\AOSP-openjdk-git\hotspot\src\share\vm\interpreter\linkResolver.
Event: 25.104 Thread 0x000000001df9d800 Exception <a 'java/lang/NoSuchMethodError': java.lang.Object.lambda$flatMap$2(Ljava/util/function/Function;Ljava/lang/Object;)Lorg/gradle/internal/Try;> (0x00000000daf578a0) thrown at [C:\src\AOSP-openjdk-git\hotspot\src\share\vm\interpreter\linkResolver.
Event: 25.104 Thread 0x000000001df99000 Exception <a 'java/lang/NoSuchMethodError': java.lang.Object.lambda$flatMap$2(Ljava/util/function/Function;Ljava/lang/Object;)Lorg/gradle/internal/Try;> (0x00000000daf64ed8) thrown at [C:\src\AOSP-openjdk-git\hotspot\src\share\vm\interpreter\linkResolver.
Event: 25.104 Thread 0x000000001df9c000 Exception <a 'java/lang/NoSuchMethodError': java.lang.Object.lambda$flatMap$2(Ljava/util/function/Function;Ljava/lang/Object;)Lorg/gradle/internal/Try;> (0x00000000daf7d020) thrown at [C:\src\AOSP-openjdk-git\hotspot\src\share\vm\interpreter\linkResolver.
Event: 25.400 Thread 0x0000000019d49000 Exception <a 'java/lang/NoSuchMethodError': java.lang.Object.lambda$flatMap$0(Ljava/lang/Throwable;)Lorg/gradle/api/internal/artifacts/transform/CacheableInvocation;> (0x00000000da03a370) thrown at [C:\src\AOSP-openjdk-git\hotspot\src\share\vm\interpreter
Event: 26.557 Thread 0x0000000019d49000 Exception <a 'java/lang/NoSuchMethodError': <clinit>> (0x00000000d57c7920) thrown at [C:\src\AOSP-openjdk-git\hotspot\src\share\vm\prims\jni.cpp, line 1615]
Event: 26.560 Thread 0x0000000019d49000 Exception <a 'java/lang/NoSuchMethodError': <clinit>> (0x00000000d57ffe78) thrown at [C:\src\AOSP-openjdk-git\hotspot\src\share\vm\prims\jni.cpp, line 1615]
Event: 26.655 Thread 0x0000000019d49000 Exception <a 'java/lang/reflect/InvocationTargetException'> (0x00000000d6036970) thrown at [C:\src\AOSP-openjdk-git\hotspot\src\share\vm\runtime\reflection.cpp, line 1092]

Events (10 events):
Event: 26.705 Thread 0x0000000017b59000 flushing nmethod 0x00000000045baf10
Event: 26.706 Thread 0x0000000017b59000 flushing nmethod 0x000000000462e0d0
Event: 26.706 Thread 0x0000000017b59000 flushing nmethod 0x00000000046bb7d0
Event: 26.706 Thread 0x0000000017b59000 flushing nmethod 0x00000000046cd690
Event: 26.706 Thread 0x0000000017b59000 flushing nmethod 0x00000000046d62d0
Event: 26.706 Thread 0x0000000017b59000 flushing nmethod 0x00000000046daf50
Event: 26.706 Thread 0x0000000017b59000 flushing nmethod 0x000000000472e0d0
Event: 26.706 Thread 0x0000000017b59000 flushing nmethod 0x0000000004732b50
Event: 26.771 Thread 0x0000000019d49000 DEOPT PACKING pc=0x000000000377b891 sp=0x000000001d397ce0
Event: 26.771 Thread 0x0000000019d49000 DEOPT UNPACKING pc=0x0000000002f475d0 sp=0x000000001d397a28 mode 0


Dynamic libraries:
0x00007ff6f3180000 - 0x00007ff6f31b1000 	C:\Program Files\Android\Android Studio\jre\bin\java.exe
0x00007ff9440d0000 - 0x00007ff9442bd000 	C:\WINDOWS\SYSTEM32\ntdll.dll
0x00007ff941790000 - 0x00007ff941843000 	C:\WINDOWS\System32\KERNEL32.DLL
0x00007ff9402b0000 - 0x00007ff940543000 	C:\WINDOWS\System32\KERNELBASE.dll
0x00007ff941fc0000 - 0x00007ff942063000 	C:\WINDOWS\System32\ADVAPI32.dll
0x00007ff941ef0000 - 0x00007ff941f8e000 	C:\WINDOWS\System32\msvcrt.dll
0x00007ff941690000 - 0x00007ff94172e000 	C:\WINDOWS\System32\sechost.dll
0x00007ff941cf0000 - 0x00007ff941e12000 	C:\WINDOWS\System32\RPCRT4.dll
0x00007ff943e60000 - 0x00007ff943ff7000 	C:\WINDOWS\System32\USER32.dll
0x00007ff940210000 - 0x00007ff940230000 	C:\WINDOWS\System32\win32u.dll
0x00007ff944010000 - 0x00007ff944039000 	C:\WINDOWS\System32\GDI32.dll
0x00007ff940550000 - 0x00007ff9406e9000 	C:\WINDOWS\System32\gdi32full.dll
0x00007ff9406f0000 - 0x00007ff940790000 	C:\WINDOWS\System32\msvcp_win.dll
0x00007ff9407e0000 - 0x00007ff9408da000 	C:\WINDOWS\System32\ucrtbase.dll
0x00007ff92f520000 - 0x00007ff92f799000 	C:\WINDOWS\WinSxS\amd64_microsoft.windows.common-controls_6595b64144ccf1df_6.0.17763.802_none_05b1445c0722d2cc\COMCTL32.dll
0x00007ff9412f0000 - 0x00007ff94161c000 	C:\WINDOWS\System32\combase.dll
0x00007ff940230000 - 0x00007ff9402ae000 	C:\WINDOWS\System32\bcryptPrimitives.dll
0x00007ff941f90000 - 0x00007ff941fbe000 	C:\WINDOWS\System32\IMM32.DLL
0x00000000756a0000 - 0x0000000075772000 	C:\Program Files\Android\Android Studio\jre\jre\bin\msvcr100.dll
0x0000000075860000 - 0x00000000760ab000 	C:\Program Files\Android\Android Studio\jre\jre\bin\server\jvm.dll
0x00007ff941980000 - 0x00007ff941988000 	C:\WINDOWS\System32\PSAPI.DLL
0x00007ff92b740000 - 0x00007ff92b749000 	C:\WINDOWS\SYSTEM32\WSOCK32.dll
0x00007ff9425a0000 - 0x00007ff94260d000 	C:\WINDOWS\System32\WS2_32.dll
0x00007ff93c950000 - 0x00007ff93c974000 	C:\WINDOWS\SYSTEM32\WINMM.dll
0x00007ff93b5d0000 - 0x00007ff93b5da000 	C:\WINDOWS\SYSTEM32\VERSION.dll
0x00007ff93c4a0000 - 0x00007ff93c4cd000 	C:\WINDOWS\SYSTEM32\WINMMBASE.dll
0x00007ff940790000 - 0x00007ff9407da000 	C:\WINDOWS\System32\cfgmgr32.dll
0x00007ff93c610000 - 0x00007ff93c61f000 	C:\Program Files\Android\Android Studio\jre\jre\bin\verify.dll
0x00007ff9316e0000 - 0x00007ff931709000 	C:\Program Files\Android\Android Studio\jre\jre\bin\java.dll
0x00007ff92e530000 - 0x00007ff92e546000 	C:\Program Files\Android\Android Studio\jre\jre\bin\zip.dll
0x00007ff942780000 - 0x00007ff943c74000 	C:\WINDOWS\System32\SHELL32.dll
0x00007ff9418d0000 - 0x00007ff941978000 	C:\WINDOWS\System32\shcore.dll
0x00007ff940ba0000 - 0x00007ff9412ed000 	C:\WINDOWS\System32\windows.storage.dll
0x00007ff940160000 - 0x00007ff940184000 	C:\WINDOWS\System32\profapi.dll
0x00007ff9400c0000 - 0x00007ff94011d000 	C:\WINDOWS\System32\powrprof.dll
0x00007ff941730000 - 0x00007ff941782000 	C:\WINDOWS\System32\shlwapi.dll
0x00007ff940120000 - 0x00007ff940131000 	C:\WINDOWS\System32\kernel.appcore.dll
0x00007ff940190000 - 0x00007ff9401a7000 	C:\WINDOWS\System32\cryptsp.dll
0x00007ff92e510000 - 0x00007ff92e52a000 	C:\Program Files\Android\Android Studio\jre\jre\bin\net.dll
0x00007ff93f8d0000 - 0x00007ff93f937000 	C:\WINDOWS\system32\mswsock.dll
0x00007ff92ded0000 - 0x00007ff92dee3000 	C:\Program Files\Android\Android Studio\jre\jre\bin\nio.dll
0x00007ff92a3c0000 - 0x00007ff92a3e7000 	C:\Users\kishorek\.gradle\native\f6784746aeab05261644944871eae4fe03e0ef1612fff0a4a95f87b438bc6780\windows-amd64\native-platform.dll
0x00007ff93c370000 - 0x00007ff93c37d000 	C:\Program Files\Android\Android Studio\jre\jre\bin\management.dll
0x00007ff93f450000 - 0x00007ff93f483000 	C:\WINDOWS\system32\rsaenh.dll
0x00007ff940ac0000 - 0x00007ff940ae6000 	C:\WINDOWS\System32\bcrypt.dll
0x00007ff93ffc0000 - 0x00007ff93ffe8000 	C:\WINDOWS\SYSTEM32\USERENV.dll
0x00007ff93faa0000 - 0x00007ff93faac000 	C:\WINDOWS\SYSTEM32\CRYPTBASE.dll
0x00007ff93f5f0000 - 0x00007ff93f62d000 	C:\WINDOWS\SYSTEM32\IPHLPAPI.DLL
0x00007ff944000000 - 0x00007ff944008000 	C:\WINDOWS\System32\NSI.dll
0x00007ff93c280000 - 0x00007ff93c296000 	C:\WINDOWS\SYSTEM32\dhcpcsvc6.DLL
0x00007ff93bef0000 - 0x00007ff93bf0c000 	C:\WINDOWS\SYSTEM32\dhcpcsvc.DLL
0x00007ff93f630000 - 0x00007ff93f6f6000 	C:\WINDOWS\SYSTEM32\DNSAPI.dll
0x00007ff93c4d0000 - 0x00007ff93c4db000 	C:\WINDOWS\SYSTEM32\WINNSI.DLL

VM Arguments:
jvm_args: -Xmx2048m -Dfile.encoding=UTF-8 -Duser.country=US -Duser.language=en -Duser.variant 
java_command: org.gradle.launcher.daemon.bootstrap.GradleDaemon 6.5
java_class_path (initial): C:\Users\kishorek\.gradle\wrapper\dists\gradle-6.5-all\2oz4ud9k3tuxjg84bbf55q0tn\gradle-6.5\lib\gradle-launcher-6.5.jar
Launcher Type: SUN_STANDARD

Environment Variables:
PATH=C:\Program Files (x86)\Common Files\Intel\Shared Libraries\redist\intel64\compiler;C:\Program Files (x86)\Common Files\Oracle\Java\javapath;C:\Program Files (x86)\Common Files\Intel\Shared Files\cpp\bin\Intel64;C:\WINDOWS\system32;C:\WINDOWS;C:\WINDOWS\System32\Wbem;C:\WINDOWS\System32\WindowsPowerShell\v1.0\;C:\WINDOWS\System32\OpenSSH\;C:\Program Files\Git\cmd;C:\ProgramData\chocolatey\bin;C:\Program Files\nodejs\;C:\Program Files\Java\jre1.8.0_271\bin;C:\flutter\bin;C:\Program Files\Graphviz\bin\dot.exe;C:\Windows\SysWOW64\msvcp140.dll;C:\Program Files\LLVM\bin;C:\poppler\bin;C:\Users\kishorek\AppData\Local\Programs\Python\Python39\Scripts\;C:\Users\kishorek\AppData\Local\Programs\Python\Python39\;C:\Users\kishorek\AppData\Local\Microsoft\WindowsApps;C:\Users\kishorek\AppData\Local\Programs\Microsoft VS Code\bin;C:\Program Files\heroku\bin;
USERNAME=kishorek
OS=Windows_NT
PROCESSOR_IDENTIFIER=Intel64 Family 6 Model 158 Stepping 9, GenuineIntel



---------------  S Y S T E M  ---------------

OS: Windows 10.0 , 64 bit Build 17763 (10.0.17763.475)

CPU:total 4 (initial active 4) (2 cores per cpu, 2 threads per core) family 6 model 158 stepping 9, cmov, cx8, fxsr, mmx, sse, sse2, sse3, ssse3, sse4.1, sse4.2, popcnt, avx, avx2, aes, clmul, erms, 3dnowpref, lzcnt, ht, tsc, tscinvbit, bmi1, bmi2, adx

Memory: 4k page, physical 8072532k(1782328k free), swap 12168532k(5128k free)

vm_info: OpenJDK 64-Bit Server VM (25.242-b01) for windows-amd64 JRE (1.8.0_242-release-1644-b01), built by "builder" with MS VC++ 10.0 (VS2010)

time: Thu Mar 11 12:54:45 2021
timezone: India Standard Time
elapsed time: 26 seconds (0d 0h 0m 26s)

